# JRE version: OpenJDK Runtime Environment (11.0.10) (build 11.0.10+0-b96-7249189)
# Java VM: OpenJDK 64-Bit Server VM (11.0.10+0-b96-7249189, mixed mode, tiered, compressed oops, g1 gc, windows-amd64)
Heap:
 garbage-first heap   total 305152K, used 193977K [0x0000000080000000, 0x0000000100000000)
  region size 1024K, 3 young (3072K), 3 survivors (3072K)
 Metaspace       used 114844K, capacity 117947K, committed 119168K, reserved 1153024K
  class space    used 14814K, capacity 15981K, committed 16512K, reserved 1048576K
GC Heap History (20 events):
Event: 62.606 GC heap after
{Heap after GC invocations=61 (full 0):
 garbage-first heap   total 245760K, used 166501K [0x0000000080000000, 0x0000000100000000)
  region size 1024K, 2 young (2048K), 2 survivors (2048K)
 Metaspace       used 115156K, capacity 118661K, committed 118912K, reserved 1150976K
  class space    used 15043K, capacity 16402K, committed 16512K, reserved 1048576K
}
Event: 63.106 GC heap before
{Heap before GC invocations=61 (full 0):
 garbage-first heap   total 245760K, used 198245K [0x0000000080000000, 0x0000000100000000)
  region size 1024K, 34 young (34816K), 2 survivors (2048K)
 Metaspace       used 115237K, capacity 118670K, committed 118912K, reserved 1150976K
  class space    used 15043K, capacity 16402K, committed 16512K, reserved 1048576K
}
Event: 63.128 GC heap after
{Heap after GC invocations=62 (full 0):
 garbage-first heap   total 245760K, used 184169K [0x0000000080000000, 0x0000000100000000)
  region size 1024K, 5 young (5120K), 5 survivors (5120K)
 Metaspace       used 115237K, capacity 118670K, committed 118912K, reserved 1150976K
  class space    used 15043K, capacity 16402K, committed 16512K, reserved 1048576K
}
Event: 63.280 GC heap before
{Heap before GC invocations=62 (full 0):
 garbage-first heap   total 245760K, used 205673K [0x0000000080000000, 0x0000000100000000)
  region size 1024K, 24 young (24576K), 5 survivors (5120K)
 Metaspace       used 115239K, capacity 118734K, committed 119168K, reserved 1153024K
  class space    used 15043K, capacity 16402K, committed 16512K, reserved 1048576K
}
Event: 63.293 GC heap after
{Heap after GC invocations=63 (full 0):
 garbage-first heap   total 245760K, used 197204K [0x0000000080000000, 0x0000000100000000)
  region size 1024K, 3 young (3072K), 3 survivors (3072K)
 Metaspace       used 115239K, capacity 118734K, committed 119168K, reserved 1153024K
  class space    used 15043K, capacity 16402K, committed 16512K, reserved 1048576K
}
Event: 63.456 GC heap before
{Heap before GC invocations=63 (full 0):
 garbage-first heap   total 245760K, used 206420K [0x0000000080000000, 0x0000000100000000)
  region size 1024K, 14 young (14336K), 3 survivors (3072K)
 Metaspace       used 114663K, capacity 117736K, committed 119168K, reserved 1153024K
  class space    used 14816K, capacity 15985K, committed 16512K, reserved 1048576K
}
Event: 63.468 GC heap after
{Heap after GC invocations=64 (full 0):
 garbage-first heap   total 245760K, used 199680K [0x0000000080000000, 0x0000000100000000)
  region size 1024K, 2 young (2048K), 2 survivors (2048K)
 Metaspace       used 114663K, capacity 117736K, committed 119168K, reserved 1153024K
  class space    used 14816K, capacity 15985K, committed 16512K, reserved 1048576K
}
Event: 63.544 GC heap before
{Heap before GC invocations=64 (full 0):
 garbage-first heap   total 245760K, used 209920K [0x0000000080000000, 0x0000000100000000)
  region size 1024K, 12 young (12288K), 2 survivors (2048K)
 Metaspace       used 114685K, capacity 117802K, committed 119168K, reserved 1153024K
  class space    used 14816K, capacity 15985K, committed 16512K, reserved 1048576K
}
Event: 63.557 GC heap after
{Heap after GC invocations=65 (full 0):
 garbage-first heap   total 245760K, used 202727K [0x0000000080000000, 0x0000000100000000)
  region size 1024K, 2 young (2048K), 2 survivors (2048K)
 Metaspace       used 114685K, capacity 117802K, committed 119168K, reserved 1153024K
  class space    used 14816K, capacity 15985K, committed 16512K, reserved 1048576K
}
Event: 63.880 GC heap before
{Heap before GC invocations=66 (full 0):
 garbage-first heap   total 245760K, used 212967K [0x0000000080000000, 0x0000000100000000)
  region size 1024K, 12 young (12288K), 2 survivors (2048K)
 Metaspace       used 114749K, capacity 117893K, committed 119168K, reserved 1153024K
  class space    used 14818K, capacity 15989K, committed 16512K, reserved 1048576K
}
Event: 63.892 GC heap after
{Heap after GC invocations=67 (full 0):
 garbage-first heap   total 245760K, used 204417K [0x0000000080000000, 0x0000000100000000)
  region size 1024K, 2 young (2048K), 2 survivors (2048K)
 Metaspace       used 114749K, capacity 117893K, committed 119168K, reserved 1153024K
  class space    used 14818K, capacity 15989K, committed 16512K, reserved 1048576K
}
Event: 63.970 GC heap before
{Heap before GC invocations=67 (full 0):
 garbage-first heap   total 245760K, used 214657K [0x0000000080000000, 0x0000000100000000)
  region size 1024K, 12 young (12288K), 2 survivors (2048K)
 Metaspace       used 114750K, capacity 117893K, committed 119168K, reserved 1153024K
  class space    used 14818K, capacity 15989K, committed 16512K, reserved 1048576K
}
Event: 63.981 GC heap after
{Heap after GC invocations=68 (full 0):
 garbage-first heap   total 245760K, used 190459K [0x0000000080000000, 0x0000000100000000)
  region size 1024K, 1 young (1024K), 1 survivors (1024K)
 Metaspace       used 114750K, capacity 117893K, committed 119168K, reserved 1153024K
  class space    used 14818K, capacity 15989K, committed 16512K, reserved 1048576K
}
Event: 64.150 GC heap before
{Heap before GC invocations=68 (full 0):
 garbage-first heap   total 245760K, used 205819K [0x0000000080000000, 0x0000000100000000)
  region size 1024K, 16 young (16384K), 1 survivors (1024K)
 Metaspace       used 114839K, capacity 117971K, committed 119168K, reserved 1153024K
  class space    used 14818K, capacity 15989K, committed 16512K, reserved 1048576K
}
Event: 64.163 GC heap after
{Heap after GC invocations=69 (full 0):
 garbage-first heap   total 245760K, used 194195K [0x0000000080000000, 0x0000000100000000)
  region size 1024K, 2 young (2048K), 2 survivors (2048K)
 Metaspace       used 114839K, capacity 117971K, committed 119168K, reserved 1153024K
  class space    used 14818K, capacity 15989K, committed 16512K, reserved 1048576K
}
Event: 64.306 GC heap before
{Heap before GC invocations=69 (full 0):
 garbage-first heap   total 245760K, used 207507K [0x0000000080000000, 0x0000000100000000)
  region size 1024K, 15 young (15360K), 2 survivors (2048K)
 Metaspace       used 114850K, capacity 117971K, committed 119168K, reserved 1153024K
  class space    used 14818K, capacity 15989K, committed 16512K, reserved 1048576K
}
Event: 64.318 GC heap after
{Heap after GC invocations=70 (full 0):
 garbage-first heap   total 245760K, used 197590K [0x0000000080000000, 0x0000000100000000)
  region size 1024K, 2 young (2048K), 2 survivors (2048K)
 Metaspace       used 114850K, capacity 117971K, committed 119168K, reserved 1153024K
  class space    used 14818K, capacity 15989K, committed 16512K, reserved 1048576K
}
Event: 64.658 GC heap before
{Heap before GC invocations=70 (full 0):
 garbage-first heap   total 245760K, used 198614K [0x0000000080000000, 0x0000000100000000)
  region size 1024K, 14 young (14336K), 2 survivors (2048K)
 Metaspace       used 114840K, capacity 117947K, committed 119168K, reserved 1153024K
  class space    used 14814K, capacity 15981K, committed 16512K, reserved 1048576K
}
Event: 64.671 GC heap after
{Heap after GC invocations=71 (full 0):
 garbage-first heap   total 245760K, used 189938K [0x0000000080000000, 0x0000000100000000)
  region size 1024K, 2 young (2048K), 2 survivors (2048K)
 Metaspace       used 114840K, capacity 117947K, committed 119168K, reserved 1153024K
  class space    used 14814K, capacity 15981K, committed 16512K, reserved 1048576K
}
Event: 64.882 GC heap before
{Heap before GC invocations=72 (full 0):
 garbage-first heap   total 245760K, used 206322K [0x0000000080000000, 0x0000000100000000)
  region size 1024K, 17 young (17408K), 2 survivors (2048K)
 Metaspace       used 114844K, capacity 117947K, committed 119168K, reserved 1153024K
  class space    used 14814K, capacity 15981K, committed 16512K, reserved 1048576K
}

