# JRE version: OpenJDK Runtime Environment (11.0.10) (build 11.0.10+0-b96-7249189)
# Java VM: OpenJDK 64-Bit Server VM (11.0.10+0-b96-7249189, mixed mode, tiered, compressed oops, g1 gc, windows-amd64)
Heap:
 garbage-first heap   total 276480K, used 155298K [0x0000000080000000, 0x0000000100000000)
  region size 1024K, 4 young (4096K), 4 survivors (4096K)
 Metaspace       used 120129K, capacity 123751K, committed 124032K, reserved 1157120K
  class space    used 15162K, capacity 16444K, committed 16512K, reserved 1048576K
GC Heap History (20 events):
Event: 50.615 GC heap after
{Heap after GC invocations=56 (full 0):
 garbage-first heap   total 209920K, used 129771K [0x0000000080000000, 0x0000000100000000)
  region size 1024K, 1 young (1024K), 1 survivors (1024K)
 Metaspace       used 118261K, capacity 121729K, committed 121856K, reserved 1155072K
  class space    used 14872K, capacity 16084K, committed 16128K, reserved 1048576K
}
Event: 50.803 GC heap before
{Heap before GC invocations=56 (full 0):
 garbage-first heap   total 209920K, used 168683K [0x0000000080000000, 0x0000000100000000)
  region size 1024K, 39 young (39936K), 1 survivors (1024K)
 Metaspace       used 118262K, capacity 121729K, committed 121856K, reserved 1155072K
  class space    used 14872K, capacity 16084K, committed 16128K, reserved 1048576K
}
Event: 50.806 GC heap after
{Heap after GC invocations=57 (full 0):
 garbage-first heap   total 209920K, used 129900K [0x0000000080000000, 0x0000000100000000)
  region size 1024K, 1 young (1024K), 1 survivors (1024K)
 Metaspace       used 118262K, capacity 121729K, committed 121856K, reserved 1155072K
  class space    used 14872K, capacity 16084K, committed 16128K, reserved 1048576K
}
Event: 51.032 GC heap before
{Heap before GC invocations=58 (full 0):
 garbage-first heap   total 209920K, used 169836K [0x0000000080000000, 0x0000000100000000)
  region size 1024K, 40 young (40960K), 1 survivors (1024K)
 Metaspace       used 118265K, capacity 121729K, committed 121856K, reserved 1155072K
  class space    used 14872K, capacity 16084K, committed 16128K, reserved 1048576K
}
Event: 51.034 GC heap after
{Heap after GC invocations=59 (full 0):
 garbage-first heap   total 209920K, used 130106K [0x0000000080000000, 0x0000000100000000)
  region size 1024K, 1 young (1024K), 1 survivors (1024K)
 Metaspace       used 118265K, capacity 121729K, committed 121856K, reserved 1155072K
  class space    used 14872K, capacity 16084K, committed 16128K, reserved 1048576K
}
Event: 51.071 GC heap before
{Heap before GC invocations=59 (full 0):
 garbage-first heap   total 209920K, used 139322K [0x0000000080000000, 0x0000000100000000)
  region size 1024K, 10 young (10240K), 1 survivors (1024K)
 Metaspace       used 118265K, capacity 121729K, committed 121856K, reserved 1155072K
  class space    used 14872K, capacity 16084K, committed 16128K, reserved 1048576K
}
Event: 51.073 GC heap after
{Heap after GC invocations=60 (full 0):
 garbage-first heap   total 209920K, used 129799K [0x0000000080000000, 0x0000000100000000)
  region size 1024K, 1 young (1024K), 1 survivors (1024K)
 Metaspace       used 118265K, capacity 121729K, committed 121856K, reserved 1155072K
  class space    used 14872K, capacity 16084K, committed 16128K, reserved 1048576K
}
Event: 51.253 GC heap before
{Heap before GC invocations=60 (full 0):
 garbage-first heap   total 209920K, used 171783K [0x0000000080000000, 0x0000000100000000)
  region size 1024K, 42 young (43008K), 1 survivors (1024K)
 Metaspace       used 118281K, capacity 121735K, committed 121856K, reserved 1155072K
  class space    used 14873K, capacity 16086K, committed 16128K, reserved 1048576K
}
Event: 51.255 GC heap after
{Heap after GC invocations=61 (full 0):
 garbage-first heap   total 209920K, used 127003K [0x0000000080000000, 0x0000000100000000)
  region size 1024K, 1 young (1024K), 1 survivors (1024K)
 Metaspace       used 118281K, capacity 121735K, committed 121856K, reserved 1155072K
  class space    used 14873K, capacity 16086K, committed 16128K, reserved 1048576K
}
Event: 51.543 GC heap before
{Heap before GC invocations=62 (full 0):
 garbage-first heap   total 209920K, used 175131K [0x0000000080000000, 0x0000000100000000)
  region size 1024K, 45 young (46080K), 1 survivors (1024K)
 Metaspace       used 118625K, capacity 122154K, committed 122240K, reserved 1155072K
  class space    used 14930K, capacity 16180K, committed 16256K, reserved 1048576K
}
Event: 51.547 GC heap after
{Heap after GC invocations=63 (full 0):
 garbage-first heap   total 209920K, used 130688K [0x0000000080000000, 0x0000000100000000)
  region size 1024K, 2 young (2048K), 2 survivors (2048K)
 Metaspace       used 118625K, capacity 122154K, committed 122240K, reserved 1155072K
  class space    used 14930K, capacity 16180K, committed 16256K, reserved 1048576K
}
Event: 51.653 GC heap before
{Heap before GC invocations=63 (full 0):
 garbage-first heap   total 209920K, used 174720K [0x0000000080000000, 0x0000000100000000)
  region size 1024K, 45 young (46080K), 2 survivors (2048K)
 Metaspace       used 118918K, capacity 122475K, committed 122752K, reserved 1155072K
  class space    used 14970K, capacity 16221K, committed 16256K, reserved 1048576K
}
Event: 51.659 GC heap after
{Heap after GC invocations=64 (full 0):
 garbage-first heap   total 209920K, used 134896K [0x0000000080000000, 0x0000000100000000)
  region size 1024K, 6 young (6144K), 6 survivors (6144K)
 Metaspace       used 118918K, capacity 122475K, committed 122752K, reserved 1155072K
  class space    used 14970K, capacity 16221K, committed 16256K, reserved 1048576K
}
Event: 51.756 GC heap before
{Heap before GC invocations=64 (full 0):
 garbage-first heap   total 209920K, used 174832K [0x0000000080000000, 0x0000000100000000)
  region size 1024K, 46 young (47104K), 6 survivors (6144K)
 Metaspace       used 119255K, capacity 122826K, committed 123136K, reserved 1157120K
  class space    used 15012K, capacity 16272K, committed 16384K, reserved 1048576K
}
Event: 51.766 GC heap after
{Heap after GC invocations=65 (full 0):
 garbage-first heap   total 209920K, used 144821K [0x0000000080000000, 0x0000000100000000)
  region size 1024K, 6 young (6144K), 6 survivors (6144K)
 Metaspace       used 119255K, capacity 122826K, committed 123136K, reserved 1157120K
  class space    used 15012K, capacity 16272K, committed 16384K, reserved 1048576K
}
Event: 51.769 GC heap before
{Heap before GC invocations=65 (full 0):
 garbage-first heap   total 209920K, used 145845K [0x0000000080000000, 0x0000000100000000)
  region size 1024K, 9 young (9216K), 6 survivors (6144K)
 Metaspace       used 119255K, capacity 122826K, committed 123136K, reserved 1157120K
  class space    used 15012K, capacity 16272K, committed 16384K, reserved 1048576K
}
Event: 51.775 GC heap after
{Heap after GC invocations=66 (full 0):
 garbage-first heap   total 209920K, used 143841K [0x0000000080000000, 0x0000000100000000)
  region size 1024K, 2 young (2048K), 2 survivors (2048K)
 Metaspace       used 119255K, capacity 122826K, committed 123136K, reserved 1157120K
  class space    used 15012K, capacity 16272K, committed 16384K, reserved 1048576K
}
Event: 51.837 GC heap before
{Heap before GC invocations=66 (full 0):
 garbage-first heap   total 209920K, used 170465K [0x0000000080000000, 0x0000000100000000)
  region size 1024K, 27 young (27648K), 2 survivors (2048K)
 Metaspace       used 119429K, capacity 122955K, committed 123136K, reserved 1157120K
  class space    used 15044K, capacity 16301K, committed 16384K, reserved 1048576K
}
Event: 51.841 GC heap after
{Heap after GC invocations=67 (full 0):
 garbage-first heap   total 209920K, used 151040K [0x0000000080000000, 0x0000000100000000)
  region size 1024K, 4 young (4096K), 4 survivors (4096K)
 Metaspace       used 119429K, capacity 122955K, committed 123136K, reserved 1157120K
  class space    used 15044K, capacity 16301K, committed 16384K, reserved 1048576K
}
Event: 51.920 GC heap before
{Heap before GC invocations=67 (full 0):
 garbage-first heap   total 209920K, used 171520K [0x0000000080000000, 0x0000000100000000)
  region size 1024K, 25 young (25600K), 4 survivors (4096K)
 Metaspace       used 120129K, capacity 123751K, committed 124032K, reserved 1157120K
  class space    used 15162K, capacity 16444K, committed 16512K, reserved 1048576K
}

