# JRE version: OpenJDK Runtime Environment (11.0.10) (build 11.0.10+0-b96-7249189)
# Java VM: OpenJDK 64-Bit Server VM (11.0.10+0-b96-7249189, mixed mode, tiered, compressed oops, g1 gc, windows-amd64)
Heap:
 garbage-first heap   total 399360K, used 237035K [0x0000000080000000, 0x0000000100000000)
  region size 1024K, 18 young (18432K), 2 survivors (2048K)
 Metaspace       used 132920K, capacity 136306K, committed 137164K, reserved 1167360K
  class space    used 16656K, capacity 17954K, committed 18380K, reserved 1048576K
GC Heap History (20 events):
Event: 79.201 GC heap before
{Heap before GC invocations=75 (full 0):
 garbage-first heap   total 238592K, used 202010K [0x0000000080000000, 0x0000000100000000)
  region size 1024K, 11 young (11264K), 2 survivors (2048K)
 Metaspace       used 127169K, capacity 130431K, committed 131532K, reserved 1163264K
  class space    used 16115K, capacity 17345K, committed 17868K, reserved 1048576K
}
Event: 79.205 GC heap after
{Heap after GC invocations=76 (full 0):
 garbage-first heap   total 238592K, used 192636K [0x0000000080000000, 0x0000000100000000)
  region size 1024K, 2 young (2048K), 2 survivors (2048K)
 Metaspace       used 127169K, capacity 130431K, committed 131532K, reserved 1163264K
  class space    used 16115K, capacity 17345K, committed 17868K, reserved 1048576K
}
Event: 79.314 GC heap before
{Heap before GC invocations=76 (full 0):
 garbage-first heap   total 238592K, used 202876K [0x0000000080000000, 0x0000000100000000)
  region size 1024K, 12 young (12288K), 2 survivors (2048K)
 Metaspace       used 127185K, capacity 130446K, committed 131532K, reserved 1163264K
  class space    used 16117K, capacity 17349K, committed 17868K, reserved 1048576K
}
Event: 79.319 GC heap after
{Heap after GC invocations=77 (full 0):
 garbage-first heap   total 238592K, used 193431K [0x0000000080000000, 0x0000000100000000)
  region size 1024K, 2 young (2048K), 2 survivors (2048K)
 Metaspace       used 127185K, capacity 130446K, committed 131532K, reserved 1163264K
  class space    used 16117K, capacity 17349K, committed 17868K, reserved 1048576K
}
Event: 79.567 GC heap before
{Heap before GC invocations=78 (full 0):
 garbage-first heap   total 238592K, used 193431K [0x0000000080000000, 0x0000000100000000)
  region size 1024K, 13 young (13312K), 2 survivors (2048K)
 Metaspace       used 127227K, capacity 130440K, committed 131788K, reserved 1163264K
  class space    used 16100K, capacity 17315K, committed 17868K, reserved 1048576K
}
Event: 79.576 GC heap after
{Heap after GC invocations=79 (full 0):
 garbage-first heap   total 238592K, used 184591K [0x0000000080000000, 0x0000000100000000)
  region size 1024K, 2 young (2048K), 2 survivors (2048K)
 Metaspace       used 127227K, capacity 130440K, committed 131788K, reserved 1163264K
  class space    used 16100K, capacity 17315K, committed 17868K, reserved 1048576K
}
Event: 79.700 GC heap before
{Heap before GC invocations=79 (full 0):
 garbage-first heap   total 238592K, used 192783K [0x0000000080000000, 0x0000000100000000)
  region size 1024K, 11 young (11264K), 2 survivors (2048K)
 Metaspace       used 127238K, capacity 130440K, committed 131788K, reserved 1163264K
  class space    used 16100K, capacity 17315K, committed 17868K, reserved 1048576K
}
Event: 79.721 GC heap after
{Heap after GC invocations=80 (full 0):
 garbage-first heap   total 238592K, used 177922K [0x0000000080000000, 0x0000000100000000)
  region size 1024K, 2 young (2048K), 2 survivors (2048K)
 Metaspace       used 127238K, capacity 130440K, committed 131788K, reserved 1163264K
  class space    used 16100K, capacity 17315K, committed 17868K, reserved 1048576K
}
Event: 79.977 GC heap before
{Heap before GC invocations=80 (full 0):
 garbage-first heap   total 238592K, used 194306K [0x0000000080000000, 0x0000000100000000)
  region size 1024K, 18 young (18432K), 2 survivors (2048K)
 Metaspace       used 127244K, capacity 130440K, committed 131788K, reserved 1163264K
  class space    used 16100K, capacity 17315K, committed 17868K, reserved 1048576K
}
Event: 79.990 GC heap after
{Heap after GC invocations=81 (full 0):
 garbage-first heap   total 238592K, used 181977K [0x0000000080000000, 0x0000000100000000)
  region size 1024K, 3 young (3072K), 3 survivors (3072K)
 Metaspace       used 127244K, capacity 130440K, committed 131788K, reserved 1163264K
  class space    used 16100K, capacity 17315K, committed 17868K, reserved 1048576K
}
Event: 80.158 GC heap before
{Heap before GC invocations=81 (full 0):
 garbage-first heap   total 238592K, used 198361K [0x0000000080000000, 0x0000000100000000)
  region size 1024K, 18 young (18432K), 3 survivors (3072K)
 Metaspace       used 127250K, capacity 130440K, committed 131788K, reserved 1163264K
  class space    used 16100K, capacity 17315K, committed 17868K, reserved 1048576K
}
Event: 80.170 GC heap after
{Heap after GC invocations=82 (full 0):
 garbage-first heap   total 238592K, used 185882K [0x0000000080000000, 0x0000000100000000)
  region size 1024K, 3 young (3072K), 3 survivors (3072K)
 Metaspace       used 127250K, capacity 130440K, committed 131788K, reserved 1163264K
  class space    used 16100K, capacity 17315K, committed 17868K, reserved 1048576K
}
Event: 80.205 GC heap before
{Heap before GC invocations=82 (full 0):
 garbage-first heap   total 238592K, used 188954K [0x0000000080000000, 0x0000000100000000)
  region size 1024K, 7 young (7168K), 3 survivors (3072K)
 Metaspace       used 127252K, capacity 130441K, committed 131788K, reserved 1163264K
  class space    used 16100K, capacity 17315K, committed 17868K, reserved 1048576K
}
Event: 80.224 GC heap after
{Heap after GC invocations=83 (full 0):
 garbage-first heap   total 399360K, used 186877K [0x0000000080000000, 0x0000000100000000)
  region size 1024K, 1 young (1024K), 1 survivors (1024K)
 Metaspace       used 127252K, capacity 130441K, committed 131788K, reserved 1163264K
  class space    used 16100K, capacity 17315K, committed 17868K, reserved 1048576K
}
Event: 82.559 GC heap before
{Heap before GC invocations=84 (full 0):
 garbage-first heap   total 399360K, used 273917K [0x0000000080000000, 0x0000000100000000)
  region size 1024K, 67 young (68608K), 1 survivors (1024K)
 Metaspace       used 127362K, capacity 130548K, committed 131788K, reserved 1163264K
  class space    used 16108K, capacity 17327K, committed 17868K, reserved 1048576K
}
Event: 82.583 GC heap after
{Heap after GC invocations=85 (full 0):
 garbage-first heap   total 399360K, used 214310K [0x0000000080000000, 0x0000000100000000)
  region size 1024K, 9 young (9216K), 9 survivors (9216K)
 Metaspace       used 127362K, capacity 130548K, committed 131788K, reserved 1163264K
  class space    used 16108K, capacity 17327K, committed 17868K, reserved 1048576K
}
Event: 83.104 GC heap before
{Heap before GC invocations=85 (full 0):
 garbage-first heap   total 399360K, used 285990K [0x0000000080000000, 0x0000000100000000)
  region size 1024K, 70 young (71680K), 9 survivors (9216K)
 Metaspace       used 127508K, capacity 130702K, committed 131788K, reserved 1163264K
  class space    used 16109K, capacity 17327K, committed 17868K, reserved 1048576K
}
Event: 83.117 GC heap after
{Heap after GC invocations=86 (full 0):
 garbage-first heap   total 399360K, used 228353K [0x0000000080000000, 0x0000000100000000)
  region size 1024K, 6 young (6144K), 6 survivors (6144K)
 Metaspace       used 127508K, capacity 130702K, committed 131788K, reserved 1163264K
  class space    used 16109K, capacity 17327K, committed 17868K, reserved 1048576K
}
Event: 86.095 GC heap before
{Heap before GC invocations=86 (full 0):
 garbage-first heap   total 399360K, used 314369K [0x0000000080000000, 0x0000000100000000)
  region size 1024K, 67 young (68608K), 6 survivors (6144K)
 Metaspace       used 130771K, capacity 134045K, committed 134988K, reserved 1165312K
  class space    used 16484K, capacity 17765K, committed 18252K, reserved 1048576K
}
Event: 86.105 GC heap after
{Heap after GC invocations=87 (full 0):
 garbage-first heap   total 399360K, used 221675K [0x0000000080000000, 0x0000000100000000)
  region size 1024K, 2 young (2048K), 2 survivors (2048K)
 Metaspace       used 130771K, capacity 134045K, committed 134988K, reserved 1165312K
  class space    used 16484K, capacity 17765K, committed 18252K, reserved 1048576K
}

