# JRE version: OpenJDK Runtime Environment (11.0.10) (build 11.0.10+0-b96-7249189)
# Java VM: OpenJDK 64-Bit Server VM (11.0.10+0-b96-7249189, mixed mode, tiered, compressed oops, g1 gc, windows-amd64)
Heap:
 garbage-first heap   total 618496K, used 203750K [0x0000000080000000, 0x0000000100000000)
  region size 1024K, 2 young (2048K), 2 survivors (2048K)
 Metaspace       used 139797K, capacity 143354K, committed 143564K, reserved 1175552K
  class space    used 17049K, capacity 18328K, committed 18432K, reserved 1048576K
GC Heap History (20 events):
Event: 149.944 GC heap after
{Heap after GC invocations=101 (full 0):
 garbage-first heap   total 248832K, used 160702K [0x0000000080000000, 0x0000000100000000)
  region size 1024K, 4 young (4096K), 4 survivors (4096K)
 Metaspace       used 134240K, capacity 137514K, committed 137676K, reserved 1169408K
  class space    used 16384K, capacity 17593K, committed 17664K, reserved 1048576K
}
Event: 150.534 GC heap before
{Heap before GC invocations=102 (full 0):
 garbage-first heap   total 248832K, used 196542K [0x0000000080000000, 0x0000000100000000)
  region size 1024K, 50 young (51200K), 4 survivors (4096K)
 Metaspace       used 135599K, capacity 138958K, committed 139084K, reserved 1171456K
  class space    used 16516K, capacity 17772K, committed 17792K, reserved 1048576K
}
Event: 150.543 GC heap after
{Heap after GC invocations=103 (full 0):
 garbage-first heap   total 248832K, used 151853K [0x0000000080000000, 0x0000000100000000)
  region size 1024K, 5 young (5120K), 5 survivors (5120K)
 Metaspace       used 135599K, capacity 138958K, committed 139084K, reserved 1171456K
  class space    used 16516K, capacity 17772K, committed 17792K, reserved 1048576K
}
Event: 150.628 GC heap before
{Heap before GC invocations=103 (full 0):
 garbage-first heap   total 248832K, used 157997K [0x0000000080000000, 0x0000000100000000)
  region size 1024K, 12 young (12288K), 5 survivors (5120K)
 Metaspace       used 135617K, capacity 138959K, committed 139084K, reserved 1171456K
  class space    used 16516K, capacity 17772K, committed 17792K, reserved 1048576K
}
Event: 150.648 GC heap after
{Heap after GC invocations=104 (full 0):
 garbage-first heap   total 248832K, used 139199K [0x0000000080000000, 0x0000000100000000)
  region size 1024K, 1 young (1024K), 1 survivors (1024K)
 Metaspace       used 135617K, capacity 138959K, committed 139084K, reserved 1171456K
  class space    used 16516K, capacity 17772K, committed 17792K, reserved 1048576K
}
Event: 151.392 GC heap before
{Heap before GC invocations=104 (full 0):
 garbage-first heap   total 248832K, used 197567K [0x0000000080000000, 0x0000000100000000)
  region size 1024K, 60 young (61440K), 1 survivors (1024K)
 Metaspace       used 135987K, capacity 139256K, committed 139340K, reserved 1171456K
  class space    used 16555K, capacity 17780K, committed 17792K, reserved 1048576K
}
Event: 151.398 GC heap after
{Heap after GC invocations=105 (full 0):
 garbage-first heap   total 248832K, used 139771K [0x0000000080000000, 0x0000000100000000)
  region size 1024K, 2 young (2048K), 2 survivors (2048K)
 Metaspace       used 135987K, capacity 139256K, committed 139340K, reserved 1171456K
  class space    used 16555K, capacity 17780K, committed 17792K, reserved 1048576K
}
Event: 151.732 GC heap before
{Heap before GC invocations=106 (full 0):
 garbage-first heap   total 248832K, used 213499K [0x0000000080000000, 0x0000000100000000)
  region size 1024K, 66 young (67584K), 2 survivors (2048K)
 Metaspace       used 136136K, capacity 139468K, committed 139596K, reserved 1171456K
  class space    used 16569K, capacity 17785K, committed 17792K, reserved 1048576K
}
Event: 151.741 GC heap after
{Heap after GC invocations=107 (full 0):
 garbage-first heap   total 248832K, used 146447K [0x0000000080000000, 0x0000000100000000)
  region size 1024K, 6 young (6144K), 6 survivors (6144K)
 Metaspace       used 136136K, capacity 139468K, committed 139596K, reserved 1171456K
  class space    used 16569K, capacity 17785K, committed 17792K, reserved 1048576K
}
Event: 151.748 GC heap before
{Heap before GC invocations=107 (full 0):
 garbage-first heap   total 248832K, used 152591K [0x0000000080000000, 0x0000000100000000)
  region size 1024K, 12 young (12288K), 6 survivors (6144K)
 Metaspace       used 136151K, capacity 139535K, committed 139596K, reserved 1171456K
  class space    used 16570K, capacity 17786K, committed 17792K, reserved 1048576K
}
Event: 151.758 GC heap after
{Heap after GC invocations=108 (full 0):
 garbage-first heap   total 248832K, used 143047K [0x0000000080000000, 0x0000000100000000)
  region size 1024K, 2 young (2048K), 2 survivors (2048K)
 Metaspace       used 136151K, capacity 139535K, committed 139596K, reserved 1171456K
  class space    used 16570K, capacity 17786K, committed 17792K, reserved 1048576K
}
Event: 151.868 GC heap before
{Heap before GC invocations=108 (full 0):
 garbage-first heap   total 248832K, used 191175K [0x0000000080000000, 0x0000000100000000)
  region size 1024K, 51 young (52224K), 2 survivors (2048K)
 Metaspace       used 136626K, capacity 140028K, committed 140236K, reserved 1171456K
  class space    used 16640K, capacity 17885K, committed 17920K, reserved 1048576K
}
Event: 151.883 GC heap after
{Heap after GC invocations=109 (full 0):
 garbage-first heap   total 309248K, used 154535K [0x0000000080000000, 0x0000000100000000)
  region size 1024K, 8 young (8192K), 8 survivors (8192K)
 Metaspace       used 136626K, capacity 140028K, committed 140236K, reserved 1171456K
  class space    used 16640K, capacity 17885K, committed 17920K, reserved 1048576K
}
Event: 152.536 GC heap before
{Heap before GC invocations=110 (full 0):
 garbage-first heap   total 309248K, used 247719K [0x0000000080000000, 0x0000000100000000)
  region size 1024K, 98 young (100352K), 8 survivors (8192K)
 Metaspace       used 137903K, capacity 141421K, committed 141772K, reserved 1173504K
  class space    used 16821K, capacity 18078K, committed 18176K, reserved 1048576K
}
Event: 152.590 GC heap after
{Heap after GC invocations=111 (full 0):
 garbage-first heap   total 309248K, used 176224K [0x0000000080000000, 0x0000000100000000)
  region size 1024K, 13 young (13312K), 13 survivors (13312K)
 Metaspace       used 137903K, capacity 141421K, committed 141772K, reserved 1173504K
  class space    used 16821K, capacity 18078K, committed 18176K, reserved 1048576K
}
Event: 152.863 GC heap before
{Heap before GC invocations=111 (full 0):
 garbage-first heap   total 309248K, used 244832K [0x0000000080000000, 0x0000000100000000)
  region size 1024K, 81 young (82944K), 13 survivors (13312K)
 Metaspace       used 139118K, capacity 142683K, committed 142924K, reserved 1173504K
  class space    used 16995K, capacity 18284K, committed 18304K, reserved 1048576K
}
Event: 152.936 GC heap after
{Heap after GC invocations=112 (full 0):
 garbage-first heap   total 309248K, used 188199K [0x0000000080000000, 0x0000000100000000)
  region size 1024K, 11 young (11264K), 11 survivors (11264K)
 Metaspace       used 139118K, capacity 142683K, committed 142924K, reserved 1173504K
  class space    used 16995K, capacity 18284K, committed 18304K, reserved 1048576K
}
Event: 153.774 GC heap before
{Heap before GC invocations=113 (full 0):
 garbage-first heap   total 309248K, used 247591K [0x0000000080000000, 0x0000000100000000)
  region size 1024K, 69 young (70656K), 11 survivors (11264K)
 Metaspace       used 139733K, capacity 143240K, committed 143564K, reserved 1175552K
  class space    used 17038K, capacity 18314K, committed 18432K, reserved 1048576K
}
Event: 153.813 GC heap after
{Heap after GC invocations=114 (full 0):
 garbage-first heap   total 309248K, used 201300K [0x0000000080000000, 0x0000000100000000)
  region size 1024K, 9 young (9216K), 9 survivors (9216K)
 Metaspace       used 139733K, capacity 143240K, committed 143564K, reserved 1175552K
  class space    used 17038K, capacity 18314K, committed 18432K, reserved 1048576K
}
Event: 153.851 GC heap before
{Heap before GC invocations=114 (full 0):
 garbage-first heap   total 309248K, used 207444K [0x0000000080000000, 0x0000000100000000)
  region size 1024K, 15 young (15360K), 9 survivors (9216K)
 Metaspace       used 139797K, capacity 143354K, committed 143564K, reserved 1175552K
  class space    used 17049K, capacity 18328K, committed 18432K, reserved 1048576K
}

