# JRE version: OpenJDK Runtime Environment (11.0.10) (build 11.0.10+0-b96-7249189)
# Java VM: OpenJDK 64-Bit Server VM (11.0.10+0-b96-7249189, mixed mode, tiered, compressed oops, g1 gc, windows-amd64)
Heap:
 garbage-first heap   total 608256K, used 186356K [0x0000000080000000, 0x0000000100000000)
  region size 1024K, 8 young (8192K), 8 survivors (8192K)
 Metaspace       used 100266K, capacity 102645K, committed 102732K, reserved 1138688K
  class space    used 12968K, capacity 13854K, committed 13900K, reserved 1048576K
GC Heap History (20 events):
Event: 14.890 GC heap after
{Heap after GC invocations=28 (full 0):
 garbage-first heap   total 206848K, used 110924K [0x0000000080000000, 0x0000000100000000)
  region size 1024K, 7 young (7168K), 7 survivors (7168K)
 Metaspace       used 93028K, capacity 95140K, committed 95564K, reserved 1132544K
  class space    used 11892K, capacity 12662K, committed 12876K, reserved 1048576K
}
Event: 15.002 GC heap before
{Heap before GC invocations=28 (full 0):
 garbage-first heap   total 206848K, used 159052K [0x0000000080000000, 0x0000000100000000)
  region size 1024K, 53 young (54272K), 7 survivors (7168K)
 Metaspace       used 93778K, capacity 95876K, committed 96460K, reserved 1132544K
  class space    used 11981K, capacity 12758K, committed 13004K, reserved 1048576K
}
Event: 15.009 GC heap after
{Heap after GC invocations=29 (full 0):
 garbage-first heap   total 206848K, used 121406K [0x0000000080000000, 0x0000000100000000)
  region size 1024K, 7 young (7168K), 7 survivors (7168K)
 Metaspace       used 93778K, capacity 95876K, committed 96460K, reserved 1132544K
  class space    used 11981K, capacity 12758K, committed 13004K, reserved 1048576K
}
Event: 15.336 GC heap before
{Heap before GC invocations=30 (full 0):
 garbage-first heap   total 206848K, used 155198K [0x0000000080000000, 0x0000000100000000)
  region size 1024K, 47 young (48128K), 7 survivors (7168K)
 Metaspace       used 96257K, capacity 98595K, committed 98764K, reserved 1134592K
  class space    used 12377K, capacity 13237K, committed 13260K, reserved 1048576K
}
Event: 15.353 GC heap after
{Heap after GC invocations=31 (full 0):
 garbage-first heap   total 206848K, used 119613K [0x0000000080000000, 0x0000000100000000)
  region size 1024K, 6 young (6144K), 6 survivors (6144K)
 Metaspace       used 96257K, capacity 98595K, committed 98764K, reserved 1134592K
  class space    used 12377K, capacity 13237K, committed 13260K, reserved 1048576K
}
Event: 15.365 GC heap before
{Heap before GC invocations=31 (full 0):
 garbage-first heap   total 206848K, used 123709K [0x0000000080000000, 0x0000000100000000)
  region size 1024K, 10 young (10240K), 6 survivors (6144K)
 Metaspace       used 96273K, capacity 98606K, committed 98764K, reserved 1134592K
  class space    used 12380K, capacity 13241K, committed 13260K, reserved 1048576K
}
Event: 15.376 GC heap after
{Heap after GC invocations=32 (full 0):
 garbage-first heap   total 206848K, used 119023K [0x0000000080000000, 0x0000000100000000)
  region size 1024K, 2 young (2048K), 2 survivors (2048K)
 Metaspace       used 96273K, capacity 98606K, committed 98764K, reserved 1134592K
  class space    used 12380K, capacity 13241K, committed 13260K, reserved 1048576K
}
Event: 15.464 GC heap before
{Heap before GC invocations=32 (full 0):
 garbage-first heap   total 206848K, used 158959K [0x0000000080000000, 0x0000000100000000)
  region size 1024K, 42 young (43008K), 2 survivors (2048K)
 Metaspace       used 96414K, capacity 98772K, committed 99020K, reserved 1134592K
  class space    used 12403K, capacity 13255K, committed 13260K, reserved 1048576K
}
Event: 15.482 GC heap after
{Heap after GC invocations=33 (full 0):
 garbage-first heap   total 206848K, used 130426K [0x0000000080000000, 0x0000000100000000)
  region size 1024K, 6 young (6144K), 6 survivors (6144K)
 Metaspace       used 96414K, capacity 98772K, committed 99020K, reserved 1134592K
  class space    used 12403K, capacity 13255K, committed 13260K, reserved 1048576K
}
Event: 15.848 GC heap before
{Heap before GC invocations=34 (full 0):
 garbage-first heap   total 206848K, used 163194K [0x0000000080000000, 0x0000000100000000)
  region size 1024K, 39 young (39936K), 6 survivors (6144K)
 Metaspace       used 96860K, capacity 99083K, committed 99660K, reserved 1136640K
  class space    used 12402K, capacity 13208K, committed 13388K, reserved 1048576K
}
Event: 15.869 GC heap after
{Heap after GC invocations=35 (full 0):
 garbage-first heap   total 206848K, used 139415K [0x0000000080000000, 0x0000000100000000)
  region size 1024K, 5 young (5120K), 5 survivors (5120K)
 Metaspace       used 96860K, capacity 99083K, committed 99660K, reserved 1136640K
  class space    used 12402K, capacity 13208K, committed 13388K, reserved 1048576K
}
Event: 15.914 GC heap before
{Heap before GC invocations=35 (full 0):
 garbage-first heap   total 206848K, used 143511K [0x0000000080000000, 0x0000000100000000)
  region size 1024K, 10 young (10240K), 5 survivors (5120K)
 Metaspace       used 96894K, capacity 99083K, committed 99660K, reserved 1136640K
  class space    used 12403K, capacity 13208K, committed 13388K, reserved 1048576K
}
Event: 15.928 GC heap after
{Heap after GC invocations=36 (full 0):
 garbage-first heap   total 304128K, used 138625K [0x0000000080000000, 0x0000000100000000)
  region size 1024K, 2 young (2048K), 2 survivors (2048K)
 Metaspace       used 96894K, capacity 99083K, committed 99660K, reserved 1136640K
  class space    used 12403K, capacity 13208K, committed 13388K, reserved 1048576K
}
Event: 16.138 GC heap before
{Heap before GC invocations=36 (full 0):
 garbage-first heap   total 304128K, used 201089K [0x0000000080000000, 0x0000000100000000)
  region size 1024K, 64 young (65536K), 2 survivors (2048K)
 Metaspace       used 98106K, capacity 100330K, committed 100812K, reserved 1136640K
  class space    used 12547K, capacity 13345K, committed 13516K, reserved 1048576K
}
Event: 16.161 GC heap after
{Heap after GC invocations=37 (full 0):
 garbage-first heap   total 304128K, used 152273K [0x0000000080000000, 0x0000000100000000)
  region size 1024K, 8 young (8192K), 8 survivors (8192K)
 Metaspace       used 98106K, capacity 100330K, committed 100812K, reserved 1136640K
  class space    used 12547K, capacity 13345K, committed 13516K, reserved 1048576K
}
Event: 16.374 GC heap before
{Heap before GC invocations=37 (full 0):
 garbage-first heap   total 304128K, used 214737K [0x0000000080000000, 0x0000000100000000)
  region size 1024K, 69 young (70656K), 8 survivors (8192K)
 Metaspace       used 98612K, capacity 100928K, committed 101196K, reserved 1136640K
  class space    used 12647K, capacity 13517K, committed 13644K, reserved 1048576K
}
Event: 16.403 GC heap after
{Heap after GC invocations=38 (full 0):
 garbage-first heap   total 304128K, used 165173K [0x0000000080000000, 0x0000000100000000)
  region size 1024K, 9 young (9216K), 9 survivors (9216K)
 Metaspace       used 98612K, capacity 100928K, committed 101196K, reserved 1136640K
  class space    used 12647K, capacity 13517K, committed 13644K, reserved 1048576K
}
Event: 16.565 GC heap before
{Heap before GC invocations=38 (full 0):
 garbage-first heap   total 304128K, used 222517K [0x0000000080000000, 0x0000000100000000)
  region size 1024K, 66 young (67584K), 9 survivors (9216K)
 Metaspace       used 99299K, capacity 101578K, committed 101836K, reserved 1136640K
  class space    used 12787K, capacity 13666K, committed 13772K, reserved 1048576K
}
Event: 16.591 GC heap after
{Heap after GC invocations=39 (full 0):
 garbage-first heap   total 304128K, used 176128K [0x0000000080000000, 0x0000000100000000)
  region size 1024K, 9 young (9216K), 9 survivors (9216K)
 Metaspace       used 99299K, capacity 101578K, committed 101836K, reserved 1136640K
  class space    used 12787K, capacity 13666K, committed 13772K, reserved 1048576K
}
Event: 16.680 GC heap before
{Heap before GC invocations=40 (full 0):
 garbage-first heap   total 304128K, used 232448K [0x0000000080000000, 0x0000000100000000)
  region size 1024K, 64 young (65536K), 9 survivors (9216K)
 Metaspace       used 100266K, capacity 102645K, committed 102732K, reserved 1138688K
  class space    used 12968K, capacity 13854K, committed 13900K, reserved 1048576K
}

