# JRE version: OpenJDK Runtime Environment (11.0.10) (build 11.0.10+0-b96-7249189)
# Java VM: OpenJDK 64-Bit Server VM (11.0.10+0-b96-7249189, mixed mode, tiered, compressed oops, g1 gc, windows-amd64)
Heap:
 garbage-first heap   total 815104K, used 212753K [0x0000000080000000, 0x0000000100000000)
  region size 1024K, 7 young (7168K), 7 survivors (7168K)
 Metaspace       used 103629K, capacity 106356K, committed 106572K, reserved 1140736K
  class space    used 13522K, capacity 14637K, committed 14668K, reserved 1048576K
GC Heap History (20 events):
Event: 15.855 GC heap after
{Heap after GC invocations=35 (full 0):
 garbage-first heap   total 206848K, used 121002K [0x0000000080000000, 0x0000000100000000)
  region size 1024K, 7 young (7168K), 7 survivors (7168K)
 Metaspace       used 96005K, capacity 98319K, committed 98508K, reserved 1134592K
  class space    used 12326K, capacity 13206K, committed 13260K, reserved 1048576K
}
Event: 15.865 GC heap before
{Heap before GC invocations=35 (full 0):
 garbage-first heap   total 206848K, used 124074K [0x0000000080000000, 0x0000000100000000)
  region size 1024K, 10 young (10240K), 7 survivors (7168K)
 Metaspace       used 96055K, capacity 98383K, committed 98508K, reserved 1134592K
  class space    used 12335K, capacity 13206K, committed 13260K, reserved 1048576K
}
Event: 15.871 GC heap after
{Heap after GC invocations=36 (full 0):
 garbage-first heap   total 206848K, used 119042K [0x0000000080000000, 0x0000000100000000)
  region size 1024K, 2 young (2048K), 2 survivors (2048K)
 Metaspace       used 96055K, capacity 98383K, committed 98508K, reserved 1134592K
  class space    used 12335K, capacity 13206K, committed 13260K, reserved 1048576K
}
Event: 15.972 GC heap before
{Heap before GC invocations=36 (full 0):
 garbage-first heap   total 206848K, used 160002K [0x0000000080000000, 0x0000000100000000)
  region size 1024K, 43 young (44032K), 2 survivors (2048K)
 Metaspace       used 96473K, capacity 98856K, committed 99148K, reserved 1134592K
  class space    used 12404K, capacity 13302K, committed 13388K, reserved 1048576K
}
Event: 15.988 GC heap after
{Heap after GC invocations=37 (full 0):
 garbage-first heap   total 248832K, used 130584K [0x0000000080000000, 0x0000000100000000)
  region size 1024K, 6 young (6144K), 6 survivors (6144K)
 Metaspace       used 96473K, capacity 98856K, committed 99148K, reserved 1134592K
  class space    used 12404K, capacity 13302K, committed 13388K, reserved 1048576K
}
Event: 16.207 GC heap before
{Heap before GC invocations=37 (full 0):
 garbage-first heap   total 248832K, used 185880K [0x0000000080000000, 0x0000000100000000)
  region size 1024K, 60 young (61440K), 6 survivors (6144K)
 Metaspace       used 97063K, capacity 99296K, committed 100044K, reserved 1136640K
  class space    used 12429K, capacity 13261K, committed 13516K, reserved 1048576K
}
Event: 16.228 GC heap after
{Heap after GC invocations=38 (full 0):
 garbage-first heap   total 248832K, used 143505K [0x0000000080000000, 0x0000000100000000)
  region size 1024K, 8 young (8192K), 8 survivors (8192K)
 Metaspace       used 97063K, capacity 99296K, committed 100044K, reserved 1136640K
  class space    used 12429K, capacity 13261K, committed 13516K, reserved 1048576K
}
Event: 16.336 GC heap before
{Heap before GC invocations=39 (full 0):
 garbage-first heap   total 248832K, used 190609K [0x0000000080000000, 0x0000000100000000)
  region size 1024K, 55 young (56320K), 8 survivors (8192K)
 Metaspace       used 97642K, capacity 99840K, committed 100428K, reserved 1136640K
  class space    used 12517K, capacity 13357K, committed 13644K, reserved 1048576K
}
Event: 16.356 GC heap after
{Heap after GC invocations=40 (full 0):
 garbage-first heap   total 248832K, used 154843K [0x0000000080000000, 0x0000000100000000)
  region size 1024K, 7 young (7168K), 7 survivors (7168K)
 Metaspace       used 97642K, capacity 99840K, committed 100428K, reserved 1136640K
  class space    used 12517K, capacity 13357K, committed 13644K, reserved 1048576K
}
Event: 16.369 GC heap before
{Heap before GC invocations=40 (full 0):
 garbage-first heap   total 248832K, used 159963K [0x0000000080000000, 0x0000000100000000)
  region size 1024K, 12 young (12288K), 7 survivors (7168K)
 Metaspace       used 97722K, capacity 99968K, committed 100684K, reserved 1136640K
  class space    used 12527K, capacity 13357K, committed 13644K, reserved 1048576K
}
Event: 16.379 GC heap after
{Heap after GC invocations=41 (full 0):
 garbage-first heap   total 248832K, used 153708K [0x0000000080000000, 0x0000000100000000)
  region size 1024K, 2 young (2048K), 2 survivors (2048K)
 Metaspace       used 97722K, capacity 99968K, committed 100684K, reserved 1136640K
  class space    used 12527K, capacity 13357K, committed 13644K, reserved 1048576K
}
Event: 16.486 GC heap before
{Heap before GC invocations=41 (full 0):
 garbage-first heap   total 248832K, used 195692K [0x0000000080000000, 0x0000000100000000)
  region size 1024K, 44 young (45056K), 2 survivors (2048K)
 Metaspace       used 98874K, capacity 101322K, committed 101452K, reserved 1136640K
  class space    used 12795K, capacity 13810K, committed 13900K, reserved 1048576K
}
Event: 16.503 GC heap after
{Heap after GC invocations=42 (full 0):
 garbage-first heap   total 435200K, used 162188K [0x0000000080000000, 0x0000000100000000)
  region size 1024K, 6 young (6144K), 6 survivors (6144K)
 Metaspace       used 98874K, capacity 101322K, committed 101452K, reserved 1136640K
  class space    used 12795K, capacity 13810K, committed 13900K, reserved 1048576K
}
Event: 16.942 GC heap before
{Heap before GC invocations=43 (full 0):
 garbage-first heap   total 435200K, used 274828K [0x0000000080000000, 0x0000000100000000)
  region size 1024K, 116 young (118784K), 6 survivors (6144K)
 Metaspace       used 100502K, capacity 103043K, committed 103244K, reserved 1138688K
  class space    used 13076K, capacity 14123K, committed 14156K, reserved 1048576K
}
Event: 16.976 GC heap after
{Heap after GC invocations=44 (full 0):
 garbage-first heap   total 435200K, used 183044K [0x0000000080000000, 0x0000000100000000)
  region size 1024K, 15 young (15360K), 15 survivors (15360K)
 Metaspace       used 100502K, capacity 103043K, committed 103244K, reserved 1138688K
  class space    used 13076K, capacity 14123K, committed 14156K, reserved 1048576K
}
Event: 17.251 GC heap before
{Heap before GC invocations=44 (full 0):
 garbage-first heap   total 435200K, used 299780K [0x0000000080000000, 0x0000000100000000)
  region size 1024K, 129 young (132096K), 15 survivors (15360K)
 Metaspace       used 102370K, capacity 105031K, committed 105164K, reserved 1140736K
  class space    used 13403K, capacity 14504K, committed 14540K, reserved 1048576K
}
Event: 17.300 GC heap after
{Heap after GC invocations=45 (full 0):
 garbage-first heap   total 435200K, used 204242K [0x0000000080000000, 0x0000000100000000)
  region size 1024K, 17 young (17408K), 17 survivors (17408K)
 Metaspace       used 102370K, capacity 105031K, committed 105164K, reserved 1140736K
  class space    used 13403K, capacity 14504K, committed 14540K, reserved 1048576K
}
Event: 18.014 GC heap before
{Heap before GC invocations=45 (full 0):
 garbage-first heap   total 435200K, used 316882K [0x0000000080000000, 0x0000000100000000)
  region size 1024K, 127 young (130048K), 17 survivors (17408K)
 Metaspace       used 103405K, capacity 106097K, committed 106316K, reserved 1140736K
  class space    used 13504K, capacity 14593K, committed 14668K, reserved 1048576K
}
Event: 18.033 GC heap after
{Heap after GC invocations=46 (full 0):
 garbage-first heap   total 435200K, used 210705K [0x0000000080000000, 0x0000000100000000)
  region size 1024K, 5 young (5120K), 5 survivors (5120K)
 Metaspace       used 103405K, capacity 106097K, committed 106316K, reserved 1140736K
  class space    used 13504K, capacity 14593K, committed 14668K, reserved 1048576K
}
Event: 18.538 GC heap before
{Heap before GC invocations=46 (full 0):
 garbage-first heap   total 435200K, used 326417K [0x0000000080000000, 0x0000000100000000)
  region size 1024K, 119 young (121856K), 5 survivors (5120K)
 Metaspace       used 103629K, capacity 106356K, committed 106572K, reserved 1140736K
  class space    used 13522K, capacity 14637K, committed 14668K, reserved 1048576K
}

