# JRE version: OpenJDK Runtime Environment (11.0.10) (build 11.0.10+0-b96-7249189)
# Java VM: OpenJDK 64-Bit Server VM (11.0.10+0-b96-7249189, mixed mode, tiered, compressed oops, g1 gc, windows-amd64)
Heap:
 garbage-first heap   total 143360K, used 76236K [0x0000000080000000, 0x0000000100000000)
  region size 1024K, 4 young (4096K), 2 survivors (2048K)
 Metaspace       used 57379K, capacity 59031K, committed 59136K, reserved 1103872K
  class space    used 7285K, capacity 7840K, committed 7936K, reserved 1048576K
GC Heap History (20 events):
Event: 2.852 GC heap before
{Heap before GC invocations=2 (full 0):
 garbage-first heap   total 98304K, used 56825K [0x0000000080000000, 0x0000000100000000)
  region size 1024K, 50 young (51200K), 8 survivors (8192K)
 Metaspace       used 20617K, capacity 21139K, committed 21248K, reserved 1067008K
  class space    used 2518K, capacity 2733K, committed 2816K, reserved 1048576K
}
Event: 2.860 GC heap after
{Heap after GC invocations=3 (full 0):
 garbage-first heap   total 98304K, used 17019K [0x0000000080000000, 0x0000000100000000)
  region size 1024K, 3 young (3072K), 3 survivors (3072K)
 Metaspace       used 20617K, capacity 21139K, committed 21248K, reserved 1067008K
  class space    used 2518K, capacity 2733K, committed 2816K, reserved 1048576K
}
Event: 3.390 GC heap before
{Heap before GC invocations=4 (full 0):
 garbage-first heap   total 98304K, used 63099K [0x0000000080000000, 0x0000000100000000)
  region size 1024K, 48 young (49152K), 3 survivors (3072K)
 Metaspace       used 25388K, capacity 26033K, committed 26112K, reserved 1071104K
  class space    used 3303K, capacity 3539K, committed 3584K, reserved 1048576K
}
Event: 3.393 GC heap after
{Heap after GC invocations=5 (full 0):
 garbage-first heap   total 98304K, used 18538K [0x0000000080000000, 0x0000000100000000)
  region size 1024K, 4 young (4096K), 4 survivors (4096K)
 Metaspace       used 25388K, capacity 26033K, committed 26112K, reserved 1071104K
  class space    used 3303K, capacity 3539K, committed 3584K, reserved 1048576K
}
Event: 4.101 GC heap before
{Heap before GC invocations=5 (full 0):
 garbage-first heap   total 98304K, used 76906K [0x0000000080000000, 0x0000000100000000)
  region size 1024K, 52 young (53248K), 4 survivors (4096K)
 Metaspace       used 29786K, capacity 30657K, committed 30720K, reserved 1075200K
  class space    used 4008K, capacity 4311K, committed 4352K, reserved 1048576K
}
Event: 4.106 GC heap after
{Heap after GC invocations=6 (full 0):
 garbage-first heap   total 98304K, used 32529K [0x0000000080000000, 0x0000000100000000)
  region size 1024K, 7 young (7168K), 7 survivors (7168K)
 Metaspace       used 29786K, capacity 30657K, committed 30720K, reserved 1075200K
  class space    used 4008K, capacity 4311K, committed 4352K, reserved 1048576K
}
Event: 4.534 GC heap before
{Heap before GC invocations=6 (full 0):
 garbage-first heap   total 98304K, used 54033K [0x0000000080000000, 0x0000000100000000)
  region size 1024K, 29 young (29696K), 7 survivors (7168K)
 Metaspace       used 34844K, capacity 35743K, committed 35840K, reserved 1081344K
  class space    used 4560K, capacity 4899K, committed 4992K, reserved 1048576K
}
Event: 4.544 GC heap after
{Heap after GC invocations=7 (full 0):
 garbage-first heap   total 98304K, used 34951K [0x0000000080000000, 0x0000000100000000)
  region size 1024K, 3 young (3072K), 3 survivors (3072K)
 Metaspace       used 34844K, capacity 35743K, committed 35840K, reserved 1081344K
  class space    used 4560K, capacity 4899K, committed 4992K, reserved 1048576K
}
Event: 4.877 GC heap before
{Heap before GC invocations=8 (full 0):
 garbage-first heap   total 98304K, used 65671K [0x0000000080000000, 0x0000000100000000)
  region size 1024K, 34 young (34816K), 3 survivors (3072K)
 Metaspace       used 37614K, capacity 38597K, committed 38784K, reserved 1083392K
  class space    used 4871K, capacity 5208K, committed 5248K, reserved 1048576K
}
Event: 4.885 GC heap after
{Heap after GC invocations=9 (full 0):
 garbage-first heap   total 118784K, used 38355K [0x0000000080000000, 0x0000000100000000)
  region size 1024K, 5 young (5120K), 5 survivors (5120K)
 Metaspace       used 37614K, capacity 38597K, committed 38784K, reserved 1083392K
  class space    used 4871K, capacity 5208K, committed 5248K, reserved 1048576K
}
Event: 5.441 GC heap before
{Heap before GC invocations=10 (full 0):
 garbage-first heap   total 118784K, used 81363K [0x0000000080000000, 0x0000000100000000)
  region size 1024K, 45 young (46080K), 5 survivors (5120K)
 Metaspace       used 41720K, capacity 42792K, committed 43008K, reserved 1087488K
  class space    used 5384K, capacity 5778K, committed 5888K, reserved 1048576K
}
Event: 5.447 GC heap after
{Heap after GC invocations=11 (full 0):
 garbage-first heap   total 118784K, used 39575K [0x0000000080000000, 0x0000000100000000)
  region size 1024K, 5 young (5120K), 5 survivors (5120K)
 Metaspace       used 41720K, capacity 42792K, committed 43008K, reserved 1087488K
  class space    used 5384K, capacity 5778K, committed 5888K, reserved 1048576K
}
Event: 6.029 GC heap before
{Heap before GC invocations=11 (full 0):
 garbage-first heap   total 118784K, used 89751K [0x0000000080000000, 0x0000000100000000)
  region size 1024K, 46 young (47104K), 5 survivors (5120K)
 Metaspace       used 44461K, capacity 45695K, committed 45824K, reserved 1089536K
  class space    used 5599K, capacity 6053K, committed 6144K, reserved 1048576K
}
Event: 6.037 GC heap after
{Heap after GC invocations=12 (full 0):
 garbage-first heap   total 118784K, used 53099K [0x0000000080000000, 0x0000000100000000)
  region size 1024K, 6 young (6144K), 6 survivors (6144K)
 Metaspace       used 44461K, capacity 45695K, committed 45824K, reserved 1089536K
  class space    used 5599K, capacity 6053K, committed 6144K, reserved 1048576K
}
Event: 6.420 GC heap before
{Heap before GC invocations=12 (full 0):
 garbage-first heap   total 118784K, used 89963K [0x0000000080000000, 0x0000000100000000)
  region size 1024K, 42 young (43008K), 6 survivors (6144K)
 Metaspace       used 46647K, capacity 47959K, committed 48256K, reserved 1091584K
  class space    used 5952K, capacity 6404K, committed 6528K, reserved 1048576K
}
Event: 6.427 GC heap after
{Heap after GC invocations=13 (full 0):
 garbage-first heap   total 118784K, used 56159K [0x0000000080000000, 0x0000000100000000)
  region size 1024K, 3 young (3072K), 3 survivors (3072K)
 Metaspace       used 46647K, capacity 47959K, committed 48256K, reserved 1091584K
  class space    used 5952K, capacity 6404K, committed 6528K, reserved 1048576K
}
Event: 6.957 GC heap before
{Heap before GC invocations=13 (full 0):
 garbage-first heap   total 118784K, used 90975K [0x0000000080000000, 0x0000000100000000)
  region size 1024K, 37 young (37888K), 3 survivors (3072K)
 Metaspace       used 48947K, capacity 50365K, committed 50560K, reserved 1093632K
  class space    used 6281K, capacity 6754K, committed 6784K, reserved 1048576K
}
Event: 6.965 GC heap after
{Heap after GC invocations=14 (full 0):
 garbage-first heap   total 143360K, used 58030K [0x0000000080000000, 0x0000000100000000)
  region size 1024K, 5 young (5120K), 5 survivors (5120K)
 Metaspace       used 48947K, capacity 50365K, committed 50560K, reserved 1093632K
  class space    used 6281K, capacity 6754K, committed 6784K, reserved 1048576K
}
Event: 7.729 GC heap before
{Heap before GC invocations=15 (full 0):
 garbage-first heap   total 143360K, used 111278K [0x0000000080000000, 0x0000000100000000)
  region size 1024K, 50 young (51200K), 5 survivors (5120K)
 Metaspace       used 51356K, capacity 52910K, committed 52992K, reserved 1095680K
  class space    used 6589K, capacity 7100K, committed 7168K, reserved 1048576K
}
Event: 7.736 GC heap after
{Heap after GC invocations=16 (full 0):
 garbage-first heap   total 143360K, used 73405K [0x0000000080000000, 0x0000000100000000)
  region size 1024K, 7 young (7168K), 7 survivors (7168K)
 Metaspace       used 51356K, capacity 52910K, committed 52992K, reserved 1095680K
  class space    used 6589K, capacity 7100K, committed 7168K, reserved 1048576K
}

