# JRE version: OpenJDK Runtime Environment (11.0.10) (build 11.0.10+0-b96-7249189)
# Java VM: OpenJDK 64-Bit Server VM (11.0.10+0-b96-7249189, mixed mode, tiered, compressed oops, g1 gc, windows-amd64)
Heap:
 garbage-first heap   total 145408K, used 78041K [0x0000000080000000, 0x0000000100000000)
  region size 1024K, 3 young (3072K), 3 survivors (3072K)
 Metaspace       used 63893K, capacity 65635K, committed 65920K, reserved 1105920K
  class space    used 8158K, capacity 8757K, committed 8832K, reserved 1048576K
GC Heap History (20 events):
Event: 15.200 GC heap after
{Heap after GC invocations=32 (full 0):
 garbage-first heap   total 98304K, used 73963K [0x0000000080000000, 0x0000000100000000)
  region size 1024K, 1 young (1024K), 1 survivors (1024K)
 Metaspace       used 52483K, capacity 54025K, committed 54272K, reserved 1095680K
  class space    used 6825K, capacity 7326K, committed 7424K, reserved 1048576K
}
Event: 15.286 GC heap before
{Heap before GC invocations=32 (full 0):
 garbage-first heap   total 98304K, used 80107K [0x0000000080000000, 0x0000000100000000)
  region size 1024K, 7 young (7168K), 1 survivors (1024K)
 Metaspace       used 52655K, capacity 54162K, committed 54272K, reserved 1095680K
  class space    used 6837K, capacity 7329K, committed 7424K, reserved 1048576K
}
Event: 15.289 GC heap after
{Heap after GC invocations=33 (full 0):
 garbage-first heap   total 98304K, used 74273K [0x0000000080000000, 0x0000000100000000)
  region size 1024K, 1 young (1024K), 1 survivors (1024K)
 Metaspace       used 52655K, capacity 54162K, committed 54272K, reserved 1095680K
  class space    used 6837K, capacity 7329K, committed 7424K, reserved 1048576K
}
Event: 15.357 GC heap before
{Heap before GC invocations=33 (full 0):
 garbage-first heap   total 98304K, used 80417K [0x0000000080000000, 0x0000000100000000)
  region size 1024K, 7 young (7168K), 1 survivors (1024K)
 Metaspace       used 52711K, capacity 54162K, committed 54272K, reserved 1095680K
  class space    used 6837K, capacity 7329K, committed 7424K, reserved 1048576K
}
Event: 15.359 GC heap after
{Heap after GC invocations=34 (full 0):
 garbage-first heap   total 98304K, used 74495K [0x0000000080000000, 0x0000000100000000)
  region size 1024K, 1 young (1024K), 1 survivors (1024K)
 Metaspace       used 52711K, capacity 54162K, committed 54272K, reserved 1095680K
  class space    used 6837K, capacity 7329K, committed 7424K, reserved 1048576K
}
Event: 15.408 GC heap before
{Heap before GC invocations=35 (full 0):
 garbage-first heap   total 98304K, used 80639K [0x0000000080000000, 0x0000000100000000)
  region size 1024K, 7 young (7168K), 1 survivors (1024K)
 Metaspace       used 52737K, capacity 54226K, committed 54528K, reserved 1095680K
  class space    used 6837K, capacity 7329K, committed 7424K, reserved 1048576K
}
Event: 15.409 GC heap after
{Heap after GC invocations=36 (full 0):
 garbage-first heap   total 98304K, used 74682K [0x0000000080000000, 0x0000000100000000)
  region size 1024K, 1 young (1024K), 1 survivors (1024K)
 Metaspace       used 52737K, capacity 54226K, committed 54528K, reserved 1095680K
  class space    used 6837K, capacity 7329K, committed 7424K, reserved 1048576K
}
Event: 15.561 GC heap before
{Heap before GC invocations=36 (full 0):
 garbage-first heap   total 98304K, used 81850K [0x0000000080000000, 0x0000000100000000)
  region size 1024K, 8 young (8192K), 1 survivors (1024K)
 Metaspace       used 53484K, capacity 55021K, committed 55040K, reserved 1097728K
  class space    used 6920K, capacity 7423K, committed 7424K, reserved 1048576K
}
Event: 15.565 GC heap after
{Heap after GC invocations=37 (full 0):
 garbage-first heap   total 98304K, used 75135K [0x0000000080000000, 0x0000000100000000)
  region size 1024K, 1 young (1024K), 1 survivors (1024K)
 Metaspace       used 53484K, capacity 55021K, committed 55040K, reserved 1097728K
  class space    used 6920K, capacity 7423K, committed 7424K, reserved 1048576K
}
Event: 15.738 GC heap before
{Heap before GC invocations=38 (full 0):
 garbage-first heap   total 98304K, used 82303K [0x0000000080000000, 0x0000000100000000)
  region size 1024K, 8 young (8192K), 1 survivors (1024K)
 Metaspace       used 54683K, capacity 56256K, committed 56576K, reserved 1097728K
  class space    used 7057K, capacity 7554K, committed 7680K, reserved 1048576K
}
Event: 15.740 GC heap after
{Heap after GC invocations=39 (full 0):
 garbage-first heap   total 98304K, used 75753K [0x0000000080000000, 0x0000000100000000)
  region size 1024K, 1 young (1024K), 1 survivors (1024K)
 Metaspace       used 54683K, capacity 56256K, committed 56576K, reserved 1097728K
  class space    used 7057K, capacity 7554K, committed 7680K, reserved 1048576K
}
Event: 15.855 GC heap before
{Heap before GC invocations=39 (full 0):
 garbage-first heap   total 98304K, used 82921K [0x0000000080000000, 0x0000000100000000)
  region size 1024K, 8 young (8192K), 1 survivors (1024K)
 Metaspace       used 55429K, capacity 57075K, committed 57216K, reserved 1099776K
  class space    used 7162K, capacity 7698K, committed 7808K, reserved 1048576K
}
Event: 15.860 GC heap after
{Heap after GC invocations=40 (full 0):
 garbage-first heap   total 118784K, used 76058K [0x0000000080000000, 0x0000000100000000)
  region size 1024K, 1 young (1024K), 1 survivors (1024K)
 Metaspace       used 55429K, capacity 57075K, committed 57216K, reserved 1099776K
  class space    used 7162K, capacity 7698K, committed 7808K, reserved 1048576K
}
Event: 16.087 GC heap before
{Heap before GC invocations=41 (full 0):
 garbage-first heap   total 118784K, used 89370K [0x0000000080000000, 0x0000000100000000)
  region size 1024K, 14 young (14336K), 1 survivors (1024K)
 Metaspace       used 57125K, capacity 58684K, committed 58880K, reserved 1099776K
  class space    used 7367K, capacity 7872K, committed 7936K, reserved 1048576K
}
Event: 16.089 GC heap after
{Heap after GC invocations=42 (full 0):
 garbage-first heap   total 118784K, used 76361K [0x0000000080000000, 0x0000000100000000)
  region size 1024K, 1 young (1024K), 1 survivors (1024K)
 Metaspace       used 57125K, capacity 58684K, committed 58880K, reserved 1099776K
  class space    used 7367K, capacity 7872K, committed 7936K, reserved 1048576K
}
Event: 16.356 GC heap before
{Heap before GC invocations=42 (full 0):
 garbage-first heap   total 118784K, used 90697K [0x0000000080000000, 0x0000000100000000)
  region size 1024K, 15 young (15360K), 1 survivors (1024K)
 Metaspace       used 59053K, capacity 60692K, committed 60928K, reserved 1101824K
  class space    used 7606K, capacity 8137K, committed 8192K, reserved 1048576K
}
Event: 16.362 GC heap after
{Heap after GC invocations=43 (full 0):
 garbage-first heap   total 118784K, used 76868K [0x0000000080000000, 0x0000000100000000)
  region size 1024K, 2 young (2048K), 2 survivors (2048K)
 Metaspace       used 59053K, capacity 60692K, committed 60928K, reserved 1101824K
  class space    used 7606K, capacity 8137K, committed 8192K, reserved 1048576K
}
Event: 16.679 GC heap before
{Heap before GC invocations=44 (full 0):
 garbage-first heap   total 118784K, used 91204K [0x0000000080000000, 0x0000000100000000)
  region size 1024K, 17 young (17408K), 2 survivors (2048K)
 Metaspace       used 61473K, capacity 63190K, committed 63360K, reserved 1103872K
  class space    used 7883K, capacity 8501K, committed 8576K, reserved 1048576K
}
Event: 16.682 GC heap after
{Heap after GC invocations=45 (full 0):
 garbage-first heap   total 118784K, used 77347K [0x0000000080000000, 0x0000000100000000)
  region size 1024K, 2 young (2048K), 2 survivors (2048K)
 Metaspace       used 61473K, capacity 63190K, committed 63360K, reserved 1103872K
  class space    used 7883K, capacity 8501K, committed 8576K, reserved 1048576K
}
Event: 16.979 GC heap before
{Heap before GC invocations=45 (full 0):
 garbage-first heap   total 118784K, used 93731K [0x0000000080000000, 0x0000000100000000)
  region size 1024K, 18 young (18432K), 2 survivors (2048K)
 Metaspace       used 63893K, capacity 65635K, committed 65920K, reserved 1105920K
  class space    used 8158K, capacity 8757K, committed 8832K, reserved 1048576K
}

