# JRE version: OpenJDK Runtime Environment (11.0.10) (build 11.0.10+0-b96-7249189)
# Java VM: OpenJDK 64-Bit Server VM (11.0.10+0-b96-7249189, mixed mode, tiered, compressed oops, g1 gc, windows-amd64)
Heap:
 garbage-first heap   total 143360K, used 101485K [0x0000000080000000, 0x0000000100000000)
  region size 1024K, 32 young (32768K), 3 survivors (3072K)
 Metaspace       used 58028K, capacity 59703K, committed 60032K, reserved 1101824K
  class space    used 7343K, capacity 7937K, committed 8064K, reserved 1048576K
GC Heap History (20 events):
Event: 4.046 GC heap before
{Heap before GC invocations=5 (full 0):
 garbage-first heap   total 98304K, used 77624K [0x0000000080000000, 0x0000000100000000)
  region size 1024K, 52 young (53248K), 4 survivors (4096K)
 Metaspace       used 29753K, capacity 30593K, committed 30720K, reserved 1075200K
  class space    used 4001K, capacity 4311K, committed 4352K, reserved 1048576K
}
Event: 4.052 GC heap after
{Heap after GC invocations=6 (full 0):
 garbage-first heap   total 98304K, used 32382K [0x0000000080000000, 0x0000000100000000)
  region size 1024K, 7 young (7168K), 7 survivors (7168K)
 Metaspace       used 29753K, capacity 30593K, committed 30720K, reserved 1075200K
  class space    used 4001K, capacity 4311K, committed 4352K, reserved 1048576K
}
Event: 4.529 GC heap before
{Heap before GC invocations=6 (full 0):
 garbage-first heap   total 98304K, used 52862K [0x0000000080000000, 0x0000000100000000)
  region size 1024K, 28 young (28672K), 7 survivors (7168K)
 Metaspace       used 34858K, capacity 35743K, committed 35840K, reserved 1081344K
  class space    used 4561K, capacity 4899K, committed 4992K, reserved 1048576K
}
Event: 4.541 GC heap after
{Heap after GC invocations=7 (full 0):
 garbage-first heap   total 98304K, used 34744K [0x0000000080000000, 0x0000000100000000)
  region size 1024K, 3 young (3072K), 3 survivors (3072K)
 Metaspace       used 34858K, capacity 35743K, committed 35840K, reserved 1081344K
  class space    used 4561K, capacity 4899K, committed 4992K, reserved 1048576K
}
Event: 4.964 GC heap before
{Heap before GC invocations=8 (full 0):
 garbage-first heap   total 98304K, used 66488K [0x0000000080000000, 0x0000000100000000)
  region size 1024K, 34 young (34816K), 3 survivors (3072K)
 Metaspace       used 37623K, capacity 38597K, committed 38784K, reserved 1083392K
  class space    used 4872K, capacity 5208K, committed 5248K, reserved 1048576K
}
Event: 4.972 GC heap after
{Heap after GC invocations=9 (full 0):
 garbage-first heap   total 118784K, used 37284K [0x0000000080000000, 0x0000000100000000)
  region size 1024K, 5 young (5120K), 5 survivors (5120K)
 Metaspace       used 37623K, capacity 38597K, committed 38784K, reserved 1083392K
  class space    used 4872K, capacity 5208K, committed 5248K, reserved 1048576K
}
Event: 5.582 GC heap before
{Heap before GC invocations=10 (full 0):
 garbage-first heap   total 118784K, used 80292K [0x0000000080000000, 0x0000000100000000)
  region size 1024K, 45 young (46080K), 5 survivors (5120K)
 Metaspace       used 41726K, capacity 42799K, committed 43008K, reserved 1087488K
  class space    used 5386K, capacity 5780K, committed 5888K, reserved 1048576K
}
Event: 5.588 GC heap after
{Heap after GC invocations=11 (full 0):
 garbage-first heap   total 118784K, used 38766K [0x0000000080000000, 0x0000000100000000)
  region size 1024K, 5 young (5120K), 5 survivors (5120K)
 Metaspace       used 41726K, capacity 42799K, committed 43008K, reserved 1087488K
  class space    used 5386K, capacity 5780K, committed 5888K, reserved 1048576K
}
Event: 6.200 GC heap before
{Heap before GC invocations=11 (full 0):
 garbage-first heap   total 118784K, used 89966K [0x0000000080000000, 0x0000000100000000)
  region size 1024K, 47 young (48128K), 5 survivors (5120K)
 Metaspace       used 44448K, capacity 45633K, committed 45824K, reserved 1089536K
  class space    used 5602K, capacity 6053K, committed 6144K, reserved 1048576K
}
Event: 6.207 GC heap after
{Heap after GC invocations=12 (full 0):
 garbage-first heap   total 118784K, used 52200K [0x0000000080000000, 0x0000000100000000)
  region size 1024K, 6 young (6144K), 6 survivors (6144K)
 Metaspace       used 44448K, capacity 45633K, committed 45824K, reserved 1089536K
  class space    used 5602K, capacity 6053K, committed 6144K, reserved 1048576K
}
Event: 6.633 GC heap before
{Heap before GC invocations=12 (full 0):
 garbage-first heap   total 118784K, used 89064K [0x0000000080000000, 0x0000000100000000)
  region size 1024K, 42 young (43008K), 6 survivors (6144K)
 Metaspace       used 46639K, capacity 47960K, committed 48256K, reserved 1091584K
  class space    used 5954K, capacity 6404K, committed 6528K, reserved 1048576K
}
Event: 6.640 GC heap after
{Heap after GC invocations=13 (full 0):
 garbage-first heap   total 118784K, used 54583K [0x0000000080000000, 0x0000000100000000)
  region size 1024K, 3 young (3072K), 3 survivors (3072K)
 Metaspace       used 46639K, capacity 47960K, committed 48256K, reserved 1091584K
  class space    used 5954K, capacity 6404K, committed 6528K, reserved 1048576K
}
Event: 7.152 GC heap before
{Heap before GC invocations=13 (full 0):
 garbage-first heap   total 118784K, used 90423K [0x0000000080000000, 0x0000000100000000)
  region size 1024K, 38 young (38912K), 3 survivors (3072K)
 Metaspace       used 48960K, capacity 50365K, committed 50560K, reserved 1093632K
  class space    used 6283K, capacity 6754K, committed 6784K, reserved 1048576K
}
Event: 7.157 GC heap after
{Heap after GC invocations=14 (full 0):
 garbage-first heap   total 118784K, used 56693K [0x0000000080000000, 0x0000000100000000)
  region size 1024K, 5 young (5120K), 5 survivors (5120K)
 Metaspace       used 48960K, capacity 50365K, committed 50560K, reserved 1093632K
  class space    used 6283K, capacity 6754K, committed 6784K, reserved 1048576K
}
Event: 7.524 GC heap before
{Heap before GC invocations=14 (full 0):
 garbage-first heap   total 118784K, used 76149K [0x0000000080000000, 0x0000000100000000)
  region size 1024K, 25 young (25600K), 5 survivors (5120K)
 Metaspace       used 49686K, capacity 51164K, committed 51456K, reserved 1093632K
  class space    used 6361K, capacity 6842K, committed 6912K, reserved 1048576K
}
Event: 7.533 GC heap after
{Heap after GC invocations=15 (full 0):
 garbage-first heap   total 118784K, used 58469K [0x0000000080000000, 0x0000000100000000)
  region size 1024K, 3 young (3072K), 3 survivors (3072K)
 Metaspace       used 49686K, capacity 51164K, committed 51456K, reserved 1093632K
  class space    used 6361K, capacity 6842K, committed 6912K, reserved 1048576K
}
Event: 7.622 GC heap before
{Heap before GC invocations=16 (full 0):
 garbage-first heap   total 118784K, used 68709K [0x0000000080000000, 0x0000000100000000)
  region size 1024K, 10 young (10240K), 3 survivors (3072K)
 Metaspace       used 49696K, capacity 51164K, committed 51456K, reserved 1093632K
  class space    used 6361K, capacity 6842K, committed 6912K, reserved 1048576K
}
Event: 7.631 GC heap after
{Heap after GC invocations=17 (full 0):
 garbage-first heap   total 143360K, used 68814K [0x0000000080000000, 0x0000000100000000)
  region size 1024K, 5 young (5120K), 5 survivors (5120K)
 Metaspace       used 49696K, capacity 51164K, committed 51456K, reserved 1093632K
  class space    used 6361K, capacity 6842K, committed 6912K, reserved 1048576K
}
Event: 8.180 GC heap before
{Heap before GC invocations=18 (full 0):
 garbage-first heap   total 143360K, used 104654K [0x0000000080000000, 0x0000000100000000)
  region size 1024K, 38 young (38912K), 5 survivors (5120K)
 Metaspace       used 53424K, capacity 55090K, committed 55296K, reserved 1097728K
  class space    used 6835K, capacity 7337K, committed 7424K, reserved 1048576K
}
Event: 8.185 GC heap after
{Heap after GC invocations=19 (full 0):
 garbage-first heap   total 143360K, used 72813K [0x0000000080000000, 0x0000000100000000)
  region size 1024K, 3 young (3072K), 3 survivors (3072K)
 Metaspace       used 53424K, capacity 55090K, committed 55296K, reserved 1097728K
  class space    used 6835K, capacity 7337K, committed 7424K, reserved 1048576K
}

