# JRE version: OpenJDK Runtime Environment (11.0.10) (build 11.0.10+0-b96-7249189)
# Java VM: OpenJDK 64-Bit Server VM (11.0.10+0-b96-7249189, mixed mode, tiered, compressed oops, g1 gc, windows-amd64)
Heap:
 garbage-first heap   total 143360K, used 69215K [0x0000000080000000, 0x0000000100000000)
  region size 1024K, 21 young (21504K), 7 survivors (7168K)
 Metaspace       used 65114K, capacity 66572K, committed 66636K, reserved 1107968K
  class space    used 8223K, capacity 8748K, committed 8780K, reserved 1048576K
GC Heap History (20 events):
Event: 2.732 GC heap before
{Heap before GC invocations=2 (full 0):
 garbage-first heap   total 98304K, used 57344K [0x0000000080000000, 0x0000000100000000)
  region size 1024K, 50 young (51200K), 8 survivors (8192K)
 Metaspace       used 20641K, capacity 21140K, committed 21248K, reserved 1067008K
  class space    used 2521K, capacity 2722K, committed 2816K, reserved 1048576K
}
Event: 2.742 GC heap after
{Heap after GC invocations=3 (full 0):
 garbage-first heap   total 98304K, used 16770K [0x0000000080000000, 0x0000000100000000)
  region size 1024K, 2 young (2048K), 2 survivors (2048K)
 Metaspace       used 20641K, capacity 21140K, committed 21248K, reserved 1067008K
  class space    used 2521K, capacity 2722K, committed 2816K, reserved 1048576K
}
Event: 3.515 GC heap before
{Heap before GC invocations=4 (full 0):
 garbage-first heap   total 98304K, used 63874K [0x0000000080000000, 0x0000000100000000)
  region size 1024K, 48 young (49152K), 2 survivors (2048K)
 Metaspace       used 25621K, capacity 26280K, committed 26368K, reserved 1073152K
  class space    used 3347K, capacity 3568K, committed 3584K, reserved 1048576K
}
Event: 3.519 GC heap after
{Heap after GC invocations=5 (full 0):
 garbage-first heap   total 98304K, used 18449K [0x0000000080000000, 0x0000000100000000)
  region size 1024K, 4 young (4096K), 4 survivors (4096K)
 Metaspace       used 25621K, capacity 26280K, committed 26368K, reserved 1073152K
  class space    used 3347K, capacity 3568K, committed 3584K, reserved 1048576K
}
Event: 4.214 GC heap before
{Heap before GC invocations=5 (full 0):
 garbage-first heap   total 98304K, used 66577K [0x0000000080000000, 0x0000000100000000)
  region size 1024K, 51 young (52224K), 4 survivors (4096K)
 Metaspace       used 30665K, capacity 31307K, committed 31488K, reserved 1077248K
  class space    used 4121K, capacity 4352K, committed 4352K, reserved 1048576K
}
Event: 4.219 GC heap after
{Heap after GC invocations=6 (full 0):
 garbage-first heap   total 98304K, used 20301K [0x0000000080000000, 0x0000000100000000)
  region size 1024K, 6 young (6144K), 6 survivors (6144K)
 Metaspace       used 30665K, capacity 31307K, committed 31488K, reserved 1077248K
  class space    used 4121K, capacity 4352K, committed 4352K, reserved 1048576K
}
Event: 4.616 GC heap before
{Heap before GC invocations=6 (full 0):
 garbage-first heap   total 98304K, used 32589K [0x0000000080000000, 0x0000000100000000)
  region size 1024K, 19 young (19456K), 6 survivors (6144K)
 Metaspace       used 34986K, capacity 35782K, committed 35840K, reserved 1081344K
  class space    used 4536K, capacity 4864K, committed 4864K, reserved 1048576K
}
Event: 4.628 GC heap after
{Heap after GC invocations=7 (full 0):
 garbage-first heap   total 98304K, used 22187K [0x0000000080000000, 0x0000000100000000)
  region size 1024K, 6 young (6144K), 6 survivors (6144K)
 Metaspace       used 34986K, capacity 35782K, committed 35840K, reserved 1081344K
  class space    used 4536K, capacity 4864K, committed 4864K, reserved 1048576K
}
Event: 5.224 GC heap before
{Heap before GC invocations=8 (full 0):
 garbage-first heap   total 98304K, used 71339K [0x0000000080000000, 0x0000000100000000)
  region size 1024K, 52 young (53248K), 6 survivors (6144K)
 Metaspace       used 38621K, capacity 39583K, committed 39884K, reserved 1083392K
  class space    used 4922K, capacity 5251K, committed 5324K, reserved 1048576K
}
Event: 5.234 GC heap after
{Heap after GC invocations=9 (full 0):
 garbage-first heap   total 118784K, used 26067K [0x0000000080000000, 0x0000000100000000)
  region size 1024K, 7 young (7168K), 7 survivors (7168K)
 Metaspace       used 38621K, capacity 39583K, committed 39884K, reserved 1083392K
  class space    used 4922K, capacity 5251K, committed 5324K, reserved 1048576K
}
Event: 6.027 GC heap before
{Heap before GC invocations=9 (full 0):
 garbage-first heap   total 118784K, used 82387K [0x0000000080000000, 0x0000000100000000)
  region size 1024K, 61 young (62464K), 7 survivors (7168K)
 Metaspace       used 43526K, capacity 44523K, committed 44620K, reserved 1087488K
  class space    used 5562K, capacity 5934K, committed 5964K, reserved 1048576K
}
Event: 6.036 GC heap after
{Heap after GC invocations=10 (full 0):
 garbage-first heap   total 118784K, used 28938K [0x0000000080000000, 0x0000000100000000)
  region size 1024K, 7 young (7168K), 7 survivors (7168K)
 Metaspace       used 43526K, capacity 44523K, committed 44620K, reserved 1087488K
  class space    used 5562K, capacity 5934K, committed 5964K, reserved 1048576K
}
Event: 7.062 GC heap before
{Heap before GC invocations=10 (full 0):
 garbage-first heap   total 118784K, used 84234K [0x0000000080000000, 0x0000000100000000)
  region size 1024K, 61 young (62464K), 7 survivors (7168K)
 Metaspace       used 46910K, capacity 48175K, committed 48460K, reserved 1091584K
  class space    used 5997K, capacity 6444K, committed 6476K, reserved 1048576K
}
Event: 7.072 GC heap after
{Heap after GC invocations=11 (full 0):
 garbage-first heap   total 118784K, used 32054K [0x0000000080000000, 0x0000000100000000)
  region size 1024K, 6 young (6144K), 6 survivors (6144K)
 Metaspace       used 46910K, capacity 48175K, committed 48460K, reserved 1091584K
  class space    used 5997K, capacity 6444K, committed 6476K, reserved 1048576K
}
Event: 8.198 GC heap before
{Heap before GC invocations=11 (full 0):
 garbage-first heap   total 118784K, used 94518K [0x0000000080000000, 0x0000000100000000)
  region size 1024K, 60 young (61440K), 6 survivors (6144K)
 Metaspace       used 51988K, capacity 53362K, committed 53452K, reserved 1095680K
  class space    used 6626K, capacity 7092K, committed 7116K, reserved 1048576K
}
Event: 8.208 GC heap after
{Heap after GC invocations=12 (full 0):
 garbage-first heap   total 118784K, used 48632K [0x0000000080000000, 0x0000000100000000)
  region size 1024K, 8 young (8192K), 8 survivors (8192K)
 Metaspace       used 51988K, capacity 53362K, committed 53452K, reserved 1095680K
  class space    used 6626K, capacity 7092K, committed 7116K, reserved 1048576K
}
Event: 8.974 GC heap before
{Heap before GC invocations=12 (full 0):
 garbage-first heap   total 118784K, used 88568K [0x0000000080000000, 0x0000000100000000)
  region size 1024K, 48 young (49152K), 8 survivors (8192K)
 Metaspace       used 58750K, capacity 60201K, committed 60236K, reserved 1101824K
  class space    used 7423K, capacity 7981K, committed 8012K, reserved 1048576K
}
Event: 8.985 GC heap after
{Heap after GC invocations=13 (full 0):
 garbage-first heap   total 143360K, used 51211K [0x0000000080000000, 0x0000000100000000)
  region size 1024K, 3 young (3072K), 3 survivors (3072K)
 Metaspace       used 58750K, capacity 60201K, committed 60236K, reserved 1101824K
  class space    used 7423K, capacity 7981K, committed 8012K, reserved 1048576K
}
Event: 9.757 GC heap before
{Heap before GC invocations=14 (full 0):
 garbage-first heap   total 143360K, used 103435K [0x0000000080000000, 0x0000000100000000)
  region size 1024K, 54 young (55296K), 3 survivors (3072K)
 Metaspace       used 63754K, capacity 65277K, committed 65484K, reserved 1105920K
  class space    used 8027K, capacity 8594K, committed 8652K, reserved 1048576K
}
Event: 9.764 GC heap after
{Heap after GC invocations=15 (full 0):
 garbage-first heap   total 143360K, used 55903K [0x0000000080000000, 0x0000000100000000)
  region size 1024K, 7 young (7168K), 7 survivors (7168K)
 Metaspace       used 63754K, capacity 65277K, committed 65484K, reserved 1105920K
  class space    used 8027K, capacity 8594K, committed 8652K, reserved 1048576K
}

