# JRE version: OpenJDK Runtime Environment (11.0.10) (build 11.0.10+0-b96-7249189)
# Java VM: OpenJDK 64-Bit Server VM (11.0.10+0-b96-7249189, mixed mode, tiered, compressed oops, g1 gc, windows-amd64)
Heap:
 garbage-first heap   total 663552K, used 199240K [0x0000000080000000, 0x0000000100000000)
  region size 1024K, 9 young (9216K), 9 survivors (9216K)
 Metaspace       used 99757K, capacity 102485K, committed 103116K, reserved 1138688K
  class space    used 13186K, capacity 14317K, committed 14592K, reserved 1048576K
GC Heap History (20 events):
Event: 14.507 GC heap after
{Heap after GC invocations=26 (full 0):
 garbage-first heap   total 172032K, used 100185K [0x0000000080000000, 0x0000000100000000)
  region size 1024K, 8 young (8192K), 8 survivors (8192K)
 Metaspace       used 90417K, capacity 92576K, committed 93260K, reserved 1130496K
  class space    used 11628K, capacity 12420K, committed 12672K, reserved 1048576K
}
Event: 14.609 GC heap before
{Heap before GC invocations=26 (full 0):
 garbage-first heap   total 172032K, used 138073K [0x0000000080000000, 0x0000000100000000)
  region size 1024K, 44 young (45056K), 8 survivors (8192K)
 Metaspace       used 91095K, capacity 93270K, committed 93772K, reserved 1130496K
  class space    used 11719K, capacity 12523K, committed 12672K, reserved 1048576K
}
Event: 14.616 GC heap after
{Heap after GC invocations=27 (full 0):
 garbage-first heap   total 206848K, used 105668K [0x0000000080000000, 0x0000000100000000)
  region size 1024K, 6 young (6144K), 6 survivors (6144K)
 Metaspace       used 91095K, capacity 93270K, committed 93772K, reserved 1130496K
  class space    used 11719K, capacity 12523K, committed 12672K, reserved 1048576K
}
Event: 14.951 GC heap before
{Heap before GC invocations=28 (full 0):
 garbage-first heap   total 206848K, used 152772K [0x0000000080000000, 0x0000000100000000)
  region size 1024K, 52 young (53248K), 6 survivors (6144K)
 Metaspace       used 93517K, capacity 95903K, committed 96204K, reserved 1132544K
  class space    used 12110K, capacity 12997K, committed 13056K, reserved 1048576K
}
Event: 14.966 GC heap after
{Heap after GC invocations=29 (full 0):
 garbage-first heap   total 206848K, used 112640K [0x0000000080000000, 0x0000000100000000)
  region size 1024K, 7 young (7168K), 7 survivors (7168K)
 Metaspace       used 93517K, capacity 95903K, committed 96204K, reserved 1132544K
  class space    used 12110K, capacity 12997K, committed 13056K, reserved 1048576K
}
Event: 15.176 GC heap before
{Heap before GC invocations=29 (full 0):
 garbage-first heap   total 206848K, used 156672K [0x0000000080000000, 0x0000000100000000)
  region size 1024K, 51 young (52224K), 7 survivors (7168K)
 Metaspace       used 93795K, capacity 96210K, committed 96588K, reserved 1132544K
  class space    used 12148K, capacity 13058K, committed 13184K, reserved 1048576K
}
Event: 15.209 GC heap after
{Heap after GC invocations=30 (full 0):
 garbage-first heap   total 206848K, used 124828K [0x0000000080000000, 0x0000000100000000)
  region size 1024K, 7 young (7168K), 7 survivors (7168K)
 Metaspace       used 93795K, capacity 96210K, committed 96588K, reserved 1132544K
  class space    used 12148K, capacity 13058K, committed 13184K, reserved 1048576K
}
Event: 15.366 GC heap before
{Heap before GC invocations=30 (full 0):
 garbage-first heap   total 206848K, used 161692K [0x0000000080000000, 0x0000000100000000)
  region size 1024K, 44 young (45056K), 7 survivors (7168K)
 Metaspace       used 94465K, capacity 96882K, committed 97100K, reserved 1132544K
  class space    used 12242K, capacity 13151K, committed 13184K, reserved 1048576K
}
Event: 15.384 GC heap after
{Heap after GC invocations=31 (full 0):
 garbage-first heap   total 206848K, used 133357K [0x0000000080000000, 0x0000000100000000)
  region size 1024K, 6 young (6144K), 6 survivors (6144K)
 Metaspace       used 94465K, capacity 96882K, committed 97100K, reserved 1132544K
  class space    used 12242K, capacity 13151K, committed 13184K, reserved 1048576K
}
Event: 15.486 GC heap before
{Heap before GC invocations=31 (full 0):
 garbage-first heap   total 206848K, used 166125K [0x0000000080000000, 0x0000000100000000)
  region size 1024K, 38 young (38912K), 6 survivors (6144K)
 Metaspace       used 94570K, capacity 96961K, committed 97356K, reserved 1134592K
  class space    used 12241K, capacity 13134K, committed 13184K, reserved 1048576K
}
Event: 15.506 GC heap after
{Heap after GC invocations=32 (full 0):
 garbage-first heap   total 206848K, used 141312K [0x0000000080000000, 0x0000000100000000)
  region size 1024K, 5 young (5120K), 5 survivors (5120K)
 Metaspace       used 94570K, capacity 96961K, committed 97356K, reserved 1134592K
  class space    used 12241K, capacity 13134K, committed 13184K, reserved 1048576K
}
Event: 15.562 GC heap before
{Heap before GC invocations=33 (full 0):
 garbage-first heap   total 206848K, used 168960K [0x0000000080000000, 0x0000000100000000)
  region size 1024K, 33 young (33792K), 5 survivors (5120K)
 Metaspace       used 95056K, capacity 97473K, committed 97740K, reserved 1134592K
  class space    used 12299K, capacity 13198K, committed 13312K, reserved 1048576K
}
Event: 15.580 GC heap after
{Heap after GC invocations=34 (full 0):
 garbage-first heap   total 331776K, used 148480K [0x0000000080000000, 0x0000000100000000)
  region size 1024K, 5 young (5120K), 5 survivors (5120K)
 Metaspace       used 95056K, capacity 97473K, committed 97740K, reserved 1134592K
  class space    used 12299K, capacity 13198K, committed 13312K, reserved 1048576K
}
Event: 15.746 GC heap before
{Heap before GC invocations=34 (full 0):
 garbage-first heap   total 331776K, used 216064K [0x0000000080000000, 0x0000000100000000)
  region size 1024K, 71 young (72704K), 5 survivors (5120K)
 Metaspace       used 96805K, capacity 99600K, committed 99916K, reserved 1134592K
  class space    used 12698K, capacity 13848K, committed 13952K, reserved 1048576K
}
Event: 15.768 GC heap after
{Heap after GC invocations=35 (full 0):
 garbage-first heap   total 331776K, used 161612K [0x0000000080000000, 0x0000000100000000)
  region size 1024K, 9 young (9216K), 9 survivors (9216K)
 Metaspace       used 96805K, capacity 99600K, committed 99916K, reserved 1134592K
  class space    used 12698K, capacity 13848K, committed 13952K, reserved 1048576K
}
Event: 15.843 GC heap before
{Heap before GC invocations=35 (full 0):
 garbage-first heap   total 331776K, used 229196K [0x0000000080000000, 0x0000000100000000)
  region size 1024K, 75 young (76800K), 9 survivors (9216K)
 Metaspace       used 97441K, capacity 100244K, committed 100556K, reserved 1136640K
  class space    used 12831K, capacity 13999K, committed 14080K, reserved 1048576K
}
Event: 15.871 GC heap after
{Heap after GC invocations=36 (full 0):
 garbage-first heap   total 331776K, used 173836K [0x0000000080000000, 0x0000000100000000)
  region size 1024K, 10 young (10240K), 10 survivors (10240K)
 Metaspace       used 97441K, capacity 100244K, committed 100556K, reserved 1136640K
  class space    used 12831K, capacity 13999K, committed 14080K, reserved 1048576K
}
Event: 16.022 GC heap before
{Heap before GC invocations=36 (full 0):
 garbage-first heap   total 331776K, used 240396K [0x0000000080000000, 0x0000000100000000)
  region size 1024K, 75 young (76800K), 10 survivors (10240K)
 Metaspace       used 98327K, capacity 101126K, committed 101196K, reserved 1136640K
  class space    used 12999K, capacity 14167K, committed 14208K, reserved 1048576K
}
Event: 16.051 GC heap after
{Heap after GC invocations=37 (full 0):
 garbage-first heap   total 331776K, used 187104K [0x0000000080000000, 0x0000000100000000)
  region size 1024K, 10 young (10240K), 10 survivors (10240K)
 Metaspace       used 98327K, capacity 101126K, committed 101196K, reserved 1136640K
  class space    used 12999K, capacity 14167K, committed 14208K, reserved 1048576K
}
Event: 16.373 GC heap before
{Heap before GC invocations=38 (full 0):
 garbage-first heap   total 331776K, used 249568K [0x0000000080000000, 0x0000000100000000)
  region size 1024K, 72 young (73728K), 10 survivors (10240K)
 Metaspace       used 99757K, capacity 102485K, committed 103116K, reserved 1138688K
  class space    used 13186K, capacity 14317K, committed 14592K, reserved 1048576K
}

