# JRE version: OpenJDK Runtime Environment (11.0.10) (build 11.0.10+0-b96-7249189)
# Java VM: OpenJDK 64-Bit Server VM (11.0.10+0-b96-7249189, mixed mode, tiered, compressed oops, g1 gc, windows-amd64)
Heap:
 garbage-first heap   total 306176K, used 99433K [0x0000000080000000, 0x0000000100000000)
  region size 1024K, 5 young (5120K), 5 survivors (5120K)
 Metaspace       used 100902K, capacity 103236K, committed 103628K, reserved 1138688K
  class space    used 12484K, capacity 13319K, committed 13516K, reserved 1048576K
GC Heap History (20 events):
Event: 17.605 GC heap after
{Heap after GC invocations=39 (full 0):
 garbage-first heap   total 199680K, used 95232K [0x0000000080000000, 0x0000000100000000)
  region size 1024K, 5 young (5120K), 5 survivors (5120K)
 Metaspace       used 87905K, capacity 90191K, committed 90316K, reserved 1128448K
  class space    used 11304K, capacity 12165K, committed 12236K, reserved 1048576K
}
Event: 17.765 GC heap before
{Heap before GC invocations=39 (full 0):
 garbage-first heap   total 199680K, used 104448K [0x0000000080000000, 0x0000000100000000)
  region size 1024K, 15 young (15360K), 5 survivors (5120K)
 Metaspace       used 88663K, capacity 90984K, committed 91084K, reserved 1128448K
  class space    used 11372K, capacity 12217K, committed 12236K, reserved 1048576K
}
Event: 17.773 GC heap after
{Heap after GC invocations=40 (full 0):
 garbage-first heap   total 199680K, used 96430K [0x0000000080000000, 0x0000000100000000)
  region size 1024K, 2 young (2048K), 2 survivors (2048K)
 Metaspace       used 88663K, capacity 90984K, committed 91084K, reserved 1128448K
  class space    used 11372K, capacity 12217K, committed 12236K, reserved 1048576K
}
Event: 18.555 GC heap before
{Heap before GC invocations=41 (full 0):
 garbage-first heap   total 199680K, used 143534K [0x0000000080000000, 0x0000000100000000)
  region size 1024K, 40 young (40960K), 2 survivors (2048K)
 Metaspace       used 90938K, capacity 93072K, committed 93772K, reserved 1130496K
  class space    used 11536K, capacity 12328K, committed 12620K, reserved 1048576K
}
Event: 18.566 GC heap after
{Heap after GC invocations=42 (full 0):
 garbage-first heap   total 199680K, used 102400K [0x0000000080000000, 0x0000000100000000)
  region size 1024K, 5 young (5120K), 5 survivors (5120K)
 Metaspace       used 90938K, capacity 93072K, committed 93772K, reserved 1130496K
  class space    used 11536K, capacity 12328K, committed 12620K, reserved 1048576K
}
Event: 18.724 GC heap before
{Heap before GC invocations=42 (full 0):
 garbage-first heap   total 199680K, used 141312K [0x0000000080000000, 0x0000000100000000)
  region size 1024K, 43 young (44032K), 5 survivors (5120K)
 Metaspace       used 90952K, capacity 93136K, committed 93772K, reserved 1130496K
  class space    used 11536K, capacity 12328K, committed 12620K, reserved 1048576K
}
Event: 18.732 GC heap after
{Heap after GC invocations=43 (full 0):
 garbage-first heap   total 199680K, used 102362K [0x0000000080000000, 0x0000000100000000)
  region size 1024K, 1 young (1024K), 1 survivors (1024K)
 Metaspace       used 90952K, capacity 93136K, committed 93772K, reserved 1130496K
  class space    used 11536K, capacity 12328K, committed 12620K, reserved 1048576K
}
Event: 18.958 GC heap before
{Heap before GC invocations=44 (full 0):
 garbage-first heap   total 199680K, used 132058K [0x0000000080000000, 0x0000000100000000)
  region size 1024K, 24 young (24576K), 1 survivors (1024K)
 Metaspace       used 90975K, capacity 93206K, committed 94028K, reserved 1130496K
  class space    used 11539K, capacity 12330K, committed 12620K, reserved 1048576K
}
Event: 18.964 GC heap after
{Heap after GC invocations=45 (full 0):
 garbage-first heap   total 199680K, used 109529K [0x0000000080000000, 0x0000000100000000)
  region size 1024K, 4 young (4096K), 4 survivors (4096K)
 Metaspace       used 90975K, capacity 93206K, committed 94028K, reserved 1130496K
  class space    used 11539K, capacity 12330K, committed 12620K, reserved 1048576K
}
Event: 19.531 GC heap before
{Heap before GC invocations=46 (full 0):
 garbage-first heap   total 199680K, used 156633K [0x0000000080000000, 0x0000000100000000)
  region size 1024K, 43 young (44032K), 4 survivors (4096K)
 Metaspace       used 94309K, capacity 96564K, committed 97100K, reserved 1134592K
  class space    used 11820K, capacity 12637K, committed 12876K, reserved 1048576K
}
Event: 19.544 GC heap after
{Heap after GC invocations=47 (full 0):
 garbage-first heap   total 199680K, used 106834K [0x0000000080000000, 0x0000000100000000)
  region size 1024K, 5 young (5120K), 5 survivors (5120K)
 Metaspace       used 94309K, capacity 96564K, committed 97100K, reserved 1134592K
  class space    used 11820K, capacity 12637K, committed 12876K, reserved 1048576K
}
Event: 19.759 GC heap before
{Heap before GC invocations=47 (full 0):
 garbage-first heap   total 199680K, used 148818K [0x0000000080000000, 0x0000000100000000)
  region size 1024K, 47 young (48128K), 5 survivors (5120K)
 Metaspace       used 94802K, capacity 97044K, committed 97612K, reserved 1134592K
  class space    used 11844K, capacity 12669K, committed 12876K, reserved 1048576K
}
Event: 19.780 GC heap after
{Heap after GC invocations=48 (full 0):
 garbage-first heap   total 239616K, used 106988K [0x0000000080000000, 0x0000000100000000)
  region size 1024K, 2 young (2048K), 2 survivors (2048K)
 Metaspace       used 94802K, capacity 97044K, committed 97612K, reserved 1134592K
  class space    used 11844K, capacity 12669K, committed 12876K, reserved 1048576K
}
Event: 21.142 GC heap before
{Heap before GC invocations=49 (full 0):
 garbage-first heap   total 239616K, used 159212K [0x0000000080000000, 0x0000000100000000)
  region size 1024K, 62 young (63488K), 2 survivors (2048K)
 Metaspace       used 97114K, capacity 99374K, committed 99916K, reserved 1136640K
  class space    used 12072K, capacity 12907K, committed 13132K, reserved 1048576K
}
Event: 21.162 GC heap after
{Heap after GC invocations=50 (full 0):
 garbage-first heap   total 239616K, used 100294K [0x0000000080000000, 0x0000000100000000)
  region size 1024K, 4 young (4096K), 4 survivors (4096K)
 Metaspace       used 97114K, capacity 99374K, committed 99916K, reserved 1136640K
  class space    used 12072K, capacity 12907K, committed 13132K, reserved 1048576K
}
Event: 21.300 GC heap before
{Heap before GC invocations=50 (full 0):
 garbage-first heap   total 239616K, used 107462K [0x0000000080000000, 0x0000000100000000)
  region size 1024K, 11 young (11264K), 4 survivors (4096K)
 Metaspace       used 97543K, capacity 99726K, committed 100172K, reserved 1136640K
  class space    used 12129K, capacity 12939K, committed 13132K, reserved 1048576K
}
Event: 21.325 GC heap after
{Heap after GC invocations=51 (full 0):
 garbage-first heap   total 239616K, used 93605K [0x0000000080000000, 0x0000000100000000)
  region size 1024K, 1 young (1024K), 1 survivors (1024K)
 Metaspace       used 97543K, capacity 99726K, committed 100172K, reserved 1136640K
  class space    used 12129K, capacity 12939K, committed 13132K, reserved 1048576K
}
Event: 22.464 GC heap before
{Heap before GC invocations=51 (full 0):
 garbage-first heap   total 239616K, used 162213K [0x0000000080000000, 0x0000000100000000)
  region size 1024K, 69 young (70656K), 1 survivors (1024K)
 Metaspace       used 100468K, capacity 102735K, committed 103116K, reserved 1138688K
  class space    used 12457K, capacity 13282K, committed 13516K, reserved 1048576K
}
Event: 22.478 GC heap after
{Heap after GC invocations=52 (full 0):
 garbage-first heap   total 239616K, used 96267K [0x0000000080000000, 0x0000000100000000)
  region size 1024K, 4 young (4096K), 4 survivors (4096K)
 Metaspace       used 100468K, capacity 102735K, committed 103116K, reserved 1138688K
  class space    used 12457K, capacity 13282K, committed 13516K, reserved 1048576K
}
Event: 23.418 GC heap before
{Heap before GC invocations=52 (full 0):
 garbage-first heap   total 239616K, used 182283K [0x0000000080000000, 0x0000000100000000)
  region size 1024K, 87 young (89088K), 4 survivors (4096K)
 Metaspace       used 100902K, capacity 103236K, committed 103628K, reserved 1138688K
  class space    used 12484K, capacity 13319K, committed 13516K, reserved 1048576K
}

