# JRE version: OpenJDK Runtime Environment (11.0.10) (build 11.0.10+0-b96-7249189)
# Java VM: OpenJDK 64-Bit Server VM (11.0.10+0-b96-7249189, mixed mode, tiered, compressed oops, g1 gc, windows-amd64)
Heap:
 garbage-first heap   total 820224K, used 218153K [0x0000000080000000, 0x0000000100000000)
  region size 1024K, 9 young (9216K), 9 survivors (9216K)
 Metaspace       used 133541K, capacity 137540K, committed 137728K, reserved 1169408K
  class space    used 17118K, capacity 18582K, committed 18688K, reserved 1048576K
GC Heap History (20 events):
Event: 60.684 GC heap after
{Heap after GC invocations=71 (full 0):
 garbage-first heap   total 172032K, used 135679K [0x0000000080000000, 0x0000000100000000)
  region size 1024K, 2 young (2048K), 2 survivors (2048K)
 Metaspace       used 124087K, capacity 127433K, committed 127488K, reserved 1159168K
  class space    used 15664K, capacity 16851K, committed 16896K, reserved 1048576K
}
Event: 60.702 GC heap before
{Heap before GC invocations=71 (full 0):
 garbage-first heap   total 172032K, used 147967K [0x0000000080000000, 0x0000000100000000)
  region size 1024K, 14 young (14336K), 2 survivors (2048K)
 Metaspace       used 124117K, capacity 127465K, committed 127488K, reserved 1159168K
  class space    used 15668K, capacity 16883K, committed 16896K, reserved 1048576K
}
Event: 60.705 GC heap after
{Heap after GC invocations=72 (full 0):
 garbage-first heap   total 172032K, used 137577K [0x0000000080000000, 0x0000000100000000)
  region size 1024K, 2 young (2048K), 2 survivors (2048K)
 Metaspace       used 124117K, capacity 127465K, committed 127488K, reserved 1159168K
  class space    used 15668K, capacity 16883K, committed 16896K, reserved 1048576K
}
Event: 60.740 GC heap before
{Heap before GC invocations=72 (full 0):
 garbage-first heap   total 172032K, used 148841K [0x0000000080000000, 0x0000000100000000)
  region size 1024K, 13 young (13312K), 2 survivors (2048K)
 Metaspace       used 124299K, capacity 127663K, committed 127744K, reserved 1161216K
  class space    used 15690K, capacity 16885K, committed 16896K, reserved 1048576K
}
Event: 60.745 GC heap after
{Heap after GC invocations=73 (full 0):
 garbage-first heap   total 236544K, used 139219K [0x0000000080000000, 0x0000000100000000)
  region size 1024K, 2 young (2048K), 2 survivors (2048K)
 Metaspace       used 124299K, capacity 127663K, committed 127744K, reserved 1161216K
  class space    used 15690K, capacity 16885K, committed 16896K, reserved 1048576K
}
Event: 61.394 GC heap before
{Heap before GC invocations=74 (full 0):
 garbage-first heap   total 236544K, used 183251K [0x0000000080000000, 0x0000000100000000)
  region size 1024K, 46 young (47104K), 2 survivors (2048K)
 Metaspace       used 125527K, capacity 128979K, committed 129024K, reserved 1161216K
  class space    used 15898K, capacity 17149K, committed 17152K, reserved 1048576K
}
Event: 61.403 GC heap after
{Heap after GC invocations=75 (full 0):
 garbage-first heap   total 236544K, used 151374K [0x0000000080000000, 0x0000000100000000)
  region size 1024K, 6 young (6144K), 6 survivors (6144K)
 Metaspace       used 125527K, capacity 128979K, committed 129024K, reserved 1161216K
  class space    used 15898K, capacity 17149K, committed 17152K, reserved 1048576K
}
Event: 61.581 GC heap before
{Heap before GC invocations=75 (full 0):
 garbage-first heap   total 236544K, used 188238K [0x0000000080000000, 0x0000000100000000)
  region size 1024K, 44 young (45056K), 6 survivors (6144K)
 Metaspace       used 125929K, capacity 129414K, committed 129664K, reserved 1161216K
  class space    used 15946K, capacity 17209K, committed 17280K, reserved 1048576K
}
Event: 61.599 GC heap after
{Heap after GC invocations=76 (full 0):
 garbage-first heap   total 236544K, used 161574K [0x0000000080000000, 0x0000000100000000)
  region size 1024K, 6 young (6144K), 6 survivors (6144K)
 Metaspace       used 125929K, capacity 129414K, committed 129664K, reserved 1161216K
  class space    used 15946K, capacity 17209K, committed 17280K, reserved 1048576K
}
Event: 61.787 GC heap before
{Heap before GC invocations=76 (full 0):
 garbage-first heap   total 236544K, used 191270K [0x0000000080000000, 0x0000000100000000)
  region size 1024K, 36 young (36864K), 6 survivors (6144K)
 Metaspace       used 126086K, capacity 129604K, committed 129664K, reserved 1161216K
  class space    used 15958K, capacity 17248K, committed 17280K, reserved 1048576K
}
Event: 61.803 GC heap after
{Heap after GC invocations=77 (full 0):
 garbage-first heap   total 236544K, used 169984K [0x0000000080000000, 0x0000000100000000)
  region size 1024K, 5 young (5120K), 5 survivors (5120K)
 Metaspace       used 126086K, capacity 129604K, committed 129664K, reserved 1161216K
  class space    used 15958K, capacity 17248K, committed 17280K, reserved 1048576K
}
Event: 61.973 GC heap before
{Heap before GC invocations=78 (full 0):
 garbage-first heap   total 236544K, used 195584K [0x0000000080000000, 0x0000000100000000)
  region size 1024K, 30 young (30720K), 5 survivors (5120K)
 Metaspace       used 126805K, capacity 130313K, committed 130560K, reserved 1163264K
  class space    used 16063K, capacity 17355K, committed 17408K, reserved 1048576K
}
Event: 61.994 GC heap after
{Heap after GC invocations=79 (full 0):
 garbage-first heap   total 409600K, used 176332K [0x0000000080000000, 0x0000000100000000)
  region size 1024K, 4 young (4096K), 4 survivors (4096K)
 Metaspace       used 126805K, capacity 130313K, committed 130560K, reserved 1163264K
  class space    used 16063K, capacity 17355K, committed 17408K, reserved 1048576K
}
Event: 62.063 GC heap before
{Heap before GC invocations=79 (full 0):
 garbage-first heap   total 409600K, used 191692K [0x0000000080000000, 0x0000000100000000)
  region size 1024K, 20 young (20480K), 4 survivors (4096K)
 Metaspace       used 127461K, capacity 130956K, committed 131200K, reserved 1163264K
  class space    used 16145K, capacity 17419K, committed 17536K, reserved 1048576K
}
Event: 62.075 GC heap after
{Heap after GC invocations=80 (full 0):
 garbage-first heap   total 409600K, used 180736K [0x0000000080000000, 0x0000000100000000)
  region size 1024K, 3 young (3072K), 3 survivors (3072K)
 Metaspace       used 127461K, capacity 130956K, committed 131200K, reserved 1163264K
  class space    used 16145K, capacity 17419K, committed 17536K, reserved 1048576K
}
Event: 62.384 GC heap before
{Heap before GC invocations=80 (full 0):
 garbage-first heap   total 409600K, used 267776K [0x0000000080000000, 0x0000000100000000)
  region size 1024K, 88 young (90112K), 3 survivors (3072K)
 Metaspace       used 129881K, capacity 133567K, committed 133632K, reserved 1165312K
  class space    used 16564K, capacity 17906K, committed 17920K, reserved 1048576K
}
Event: 62.457 GC heap after
{Heap after GC invocations=81 (full 0):
 garbage-first heap   total 409600K, used 195714K [0x0000000080000000, 0x0000000100000000)
  region size 1024K, 11 young (11264K), 11 survivors (11264K)
 Metaspace       used 129881K, capacity 133567K, committed 133632K, reserved 1165312K
  class space    used 16564K, capacity 17906K, committed 17920K, reserved 1048576K
}
Event: 62.804 GC heap before
{Heap before GC invocations=81 (full 0):
 garbage-first heap   total 409600K, used 285826K [0x0000000080000000, 0x0000000100000000)
  region size 1024K, 99 young (101376K), 11 survivors (11264K)
 Metaspace       used 132368K, capacity 136250K, committed 136448K, reserved 1167360K
  class space    used 16963K, capacity 18392K, committed 18432K, reserved 1048576K
}
Event: 62.833 GC heap after
{Heap after GC invocations=82 (full 0):
 garbage-first heap   total 409600K, used 209501K [0x0000000080000000, 0x0000000100000000)
  region size 1024K, 13 young (13312K), 13 survivors (13312K)
 Metaspace       used 132368K, capacity 136250K, committed 136448K, reserved 1167360K
  class space    used 16963K, capacity 18392K, committed 18432K, reserved 1048576K
}
Event: 63.280 GC heap before
{Heap before GC invocations=82 (full 0):
 garbage-first heap   total 409600K, used 298589K [0x0000000080000000, 0x0000000100000000)
  region size 1024K, 101 young (103424K), 13 survivors (13312K)
 Metaspace       used 133541K, capacity 137540K, committed 137728K, reserved 1169408K
  class space    used 17118K, capacity 18582K, committed 18688K, reserved 1048576K
}

