# JRE version: OpenJDK Runtime Environment (11.0.10) (build 11.0.10+0-b96-7249189)
# Java VM: OpenJDK 64-Bit Server VM (11.0.10+0-b96-7249189, mixed mode, tiered, compressed oops, g1 gc, windows-amd64)
Heap:
 garbage-first heap   total 251904K, used 177109K [0x0000000080000000, 0x0000000100000000)
  region size 1024K, 11 young (11264K), 4 survivors (4096K)
 Metaspace       used 100359K, capacity 102691K, committed 102860K, reserved 1138688K
  class space    used 13095K, capacity 13978K, committed 14028K, reserved 1048576K
GC Heap History (20 events):
Event: 19.916 GC heap before
{Heap before GC invocations=32 (full 0):
 garbage-first heap   total 172032K, used 104423K [0x0000000080000000, 0x0000000100000000)
  region size 1024K, 15 young (15360K), 4 survivors (4096K)
 Metaspace       used 95471K, capacity 97523K, committed 97868K, reserved 1134592K
  class space    used 12232K, capacity 12989K, committed 13132K, reserved 1048576K
}
Event: 19.925 GC heap after
{Heap after GC invocations=33 (full 0):
 garbage-first heap   total 172032K, used 96552K [0x0000000080000000, 0x0000000100000000)
  region size 1024K, 3 young (3072K), 3 survivors (3072K)
 Metaspace       used 95471K, capacity 97523K, committed 97868K, reserved 1134592K
  class space    used 12232K, capacity 12989K, committed 13132K, reserved 1048576K
}
Event: 20.243 GC heap before
{Heap before GC invocations=34 (full 0):
 garbage-first heap   total 172032K, used 153896K [0x0000000080000000, 0x0000000100000000)
  region size 1024K, 41 young (41984K), 3 survivors (3072K)
 Metaspace       used 95689K, capacity 97758K, committed 98124K, reserved 1134592K
  class space    used 12257K, capacity 13024K, committed 13132K, reserved 1048576K
}
Event: 20.268 GC heap after
{Heap after GC invocations=35 (full 0):
 garbage-first heap   total 173056K, used 120792K [0x0000000080000000, 0x0000000100000000)
  region size 1024K, 6 young (6144K), 6 survivors (6144K)
 Metaspace       used 95689K, capacity 97758K, committed 98124K, reserved 1134592K
  class space    used 12257K, capacity 13024K, committed 13132K, reserved 1048576K
}
Event: 20.583 GC heap before
{Heap before GC invocations=35 (full 0):
 garbage-first heap   total 173056K, used 141272K [0x0000000080000000, 0x0000000100000000)
  region size 1024K, 27 young (27648K), 6 survivors (6144K)
 Metaspace       used 97968K, capacity 100118K, committed 100428K, reserved 1136640K
  class space    used 12744K, capacity 13537K, committed 13644K, reserved 1048576K
}
Event: 20.604 GC heap after
{Heap after GC invocations=36 (full 0):
 garbage-first heap   total 173056K, used 130728K [0x0000000080000000, 0x0000000100000000)
  region size 1024K, 4 young (4096K), 4 survivors (4096K)
 Metaspace       used 97968K, capacity 100118K, committed 100428K, reserved 1136640K
  class space    used 12744K, capacity 13537K, committed 13644K, reserved 1048576K
}
Event: 20.722 GC heap before
{Heap before GC invocations=36 (full 0):
 garbage-first heap   total 173056K, used 143016K [0x0000000080000000, 0x0000000100000000)
  region size 1024K, 17 young (17408K), 4 survivors (4096K)
 Metaspace       used 97999K, capacity 100122K, committed 100428K, reserved 1136640K
  class space    used 12744K, capacity 13537K, committed 13644K, reserved 1048576K
}
Event: 20.736 GC heap after
{Heap after GC invocations=37 (full 0):
 garbage-first heap   total 173056K, used 137929K [0x0000000080000000, 0x0000000100000000)
  region size 1024K, 3 young (3072K), 3 survivors (3072K)
 Metaspace       used 97999K, capacity 100122K, committed 100428K, reserved 1136640K
  class space    used 12744K, capacity 13537K, committed 13644K, reserved 1048576K
}
Event: 20.818 GC heap before
{Heap before GC invocations=37 (full 0):
 garbage-first heap   total 173056K, used 145097K [0x0000000080000000, 0x0000000100000000)
  region size 1024K, 11 young (11264K), 3 survivors (3072K)
 Metaspace       used 98006K, capacity 100122K, committed 100428K, reserved 1136640K
  class space    used 12744K, capacity 13537K, committed 13644K, reserved 1048576K
}
Event: 20.829 GC heap after
{Heap after GC invocations=38 (full 0):
 garbage-first heap   total 209920K, used 142934K [0x0000000080000000, 0x0000000100000000)
  region size 1024K, 2 young (2048K), 2 survivors (2048K)
 Metaspace       used 98006K, capacity 100122K, committed 100428K, reserved 1136640K
  class space    used 12744K, capacity 13537K, committed 13644K, reserved 1048576K
}
Event: 20.995 GC heap before
{Heap before GC invocations=39 (full 0):
 garbage-first heap   total 209920K, used 164438K [0x0000000080000000, 0x0000000100000000)
  region size 1024K, 24 young (24576K), 2 survivors (2048K)
 Metaspace       used 98060K, capacity 100189K, committed 100428K, reserved 1136640K
  class space    used 12744K, capacity 13537K, committed 13644K, reserved 1048576K
}
Event: 21.009 GC heap after
{Heap after GC invocations=40 (full 0):
 garbage-first heap   total 209920K, used 155228K [0x0000000080000000, 0x0000000100000000)
  region size 1024K, 3 young (3072K), 3 survivors (3072K)
 Metaspace       used 98060K, capacity 100189K, committed 100428K, reserved 1136640K
  class space    used 12744K, capacity 13537K, committed 13644K, reserved 1048576K
}
Event: 21.028 GC heap before
{Heap before GC invocations=40 (full 0):
 garbage-first heap   total 209920K, used 158300K [0x0000000080000000, 0x0000000100000000)
  region size 1024K, 7 young (7168K), 3 survivors (3072K)
 Metaspace       used 98061K, capacity 100189K, committed 100428K, reserved 1136640K
  class space    used 12744K, capacity 13537K, committed 13644K, reserved 1048576K
}
Event: 21.036 GC heap after
{Heap after GC invocations=41 (full 0):
 garbage-first heap   total 209920K, used 157984K [0x0000000080000000, 0x0000000100000000)
  region size 1024K, 3 young (3072K), 3 survivors (3072K)
 Metaspace       used 98061K, capacity 100189K, committed 100428K, reserved 1136640K
  class space    used 12744K, capacity 13537K, committed 13644K, reserved 1048576K
}
Event: 21.108 GC heap before
{Heap before GC invocations=41 (full 0):
 garbage-first heap   total 209920K, used 171296K [0x0000000080000000, 0x0000000100000000)
  region size 1024K, 14 young (14336K), 3 survivors (3072K)
 Metaspace       used 98061K, capacity 100189K, committed 100428K, reserved 1136640K
  class space    used 12744K, capacity 13537K, committed 13644K, reserved 1048576K
}
Event: 21.115 GC heap after
{Heap after GC invocations=42 (full 0):
 garbage-first heap   total 209920K, used 165737K [0x0000000080000000, 0x0000000100000000)
  region size 1024K, 2 young (2048K), 2 survivors (2048K)
 Metaspace       used 98061K, capacity 100189K, committed 100428K, reserved 1136640K
  class space    used 12744K, capacity 13537K, committed 13644K, reserved 1048576K
}
Event: 21.374 GC heap before
{Heap before GC invocations=42 (full 0):
 garbage-first heap   total 209920K, used 173929K [0x0000000080000000, 0x0000000100000000)
  region size 1024K, 11 young (11264K), 2 survivors (2048K)
 Metaspace       used 99675K, capacity 101869K, committed 102220K, reserved 1138688K
  class space    used 12971K, capacity 13771K, committed 13900K, reserved 1048576K
}
Event: 21.382 GC heap after
{Heap after GC invocations=43 (full 0):
 garbage-first heap   total 251904K, used 167617K [0x0000000080000000, 0x0000000100000000)
  region size 1024K, 2 young (2048K), 2 survivors (2048K)
 Metaspace       used 99675K, capacity 101869K, committed 102220K, reserved 1138688K
  class space    used 12971K, capacity 13771K, committed 13900K, reserved 1048576K
}
Event: 21.514 GC heap before
{Heap before GC invocations=44 (full 0):
 garbage-first heap   total 251904K, used 181953K [0x0000000080000000, 0x0000000100000000)
  region size 1024K, 17 young (17408K), 2 survivors (2048K)
 Metaspace       used 99958K, capacity 102150K, committed 102476K, reserved 1138688K
  class space    used 13015K, capacity 13816K, committed 13900K, reserved 1048576K
}
Event: 21.523 GC heap after
{Heap after GC invocations=45 (full 0):
 garbage-first heap   total 251904K, used 169941K [0x0000000080000000, 0x0000000100000000)
  region size 1024K, 4 young (4096K), 4 survivors (4096K)
 Metaspace       used 99958K, capacity 102150K, committed 102476K, reserved 1138688K
  class space    used 13015K, capacity 13816K, committed 13900K, reserved 1048576K
}

