# JRE version: OpenJDK Runtime Environment (11.0.10) (build 11.0.10+0-b96-7249189)
# Java VM: OpenJDK 64-Bit Server VM (11.0.10+0-b96-7249189, mixed mode, tiered, compressed oops, g1 gc, windows-amd64)
Heap:
 garbage-first heap   total 736256K, used 256241K [0x0000000080000000, 0x0000000100000000)
  region size 1024K, 4 young (4096K), 4 survivors (4096K)
 Metaspace       used 125040K, capacity 128595K, committed 128640K, reserved 1161216K
  class space    used 15977K, capacity 17269K, committed 17280K, reserved 1048576K
GC Heap History (20 events):
Event: 27.386 GC heap after
{Heap after GC invocations=56 (full 0):
 garbage-first heap   total 248832K, used 175761K [0x0000000080000000, 0x0000000100000000)
  region size 1024K, 6 young (6144K), 6 survivors (6144K)
 Metaspace       used 118641K, capacity 122034K, committed 122240K, reserved 1155072K
  class space    used 15041K, capacity 16256K, committed 16256K, reserved 1048576K
}
Event: 27.654 GC heap before
{Heap before GC invocations=56 (full 0):
 garbage-first heap   total 248832K, used 204433K [0x0000000080000000, 0x0000000100000000)
  region size 1024K, 35 young (35840K), 6 survivors (6144K)
 Metaspace       used 118806K, capacity 122127K, committed 122368K, reserved 1155072K
  class space    used 15042K, capacity 16217K, committed 16384K, reserved 1048576K
}
Event: 27.674 GC heap after
{Heap after GC invocations=57 (full 0):
 garbage-first heap   total 299008K, used 183999K [0x0000000080000000, 0x0000000100000000)
  region size 1024K, 5 young (5120K), 5 survivors (5120K)
 Metaspace       used 118806K, capacity 122127K, committed 122368K, reserved 1155072K
  class space    used 15042K, capacity 16217K, committed 16384K, reserved 1048576K
}
Event: 27.914 GC heap before
{Heap before GC invocations=58 (full 0):
 garbage-first heap   total 299008K, used 230079K [0x0000000080000000, 0x0000000100000000)
  region size 1024K, 50 young (51200K), 5 survivors (5120K)
 Metaspace       used 120102K, capacity 123456K, committed 123776K, reserved 1157120K
  class space    used 15221K, capacity 16423K, committed 16512K, reserved 1048576K
}
Event: 27.935 GC heap after
{Heap after GC invocations=59 (full 0):
 garbage-first heap   total 299008K, used 194768K [0x0000000080000000, 0x0000000100000000)
  region size 1024K, 7 young (7168K), 7 survivors (7168K)
 Metaspace       used 120102K, capacity 123456K, committed 123776K, reserved 1157120K
  class space    used 15221K, capacity 16423K, committed 16512K, reserved 1048576K
}
Event: 27.949 GC heap before
{Heap before GC invocations=59 (full 0):
 garbage-first heap   total 299008K, used 201936K [0x0000000080000000, 0x0000000100000000)
  region size 1024K, 14 young (14336K), 7 survivors (7168K)
 Metaspace       used 120141K, capacity 123465K, committed 123776K, reserved 1157120K
  class space    used 15226K, capacity 16426K, committed 16512K, reserved 1048576K
}
Event: 27.962 GC heap after
{Heap after GC invocations=60 (full 0):
 garbage-first heap   total 299008K, used 194950K [0x0000000080000000, 0x0000000100000000)
  region size 1024K, 2 young (2048K), 2 survivors (2048K)
 Metaspace       used 120141K, capacity 123465K, committed 123776K, reserved 1157120K
  class space    used 15226K, capacity 16426K, committed 16512K, reserved 1048576K
}
Event: 28.068 GC heap before
{Heap before GC invocations=60 (full 0):
 garbage-first heap   total 299008K, used 236934K [0x0000000080000000, 0x0000000100000000)
  region size 1024K, 44 young (45056K), 2 survivors (2048K)
 Metaspace       used 120436K, capacity 123829K, committed 124032K, reserved 1157120K
  class space    used 15266K, capacity 16487K, committed 16512K, reserved 1048576K
}
Event: 28.085 GC heap after
{Heap after GC invocations=61 (full 0):
 garbage-first heap   total 299008K, used 203981K [0x0000000080000000, 0x0000000100000000)
  region size 1024K, 6 young (6144K), 6 survivors (6144K)
 Metaspace       used 120436K, capacity 123829K, committed 124032K, reserved 1157120K
  class space    used 15266K, capacity 16487K, committed 16512K, reserved 1048576K
}
Event: 28.266 GC heap before
{Heap before GC invocations=61 (full 0):
 garbage-first heap   total 299008K, used 242893K [0x0000000080000000, 0x0000000100000000)
  region size 1024K, 44 young (45056K), 6 survivors (6144K)
 Metaspace       used 120518K, capacity 123859K, committed 124032K, reserved 1157120K
  class space    used 15270K, capacity 16493K, committed 16512K, reserved 1048576K
}
Event: 28.281 GC heap after
{Heap after GC invocations=62 (full 0):
 garbage-first heap   total 299008K, used 211823K [0x0000000080000000, 0x0000000100000000)
  region size 1024K, 6 young (6144K), 6 survivors (6144K)
 Metaspace       used 120518K, capacity 123859K, committed 124032K, reserved 1157120K
  class space    used 15270K, capacity 16493K, committed 16512K, reserved 1048576K
}
Event: 28.363 GC heap before
{Heap before GC invocations=62 (full 0):
 garbage-first heap   total 299008K, used 246639K [0x0000000080000000, 0x0000000100000000)
  region size 1024K, 41 young (41984K), 6 survivors (6144K)
 Metaspace       used 120755K, capacity 124117K, committed 124416K, reserved 1157120K
  class space    used 15309K, capacity 16536K, committed 16640K, reserved 1048576K
}
Event: 28.380 GC heap after
{Heap after GC invocations=63 (full 0):
 garbage-first heap   total 395264K, used 219135K [0x0000000080000000, 0x0000000100000000)
  region size 1024K, 6 young (6144K), 6 survivors (6144K)
 Metaspace       used 120755K, capacity 124117K, committed 124416K, reserved 1157120K
  class space    used 15309K, capacity 16536K, committed 16640K, reserved 1048576K
}
Event: 28.586 GC heap before
{Heap before GC invocations=64 (full 0):
 garbage-first heap   total 395264K, used 287743K [0x0000000080000000, 0x0000000100000000)
  region size 1024K, 73 young (74752K), 6 survivors (6144K)
 Metaspace       used 122495K, capacity 125874K, committed 125952K, reserved 1159168K
  class space    used 15634K, capacity 16867K, committed 16896K, reserved 1048576K
}
Event: 28.606 GC heap after
{Heap after GC invocations=65 (full 0):
 garbage-first heap   total 395264K, used 231215K [0x0000000080000000, 0x0000000100000000)
  region size 1024K, 10 young (10240K), 10 survivors (10240K)
 Metaspace       used 122495K, capacity 125874K, committed 125952K, reserved 1159168K
  class space    used 15634K, capacity 16867K, committed 16896K, reserved 1048576K
}
Event: 28.812 GC heap before
{Heap before GC invocations=65 (full 0):
 garbage-first heap   total 395264K, used 299823K [0x0000000080000000, 0x0000000100000000)
  region size 1024K, 77 young (78848K), 10 survivors (10240K)
 Metaspace       used 123901K, capacity 127450K, committed 127616K, reserved 1159168K
  class space    used 15901K, capacity 17201K, committed 17280K, reserved 1048576K
}
Event: 28.844 GC heap after
{Heap after GC invocations=66 (full 0):
 garbage-first heap   total 395264K, used 242554K [0x0000000080000000, 0x0000000100000000)
  region size 1024K, 10 young (10240K), 10 survivors (10240K)
 Metaspace       used 123901K, capacity 127450K, committed 127616K, reserved 1159168K
  class space    used 15901K, capacity 17201K, committed 17280K, reserved 1048576K
}
Event: 29.212 GC heap before
{Heap before GC invocations=66 (full 0):
 garbage-first heap   total 395264K, used 308090K [0x0000000080000000, 0x0000000100000000)
  region size 1024K, 75 young (76800K), 10 survivors (10240K)
 Metaspace       used 124481K, capacity 128052K, committed 128128K, reserved 1161216K
  class space    used 15957K, capacity 17247K, committed 17280K, reserved 1048576K
}
Event: 29.244 GC heap after
{Heap after GC invocations=67 (full 0):
 garbage-first heap   total 395264K, used 252099K [0x0000000080000000, 0x0000000100000000)
  region size 1024K, 10 young (10240K), 10 survivors (10240K)
 Metaspace       used 124481K, capacity 128052K, committed 128128K, reserved 1161216K
  class space    used 15957K, capacity 17247K, committed 17280K, reserved 1048576K
}
Event: 29.790 GC heap before
{Heap before GC invocations=68 (full 0):
 garbage-first heap   total 395264K, used 315587K [0x0000000080000000, 0x0000000100000000)
  region size 1024K, 72 young (73728K), 10 survivors (10240K)
 Metaspace       used 125040K, capacity 128595K, committed 128640K, reserved 1161216K
  class space    used 15977K, capacity 17269K, committed 17280K, reserved 1048576K
}

