# JRE version: OpenJDK Runtime Environment (11.0.10) (build 11.0.10+0-b96-7249189)
# Java VM: OpenJDK 64-Bit Server VM (11.0.10+0-b96-7249189, mixed mode, tiered, compressed oops, g1 gc, windows-amd64)
Heap:
 garbage-first heap   total 807936K, used 216676K [0x0000000080000000, 0x0000000100000000)
  region size 1024K, 5 young (5120K), 5 survivors (5120K)
 Metaspace       used 103664K, capacity 106322K, committed 106444K, reserved 1140736K
  class space    used 13433K, capacity 14474K, committed 14592K, reserved 1048576K
GC Heap History (20 events):
Event: 16.653 GC heap after
{Heap after GC invocations=33 (full 0):
 garbage-first heap   total 206848K, used 125860K [0x0000000080000000, 0x0000000100000000)
  region size 1024K, 7 young (7168K), 7 survivors (7168K)
 Metaspace       used 96239K, capacity 98581K, committed 98764K, reserved 1134592K
  class space    used 12354K, capacity 13231K, committed 13312K, reserved 1048576K
}
Event: 16.782 GC heap before
{Heap before GC invocations=33 (full 0):
 garbage-first heap   total 206848K, used 161700K [0x0000000080000000, 0x0000000100000000)
  region size 1024K, 43 young (44032K), 7 survivors (7168K)
 Metaspace       used 96512K, capacity 98919K, committed 99020K, reserved 1134592K
  class space    used 12389K, capacity 13279K, committed 13312K, reserved 1048576K
}
Event: 16.801 GC heap after
{Heap after GC invocations=34 (full 0):
 garbage-first heap   total 206848K, used 135784K [0x0000000080000000, 0x0000000100000000)
  region size 1024K, 6 young (6144K), 6 survivors (6144K)
 Metaspace       used 96512K, capacity 98919K, committed 99020K, reserved 1134592K
  class space    used 12389K, capacity 13279K, committed 13312K, reserved 1048576K
}
Event: 16.967 GC heap before
{Heap before GC invocations=35 (full 0):
 garbage-first heap   total 206848K, used 165480K [0x0000000080000000, 0x0000000100000000)
  region size 1024K, 36 young (36864K), 6 survivors (6144K)
 Metaspace       used 96990K, capacity 99422K, committed 99660K, reserved 1136640K
  class space    used 12466K, capacity 13361K, committed 13440K, reserved 1048576K
}
Event: 16.987 GC heap after
{Heap after GC invocations=36 (full 0):
 garbage-first heap   total 252928K, used 143840K [0x0000000080000000, 0x0000000100000000)
  region size 1024K, 5 young (5120K), 5 survivors (5120K)
 Metaspace       used 96990K, capacity 99422K, committed 99660K, reserved 1136640K
  class space    used 12466K, capacity 13361K, committed 13440K, reserved 1048576K
}
Event: 17.029 GC heap before
{Heap before GC invocations=36 (full 0):
 garbage-first heap   total 252928K, used 151008K [0x0000000080000000, 0x0000000100000000)
  region size 1024K, 12 young (12288K), 5 survivors (5120K)
 Metaspace       used 97122K, capacity 99486K, committed 99660K, reserved 1136640K
  class space    used 12484K, capacity 13361K, committed 13440K, reserved 1048576K
}
Event: 17.040 GC heap after
{Heap after GC invocations=37 (full 0):
 garbage-first heap   total 252928K, used 145556K [0x0000000080000000, 0x0000000100000000)
  region size 1024K, 2 young (2048K), 2 survivors (2048K)
 Metaspace       used 97122K, capacity 99486K, committed 99660K, reserved 1136640K
  class space    used 12484K, capacity 13361K, committed 13440K, reserved 1048576K
}
Event: 17.290 GC heap before
{Heap before GC invocations=37 (full 0):
 garbage-first heap   total 252928K, used 187540K [0x0000000080000000, 0x0000000100000000)
  region size 1024K, 44 young (45056K), 2 survivors (2048K)
 Metaspace       used 98580K, capacity 101068K, committed 101196K, reserved 1136640K
  class space    used 12707K, capacity 13662K, committed 13696K, reserved 1048576K
}
Event: 17.311 GC heap after
{Heap after GC invocations=38 (full 0):
 garbage-first heap   total 252928K, used 154468K [0x0000000080000000, 0x0000000100000000)
  region size 1024K, 6 young (6144K), 6 survivors (6144K)
 Metaspace       used 98580K, capacity 101068K, committed 101196K, reserved 1136640K
  class space    used 12707K, capacity 13662K, committed 13696K, reserved 1048576K
}
Event: 17.578 GC heap before
{Heap before GC invocations=38 (full 0):
 garbage-first heap   total 252928K, used 195428K [0x0000000080000000, 0x0000000100000000)
  region size 1024K, 46 young (47104K), 6 survivors (6144K)
 Metaspace       used 98683K, capacity 101043K, committed 101580K, reserved 1136640K
  class space    used 12667K, capacity 13591K, committed 13824K, reserved 1048576K
}
Event: 17.598 GC heap after
{Heap after GC invocations=39 (full 0):
 garbage-first heap   total 252928K, used 163956K [0x0000000080000000, 0x0000000100000000)
  region size 1024K, 6 young (6144K), 6 survivors (6144K)
 Metaspace       used 98683K, capacity 101043K, committed 101580K, reserved 1136640K
  class space    used 12667K, capacity 13591K, committed 13824K, reserved 1048576K
}
Event: 17.681 GC heap before
{Heap before GC invocations=40 (full 0):
 garbage-first heap   total 252928K, used 200820K [0x0000000080000000, 0x0000000100000000)
  region size 1024K, 42 young (43008K), 6 survivors (6144K)
 Metaspace       used 98881K, capacity 101321K, committed 101836K, reserved 1136640K
  class space    used 12698K, capacity 13639K, committed 13824K, reserved 1048576K
}
Event: 17.706 GC heap after
{Heap after GC invocations=41 (full 0):
 garbage-first heap   total 485376K, used 171387K [0x0000000080000000, 0x0000000100000000)
  region size 1024K, 6 young (6144K), 6 survivors (6144K)
 Metaspace       used 98881K, capacity 101321K, committed 101836K, reserved 1136640K
  class space    used 12698K, capacity 13639K, committed 13824K, reserved 1048576K
}
Event: 17.738 GC heap before
{Heap before GC invocations=41 (full 0):
 garbage-first heap   total 485376K, used 188795K [0x0000000080000000, 0x0000000100000000)
  region size 1024K, 23 young (23552K), 6 survivors (6144K)
 Metaspace       used 99093K, capacity 101534K, committed 101836K, reserved 1136640K
  class space    used 12743K, capacity 13689K, committed 13824K, reserved 1048576K
}
Event: 17.749 GC heap after
{Heap after GC invocations=42 (full 0):
 garbage-first heap   total 485376K, used 175270K [0x0000000080000000, 0x0000000100000000)
  region size 1024K, 3 young (3072K), 3 survivors (3072K)
 Metaspace       used 99093K, capacity 101534K, committed 101836K, reserved 1136640K
  class space    used 12743K, capacity 13689K, committed 13824K, reserved 1048576K
}
Event: 18.053 GC heap before
{Heap before GC invocations=42 (full 0):
 garbage-first heap   total 485376K, used 282790K [0x0000000080000000, 0x0000000100000000)
  region size 1024K, 108 young (110592K), 3 survivors (3072K)
 Metaspace       used 101814K, capacity 104474K, committed 104652K, reserved 1140736K
  class space    used 13260K, capacity 14277K, committed 14336K, reserved 1048576K
}
Event: 18.079 GC heap after
{Heap after GC invocations=43 (full 0):
 garbage-first heap   total 485376K, used 193296K [0x0000000080000000, 0x0000000100000000)
  region size 1024K, 14 young (14336K), 14 survivors (14336K)
 Metaspace       used 101814K, capacity 104474K, committed 104652K, reserved 1140736K
  class space    used 13260K, capacity 14277K, committed 14336K, reserved 1048576K
}
Event: 18.469 GC heap before
{Heap before GC invocations=43 (full 0):
 garbage-first heap   total 485376K, used 312080K [0x0000000080000000, 0x0000000100000000)
  region size 1024K, 131 young (134144K), 14 survivors (14336K)
 Metaspace       used 102859K, capacity 105485K, committed 105804K, reserved 1140736K
  class space    used 13379K, capacity 14389K, committed 14464K, reserved 1048576K
}
Event: 18.501 GC heap after
{Heap after GC invocations=44 (full 0):
 garbage-first heap   total 485376K, used 211409K [0x0000000080000000, 0x0000000100000000)
  region size 1024K, 17 young (17408K), 17 survivors (17408K)
 Metaspace       used 102859K, capacity 105485K, committed 105804K, reserved 1140736K
  class space    used 13379K, capacity 14389K, committed 14464K, reserved 1048576K
}
Event: 19.060 GC heap before
{Heap before GC invocations=44 (full 0):
 garbage-first heap   total 485376K, used 334289K [0x0000000080000000, 0x0000000100000000)
  region size 1024K, 138 young (141312K), 17 survivors (17408K)
 Metaspace       used 103664K, capacity 106322K, committed 106444K, reserved 1140736K
  class space    used 13433K, capacity 14474K, committed 14592K, reserved 1048576K
}

