# JRE version: OpenJDK Runtime Environment (11.0.10) (build 11.0.10+0-b96-7249189)
# Java VM: OpenJDK 64-Bit Server VM (11.0.10+0-b96-7249189, mixed mode, tiered, compressed oops, g1 gc, windows-amd64)
Heap:
 garbage-first heap   total 98304K, used 41423K [0x0000000080000000, 0x0000000100000000)
  region size 1024K, 10 young (10240K), 3 survivors (3072K)
 Metaspace       used 36563K, capacity 37531K, committed 37632K, reserved 1081344K
  class space    used 4797K, capacity 5155K, committed 5248K, reserved 1048576K
GC Heap History (12 events):
Event: 0.921 GC heap before
{Heap before GC invocations=0 (full 0):
 garbage-first heap   total 98304K, used 29696K [0x0000000080000000, 0x0000000100000000)
  region size 1024K, 24 young (24576K), 0 survivors (0K)
 Metaspace       used 10158K, capacity 10379K, committed 10624K, reserved 1058816K
  class space    used 1057K, capacity 1141K, committed 1152K, reserved 1048576K
}
Event: 0.928 GC heap after
{Heap after GC invocations=1 (full 0):
 garbage-first heap   total 98304K, used 9154K [0x0000000080000000, 0x0000000100000000)
  region size 1024K, 3 young (3072K), 3 survivors (3072K)
 Metaspace       used 10158K, capacity 10379K, committed 10624K, reserved 1058816K
  class space    used 1057K, capacity 1141K, committed 1152K, reserved 1048576K
}
Event: 1.794 GC heap before
{Heap before GC invocations=1 (full 0):
 garbage-first heap   total 98304K, used 64450K [0x0000000080000000, 0x0000000100000000)
  region size 1024K, 57 young (58368K), 3 survivors (3072K)
 Metaspace       used 13396K, capacity 13703K, committed 13952K, reserved 1060864K
  class space    used 1487K, capacity 1590K, committed 1664K, reserved 1048576K
}
Event: 1.801 GC heap after
{Heap after GC invocations=2 (full 0):
 garbage-first heap   total 98304K, used 15001K [0x0000000080000000, 0x0000000100000000)
  region size 1024K, 8 young (8192K), 8 survivors (8192K)
 Metaspace       used 13396K, capacity 13703K, committed 13952K, reserved 1060864K
  class space    used 1487K, capacity 1590K, committed 1664K, reserved 1048576K
}
Event: 2.999 GC heap before
{Heap before GC invocations=2 (full 0):
 garbage-first heap   total 98304K, used 56985K [0x0000000080000000, 0x0000000100000000)
  region size 1024K, 50 young (51200K), 8 survivors (8192K)
 Metaspace       used 20644K, capacity 21139K, committed 21248K, reserved 1067008K
  class space    used 2518K, capacity 2733K, committed 2816K, reserved 1048576K
}
Event: 3.009 GC heap after
{Heap after GC invocations=3 (full 0):
 garbage-first heap   total 98304K, used 16616K [0x0000000080000000, 0x0000000100000000)
  region size 1024K, 3 young (3072K), 3 survivors (3072K)
 Metaspace       used 20644K, capacity 21139K, committed 21248K, reserved 1067008K
  class space    used 2518K, capacity 2733K, committed 2816K, reserved 1048576K
}
Event: 3.647 GC heap before
{Heap before GC invocations=4 (full 0):
 garbage-first heap   total 98304K, used 62696K [0x0000000080000000, 0x0000000100000000)
  region size 1024K, 48 young (49152K), 3 survivors (3072K)
 Metaspace       used 25358K, capacity 26016K, committed 26112K, reserved 1071104K
  class space    used 3298K, capacity 3533K, committed 3584K, reserved 1048576K
}
Event: 3.652 GC heap after
{Heap after GC invocations=5 (full 0):
 garbage-first heap   total 98304K, used 18207K [0x0000000080000000, 0x0000000100000000)
  region size 1024K, 4 young (4096K), 4 survivors (4096K)
 Metaspace       used 25358K, capacity 26016K, committed 26112K, reserved 1071104K
  class space    used 3298K, capacity 3533K, committed 3584K, reserved 1048576K
}
Event: 4.435 GC heap before
{Heap before GC invocations=5 (full 0):
 garbage-first heap   total 98304K, used 77599K [0x0000000080000000, 0x0000000100000000)
  region size 1024K, 52 young (53248K), 4 survivors (4096K)
 Metaspace       used 29683K, capacity 30488K, committed 30720K, reserved 1075200K
  class space    used 3983K, capacity 4276K, committed 4352K, reserved 1048576K
}
Event: 4.441 GC heap after
{Heap after GC invocations=6 (full 0):
 garbage-first heap   total 98304K, used 32444K [0x0000000080000000, 0x0000000100000000)
  region size 1024K, 7 young (7168K), 7 survivors (7168K)
 Metaspace       used 29683K, capacity 30488K, committed 30720K, reserved 1075200K
  class space    used 3983K, capacity 4276K, committed 4352K, reserved 1048576K
}
Event: 5.005 GC heap before
{Heap before GC invocations=6 (full 0):
 garbage-first heap   total 98304K, used 53948K [0x0000000080000000, 0x0000000100000000)
  region size 1024K, 29 young (29696K), 7 survivors (7168K)
 Metaspace       used 34859K, capacity 35743K, committed 35840K, reserved 1081344K
  class space    used 4560K, capacity 4899K, committed 4992K, reserved 1048576K
}
Event: 5.016 GC heap after
{Heap after GC invocations=7 (full 0):
 garbage-first heap   total 98304K, used 35279K [0x0000000080000000, 0x0000000100000000)
  region size 1024K, 3 young (3072K), 3 survivors (3072K)
 Metaspace       used 34859K, capacity 35743K, committed 35840K, reserved 1081344K
  class space    used 4560K, capacity 4899K, committed 4992K, reserved 1048576K
}

