# JRE version: OpenJDK Runtime Environment (11.0.10) (build 11.0.10+0-b96-7249189)
# Java VM: OpenJDK 64-Bit Server VM (11.0.10+0-b96-7249189, mixed mode, tiered, compressed oops, g1 gc, windows-amd64)
Heap:
 garbage-first heap   total 172032K, used 109849K [0x0000000080000000, 0x0000000100000000)
  region size 1024K, 2 young (2048K), 2 survivors (2048K)
 Metaspace       used 116439K, capacity 119490K, committed 119756K, reserved 1153024K
  class space    used 15074K, capacity 16263K, committed 16332K, reserved 1048576K
GC Heap History (20 events):
Event: 70.883 GC heap after
{Heap after GC invocations=57 (full 0):
 garbage-first heap   total 143360K, used 113563K [0x0000000080000000, 0x0000000100000000)
  region size 1024K, 1 young (1024K), 1 survivors (1024K)
 Metaspace       used 110529K, capacity 113307K, committed 113484K, reserved 1146880K
  class space    used 14322K, capacity 15416K, committed 15436K, reserved 1048576K
}
Event: 71.427 GC heap before
{Heap before GC invocations=57 (full 0):
 garbage-first heap   total 143360K, used 121755K [0x0000000080000000, 0x0000000100000000)
  region size 1024K, 10 young (10240K), 1 survivors (1024K)
 Metaspace       used 112435K, capacity 115336K, committed 115532K, reserved 1148928K
  class space    used 14659K, capacity 15820K, committed 15948K, reserved 1048576K
}
Event: 71.435 GC heap after
{Heap after GC invocations=58 (full 0):
 garbage-first heap   total 143360K, used 113767K [0x0000000080000000, 0x0000000100000000)
  region size 1024K, 1 young (1024K), 1 survivors (1024K)
 Metaspace       used 112435K, capacity 115336K, committed 115532K, reserved 1148928K
  class space    used 14659K, capacity 15820K, committed 15948K, reserved 1048576K
}
Event: 71.822 GC heap before
{Heap before GC invocations=59 (full 0):
 garbage-first heap   total 143360K, used 122983K [0x0000000080000000, 0x0000000100000000)
  region size 1024K, 10 young (10240K), 1 survivors (1024K)
 Metaspace       used 112717K, capacity 115599K, committed 116044K, reserved 1148928K
  class space    used 14668K, capacity 15797K, committed 15948K, reserved 1048576K
}
Event: 71.828 GC heap after
{Heap after GC invocations=60 (full 0):
 garbage-first heap   total 143360K, used 114645K [0x0000000080000000, 0x0000000100000000)
  region size 1024K, 2 young (2048K), 2 survivors (2048K)
 Metaspace       used 112717K, capacity 115599K, committed 116044K, reserved 1148928K
  class space    used 14668K, capacity 15797K, committed 15948K, reserved 1048576K
}
Event: 72.278 GC heap before
{Heap before GC invocations=60 (full 0):
 garbage-first heap   total 143360K, used 123861K [0x0000000080000000, 0x0000000100000000)
  region size 1024K, 11 young (11264K), 2 survivors (2048K)
 Metaspace       used 113267K, capacity 116144K, committed 116300K, reserved 1148928K
  class space    used 14715K, capacity 15867K, committed 15948K, reserved 1048576K
}
Event: 72.287 GC heap after
{Heap after GC invocations=61 (full 0):
 garbage-first heap   total 143360K, used 115099K [0x0000000080000000, 0x0000000100000000)
  region size 1024K, 2 young (2048K), 2 survivors (2048K)
 Metaspace       used 113267K, capacity 116144K, committed 116300K, reserved 1148928K
  class space    used 14715K, capacity 15867K, committed 15948K, reserved 1048576K
}
Event: 72.858 GC heap before
{Heap before GC invocations=62 (full 0):
 garbage-first heap   total 143360K, used 123291K [0x0000000080000000, 0x0000000100000000)
  region size 1024K, 11 young (11264K), 2 survivors (2048K)
 Metaspace       used 114165K, capacity 117055K, committed 117196K, reserved 1150976K
  class space    used 14817K, capacity 15977K, committed 16076K, reserved 1048576K
}
Event: 72.862 GC heap after
{Heap after GC invocations=63 (full 0):
 garbage-first heap   total 143360K, used 114583K [0x0000000080000000, 0x0000000100000000)
  region size 1024K, 1 young (1024K), 1 survivors (1024K)
 Metaspace       used 114165K, capacity 117055K, committed 117196K, reserved 1150976K
  class space    used 14817K, capacity 15977K, committed 16076K, reserved 1048576K
}
Event: 73.078 GC heap before
{Heap before GC invocations=63 (full 0):
 garbage-first heap   total 143360K, used 123799K [0x0000000080000000, 0x0000000100000000)
  region size 1024K, 10 young (10240K), 1 survivors (1024K)
 Metaspace       used 114809K, capacity 117830K, committed 118092K, reserved 1150976K
  class space    used 14913K, capacity 16109K, committed 16204K, reserved 1048576K
}
Event: 73.084 GC heap after
{Heap after GC invocations=64 (full 0):
 garbage-first heap   total 143360K, used 115553K [0x0000000080000000, 0x0000000100000000)
  region size 1024K, 2 young (2048K), 2 survivors (2048K)
 Metaspace       used 114809K, capacity 117830K, committed 118092K, reserved 1150976K
  class space    used 14913K, capacity 16109K, committed 16204K, reserved 1048576K
}
Event: 73.475 GC heap before
{Heap before GC invocations=65 (full 0):
 garbage-first heap   total 143360K, used 122721K [0x0000000080000000, 0x0000000100000000)
  region size 1024K, 10 young (10240K), 2 survivors (2048K)
 Metaspace       used 115203K, capacity 118128K, committed 118604K, reserved 1150976K
  class space    used 14900K, capacity 16035K, committed 16204K, reserved 1048576K
}
Event: 73.481 GC heap after
{Heap after GC invocations=66 (full 0):
 garbage-first heap   total 143360K, used 115950K [0x0000000080000000, 0x0000000100000000)
  region size 1024K, 1 young (1024K), 1 survivors (1024K)
 Metaspace       used 115203K, capacity 118128K, committed 118604K, reserved 1150976K
  class space    used 14900K, capacity 16035K, committed 16204K, reserved 1048576K
}
Event: 73.797 GC heap before
{Heap before GC invocations=66 (full 0):
 garbage-first heap   total 143360K, used 124142K [0x0000000080000000, 0x0000000100000000)
  region size 1024K, 9 young (9216K), 1 survivors (1024K)
 Metaspace       used 115822K, capacity 118782K, committed 119244K, reserved 1153024K
  class space    used 14978K, capacity 16118K, committed 16332K, reserved 1048576K
}
Event: 73.801 GC heap after
{Heap after GC invocations=67 (full 0):
 garbage-first heap   total 143360K, used 116320K [0x0000000080000000, 0x0000000100000000)
  region size 1024K, 2 young (2048K), 2 survivors (2048K)
 Metaspace       used 115822K, capacity 118782K, committed 119244K, reserved 1153024K
  class space    used 14978K, capacity 16118K, committed 16332K, reserved 1048576K
}
Event: 74.490 GC heap before
{Heap before GC invocations=68 (full 0):
 garbage-first heap   total 143360K, used 124512K [0x0000000080000000, 0x0000000100000000)
  region size 1024K, 10 young (10240K), 2 survivors (2048K)
 Metaspace       used 116094K, capacity 119075K, committed 119500K, reserved 1153024K
  class space    used 15010K, capacity 16165K, committed 16332K, reserved 1048576K
}
Event: 74.496 GC heap after
{Heap after GC invocations=69 (full 0):
 garbage-first heap   total 143360K, used 116001K [0x0000000080000000, 0x0000000100000000)
  region size 1024K, 1 young (1024K), 1 survivors (1024K)
 Metaspace       used 116094K, capacity 119075K, committed 119500K, reserved 1153024K
  class space    used 15010K, capacity 16165K, committed 16332K, reserved 1048576K
}
Event: 74.998 GC heap before
{Heap before GC invocations=69 (full 0):
 garbage-first heap   total 143360K, used 121121K [0x0000000080000000, 0x0000000100000000)
  region size 1024K, 7 young (7168K), 1 survivors (1024K)
 Metaspace       used 116371K, capacity 119419K, committed 119500K, reserved 1153024K
  class space    used 15070K, capacity 16262K, committed 16332K, reserved 1048576K
}
Event: 75.008 GC heap after
{Heap after GC invocations=70 (full 0):
 garbage-first heap   total 143360K, used 109221K [0x0000000080000000, 0x0000000100000000)
  region size 1024K, 1 young (1024K), 1 survivors (1024K)
 Metaspace       used 116371K, capacity 119419K, committed 119500K, reserved 1153024K
  class space    used 15070K, capacity 16262K, committed 16332K, reserved 1048576K
}
Event: 75.779 GC heap before
{Heap before GC invocations=70 (full 0):
 garbage-first heap   total 143360K, used 121509K [0x0000000080000000, 0x0000000100000000)
  region size 1024K, 13 young (13312K), 1 survivors (1024K)
 Metaspace       used 116439K, capacity 119490K, committed 119756K, reserved 1153024K
  class space    used 15074K, capacity 16263K, committed 16332K, reserved 1048576K
}

