# JRE version: OpenJDK Runtime Environment (11.0.10) (build 11.0.10+0-b96-7249189)
# Java VM: OpenJDK 64-Bit Server VM (11.0.10+0-b96-7249189, mixed mode, tiered, compressed oops, g1 gc, windows-amd64)
Heap:
 garbage-first heap   total 558080K, used 182649K [0x0000000080000000, 0x0000000100000000)
  region size 1024K, 3 young (3072K), 3 survivors (3072K)
 Metaspace       used 108489K, capacity 111507K, committed 111744K, reserved 1144832K
  class space    used 14287K, capacity 15414K, committed 15488K, reserved 1048576K
GC Heap History (20 events):
Event: 36.760 GC heap after
{Heap after GC invocations=68 (full 0):
 garbage-first heap   total 144384K, used 127745K [0x0000000080000000, 0x0000000100000000)
  region size 1024K, 1 young (1024K), 1 survivors (1024K)
 Metaspace       used 107187K, capacity 110157K, committed 110464K, reserved 1144832K
  class space    used 14049K, capacity 15193K, committed 15232K, reserved 1048576K
}
Event: 36.809 GC heap before
{Heap before GC invocations=68 (full 0):
 garbage-first heap   total 144384K, used 133889K [0x0000000080000000, 0x0000000100000000)
  region size 1024K, 7 young (7168K), 1 survivors (1024K)
 Metaspace       used 107187K, capacity 110157K, committed 110464K, reserved 1144832K
  class space    used 14049K, capacity 15193K, committed 15232K, reserved 1048576K
}
Event: 36.815 GC heap after
{Heap after GC invocations=69 (full 0):
 garbage-first heap   total 144384K, used 130670K [0x0000000080000000, 0x0000000100000000)
  region size 1024K, 1 young (1024K), 1 survivors (1024K)
 Metaspace       used 107187K, capacity 110157K, committed 110464K, reserved 1144832K
  class space    used 14049K, capacity 15193K, committed 15232K, reserved 1048576K
}
Event: 36.883 GC heap before
{Heap before GC invocations=70 (full 0):
 garbage-first heap   total 144384K, used 135790K [0x0000000080000000, 0x0000000100000000)
  region size 1024K, 7 young (7168K), 1 survivors (1024K)
 Metaspace       used 107188K, capacity 110157K, committed 110464K, reserved 1144832K
  class space    used 14049K, capacity 15193K, committed 15232K, reserved 1048576K
}
Event: 36.891 GC heap after
{Heap after GC invocations=71 (full 0):
 garbage-first heap   total 174080K, used 132883K [0x0000000080000000, 0x0000000100000000)
  region size 1024K, 1 young (1024K), 1 survivors (1024K)
 Metaspace       used 107188K, capacity 110157K, committed 110464K, reserved 1144832K
  class space    used 14049K, capacity 15193K, committed 15232K, reserved 1048576K
}
Event: 37.050 GC heap before
{Heap before GC invocations=71 (full 0):
 garbage-first heap   total 174080K, used 140051K [0x0000000080000000, 0x0000000100000000)
  region size 1024K, 8 young (8192K), 1 survivors (1024K)
 Metaspace       used 108144K, capacity 111146K, committed 111232K, reserved 1144832K
  class space    used 14285K, capacity 15417K, committed 15488K, reserved 1048576K
}
Event: 37.057 GC heap after
{Heap after GC invocations=72 (full 0):
 garbage-first heap   total 174080K, used 136678K [0x0000000080000000, 0x0000000100000000)
  region size 1024K, 1 young (1024K), 1 survivors (1024K)
 Metaspace       used 108144K, capacity 111146K, committed 111232K, reserved 1144832K
  class space    used 14285K, capacity 15417K, committed 15488K, reserved 1048576K
}
Event: 37.216 GC heap before
{Heap before GC invocations=72 (full 0):
 garbage-first heap   total 174080K, used 142822K [0x0000000080000000, 0x0000000100000000)
  region size 1024K, 8 young (8192K), 1 survivors (1024K)
 Metaspace       used 108205K, capacity 111211K, committed 111488K, reserved 1144832K
  class space    used 14285K, capacity 15417K, committed 15488K, reserved 1048576K
}
Event: 37.223 GC heap after
{Heap after GC invocations=73 (full 0):
 garbage-first heap   total 174080K, used 140813K [0x0000000080000000, 0x0000000100000000)
  region size 1024K, 1 young (1024K), 1 survivors (1024K)
 Metaspace       used 108205K, capacity 111211K, committed 111488K, reserved 1144832K
  class space    used 14285K, capacity 15417K, committed 15488K, reserved 1048576K
}
Event: 37.414 GC heap before
{Heap before GC invocations=73 (full 0):
 garbage-first heap   total 174080K, used 147981K [0x0000000080000000, 0x0000000100000000)
  region size 1024K, 8 young (8192K), 1 survivors (1024K)
 Metaspace       used 108286K, capacity 111286K, committed 111488K, reserved 1144832K
  class space    used 14285K, capacity 15417K, committed 15488K, reserved 1048576K
}
Event: 37.421 GC heap after
{Heap after GC invocations=74 (full 0):
 garbage-first heap   total 174080K, used 144973K [0x0000000080000000, 0x0000000100000000)
  region size 1024K, 1 young (1024K), 1 survivors (1024K)
 Metaspace       used 108286K, capacity 111286K, committed 111488K, reserved 1144832K
  class space    used 14285K, capacity 15417K, committed 15488K, reserved 1048576K
}
Event: 37.597 GC heap before
{Heap before GC invocations=75 (full 0):
 garbage-first heap   total 174080K, used 152141K [0x0000000080000000, 0x0000000100000000)
  region size 1024K, 8 young (8192K), 1 survivors (1024K)
 Metaspace       used 108293K, capacity 111286K, committed 111488K, reserved 1144832K
  class space    used 14285K, capacity 15417K, committed 15488K, reserved 1048576K
}
Event: 37.607 GC heap after
{Heap after GC invocations=76 (full 0):
 garbage-first heap   total 246784K, used 149075K [0x0000000080000000, 0x0000000100000000)
  region size 1024K, 1 young (1024K), 1 survivors (1024K)
 Metaspace       used 108293K, capacity 111286K, committed 111488K, reserved 1144832K
  class space    used 14285K, capacity 15417K, committed 15488K, reserved 1048576K
}
Event: 37.788 GC heap before
{Heap before GC invocations=76 (full 0):
 garbage-first heap   total 246784K, used 159315K [0x0000000080000000, 0x0000000100000000)
  region size 1024K, 12 young (12288K), 1 survivors (1024K)
 Metaspace       used 108312K, capacity 111289K, committed 111488K, reserved 1144832K
  class space    used 14285K, capacity 15417K, committed 15488K, reserved 1048576K
}
Event: 37.824 GC heap after
{Heap after GC invocations=77 (full 0):
 garbage-first heap   total 246784K, used 155504K [0x0000000080000000, 0x0000000100000000)
  region size 1024K, 2 young (2048K), 2 survivors (2048K)
 Metaspace       used 108312K, capacity 111289K, committed 111488K, reserved 1144832K
  class space    used 14285K, capacity 15417K, committed 15488K, reserved 1048576K
}
Event: 38.363 GC heap before
{Heap before GC invocations=77 (full 0):
 garbage-first heap   total 246784K, used 179056K [0x0000000080000000, 0x0000000100000000)
  region size 1024K, 25 young (25600K), 2 survivors (2048K)
 Metaspace       used 108319K, capacity 111289K, committed 111488K, reserved 1144832K
  class space    used 14285K, capacity 15417K, committed 15488K, reserved 1048576K
}
Event: 38.414 GC heap after
{Heap after GC invocations=78 (full 0):
 garbage-first heap   total 246784K, used 168449K [0x0000000080000000, 0x0000000100000000)
  region size 1024K, 4 young (4096K), 4 survivors (4096K)
 Metaspace       used 108319K, capacity 111289K, committed 111488K, reserved 1144832K
  class space    used 14285K, capacity 15417K, committed 15488K, reserved 1048576K
}
Event: 39.075 GC heap before
{Heap before GC invocations=79 (full 0):
 garbage-first heap   total 246784K, used 188929K [0x0000000080000000, 0x0000000100000000)
  region size 1024K, 23 young (23552K), 4 survivors (4096K)
 Metaspace       used 108447K, capacity 111428K, committed 111744K, reserved 1144832K
  class space    used 14287K, capacity 15414K, committed 15488K, reserved 1048576K
}
Event: 39.094 GC heap after
{Heap after GC invocations=80 (full 0):
 garbage-first heap   total 246784K, used 179200K [0x0000000080000000, 0x0000000100000000)
  region size 1024K, 3 young (3072K), 3 survivors (3072K)
 Metaspace       used 108447K, capacity 111428K, committed 111744K, reserved 1144832K
  class space    used 14287K, capacity 15414K, committed 15488K, reserved 1048576K
}
Event: 39.178 GC heap before
{Heap before GC invocations=80 (full 0):
 garbage-first heap   total 246784K, used 189440K [0x0000000080000000, 0x0000000100000000)
  region size 1024K, 14 young (14336K), 3 survivors (3072K)
 Metaspace       used 108489K, capacity 111507K, committed 111744K, reserved 1144832K
  class space    used 14287K, capacity 15414K, committed 15488K, reserved 1048576K
}

