# JRE version: OpenJDK Runtime Environment (11.0.10) (build 11.0.10+0-b96-7249189)
# Java VM: OpenJDK 64-Bit Server VM (11.0.10+0-b96-7249189, mixed mode, tiered, compressed oops, g1 gc, windows-amd64)
Heap:
 garbage-first heap   total 638976K, used 207583K [0x0000000080000000, 0x0000000100000000)
  region size 1024K, 13 young (13312K), 13 survivors (13312K)
 Metaspace       used 138101K, capacity 141753K, committed 141824K, reserved 1173504K
  class space    used 17012K, capacity 18389K, committed 18432K, reserved 1048576K
GC Heap History (20 events):
Event: 68.677 GC heap after
{Heap after GC invocations=69 (full 0):
 garbage-first heap   total 206848K, used 164710K [0x0000000080000000, 0x0000000100000000)
  region size 1024K, 2 young (2048K), 2 survivors (2048K)
 Metaspace       used 128976K, capacity 132305K, committed 132480K, reserved 1165312K
  class space    used 16025K, capacity 17274K, committed 17280K, reserved 1048576K
}
Event: 68.883 GC heap before
{Heap before GC invocations=69 (full 0):
 garbage-first heap   total 206848K, used 178022K [0x0000000080000000, 0x0000000100000000)
  region size 1024K, 16 young (16384K), 2 survivors (2048K)
 Metaspace       used 131052K, capacity 134350K, committed 134528K, reserved 1167360K
  class space    used 16200K, capacity 17435K, committed 17536K, reserved 1048576K
}
Event: 68.888 GC heap after
{Heap after GC invocations=70 (full 0):
 garbage-first heap   total 206848K, used 166427K [0x0000000080000000, 0x0000000100000000)
  region size 1024K, 2 young (2048K), 2 survivors (2048K)
 Metaspace       used 131052K, capacity 134350K, committed 134528K, reserved 1167360K
  class space    used 16200K, capacity 17435K, committed 17536K, reserved 1048576K
}
Event: 69.022 GC heap before
{Heap before GC invocations=71 (full 0):
 garbage-first heap   total 206848K, used 178715K [0x0000000080000000, 0x0000000100000000)
  region size 1024K, 15 young (15360K), 2 survivors (2048K)
 Metaspace       used 131718K, capacity 135022K, committed 135296K, reserved 1167360K
  class space    used 16252K, capacity 17467K, committed 17536K, reserved 1048576K
}
Event: 69.028 GC heap after
{Heap after GC invocations=72 (full 0):
 garbage-first heap   total 248832K, used 167368K [0x0000000080000000, 0x0000000100000000)
  region size 1024K, 2 young (2048K), 2 survivors (2048K)
 Metaspace       used 131718K, capacity 135022K, committed 135296K, reserved 1167360K
  class space    used 16252K, capacity 17467K, committed 17536K, reserved 1048576K
}
Event: 69.186 GC heap before
{Heap before GC invocations=72 (full 0):
 garbage-first heap   total 248832K, used 198088K [0x0000000080000000, 0x0000000100000000)
  region size 1024K, 32 young (32768K), 2 survivors (2048K)
 Metaspace       used 132157K, capacity 135438K, committed 135552K, reserved 1167360K
  class space    used 16274K, capacity 17499K, committed 17536K, reserved 1048576K
}
Event: 69.188 GC heap after
{Heap after GC invocations=73 (full 0):
 garbage-first heap   total 248832K, used 167655K [0x0000000080000000, 0x0000000100000000)
  region size 1024K, 2 young (2048K), 2 survivors (2048K)
 Metaspace       used 132157K, capacity 135438K, committed 135552K, reserved 1167360K
  class space    used 16274K, capacity 17499K, committed 17536K, reserved 1048576K
}
Event: 69.416 GC heap before
{Heap before GC invocations=73 (full 0):
 garbage-first heap   total 248832K, used 200423K [0x0000000080000000, 0x0000000100000000)
  region size 1024K, 35 young (35840K), 2 survivors (2048K)
 Metaspace       used 133173K, capacity 136510K, committed 136704K, reserved 1169408K
  class space    used 16374K, capacity 17600K, committed 17664K, reserved 1048576K
}
Event: 69.429 GC heap after
{Heap after GC invocations=74 (full 0):
 garbage-first heap   total 248832K, used 172209K [0x0000000080000000, 0x0000000100000000)
  region size 1024K, 5 young (5120K), 5 survivors (5120K)
 Metaspace       used 133173K, capacity 136510K, committed 136704K, reserved 1169408K
  class space    used 16374K, capacity 17600K, committed 17664K, reserved 1048576K
}
Event: 69.977 GC heap before
{Heap before GC invocations=75 (full 0):
 garbage-first heap   total 248832K, used 186545K [0x0000000080000000, 0x0000000100000000)
  region size 1024K, 36 young (36864K), 5 survivors (5120K)
 Metaspace       used 133837K, capacity 137181K, committed 137344K, reserved 1169408K
  class space    used 16427K, capacity 17674K, committed 17792K, reserved 1048576K
}
Event: 69.984 GC heap after
{Heap after GC invocations=76 (full 0):
 garbage-first heap   total 248832K, used 155422K [0x0000000080000000, 0x0000000100000000)
  region size 1024K, 3 young (3072K), 3 survivors (3072K)
 Metaspace       used 133837K, capacity 137181K, committed 137344K, reserved 1169408K
  class space    used 16427K, capacity 17674K, committed 17792K, reserved 1048576K
}
Event: 70.073 GC heap before
{Heap before GC invocations=76 (full 0):
 garbage-first heap   total 248832K, used 163614K [0x0000000080000000, 0x0000000100000000)
  region size 1024K, 12 young (12288K), 3 survivors (3072K)
 Metaspace       used 133934K, capacity 137272K, committed 137600K, reserved 1169408K
  class space    used 16437K, capacity 17678K, committed 17792K, reserved 1048576K
}
Event: 70.084 GC heap after
{Heap after GC invocations=77 (full 0):
 garbage-first heap   total 360448K, used 138981K [0x0000000080000000, 0x0000000100000000)
  region size 1024K, 1 young (1024K), 1 survivors (1024K)
 Metaspace       used 133934K, capacity 137272K, committed 137600K, reserved 1169408K
  class space    used 16437K, capacity 17678K, committed 17792K, reserved 1048576K
}
Event: 71.274 GC heap before
{Heap before GC invocations=77 (full 0):
 garbage-first heap   total 360448K, used 250597K [0x0000000080000000, 0x0000000100000000)
  region size 1024K, 109 young (111616K), 1 survivors (1024K)
 Metaspace       used 134552K, capacity 137972K, committed 138112K, reserved 1169408K
  class space    used 16492K, capacity 17754K, committed 17792K, reserved 1048576K
}
Event: 71.283 GC heap after
{Heap after GC invocations=78 (full 0):
 garbage-first heap   total 360448K, used 143295K [0x0000000080000000, 0x0000000100000000)
  region size 1024K, 3 young (3072K), 3 survivors (3072K)
 Metaspace       used 134552K, capacity 137972K, committed 138112K, reserved 1169408K
  class space    used 16492K, capacity 17754K, committed 17792K, reserved 1048576K
}
Event: 71.565 GC heap before
{Heap before GC invocations=78 (full 0):
 garbage-first heap   total 360448K, used 269247K [0x0000000080000000, 0x0000000100000000)
  region size 1024K, 126 young (129024K), 3 survivors (3072K)
 Metaspace       used 135504K, capacity 139022K, committed 139136K, reserved 1171456K
  class space    used 16639K, capacity 17938K, committed 18048K, reserved 1048576K
}
Event: 71.604 GC heap after
{Heap after GC invocations=79 (full 0):
 garbage-first heap   total 360448K, used 169068K [0x0000000080000000, 0x0000000100000000)
  region size 1024K, 16 young (16384K), 16 survivors (16384K)
 Metaspace       used 135504K, capacity 139022K, committed 139136K, reserved 1171456K
  class space    used 16639K, capacity 17938K, committed 18048K, reserved 1048576K
}
Event: 71.959 GC heap before
{Heap before GC invocations=79 (full 0):
 garbage-first heap   total 360448K, used 277612K [0x0000000080000000, 0x0000000100000000)
  region size 1024K, 123 young (125952K), 16 survivors (16384K)
 Metaspace       used 136972K, capacity 140567K, committed 140672K, reserved 1171456K
  class space    used 16862K, capacity 18203K, committed 18304K, reserved 1048576K
}
Event: 72.006 GC heap after
{Heap after GC invocations=80 (full 0):
 garbage-first heap   total 360448K, used 188676K [0x0000000080000000, 0x0000000100000000)
  region size 1024K, 16 young (16384K), 16 survivors (16384K)
 Metaspace       used 136972K, capacity 140567K, committed 140672K, reserved 1171456K
  class space    used 16862K, capacity 18203K, committed 18304K, reserved 1048576K
}
Event: 72.245 GC heap before
{Heap before GC invocations=80 (full 0):
 garbage-first heap   total 360448K, used 277764K [0x0000000080000000, 0x0000000100000000)
  region size 1024K, 104 young (106496K), 16 survivors (16384K)
 Metaspace       used 138101K, capacity 141753K, committed 141824K, reserved 1173504K
  class space    used 17012K, capacity 18389K, committed 18432K, reserved 1048576K
}

