# JRE version: OpenJDK Runtime Environment (11.0.10) (build 11.0.10+0-b96-7249189)
# Java VM: OpenJDK 64-Bit Server VM (11.0.10+0-b96-7249189, mixed mode, tiered, compressed oops, g1 gc, windows-amd64)
Heap:
 garbage-first heap   total 892928K, used 255840K [0x0000000080000000, 0x0000000100000000)
  region size 1024K, 11 young (11264K), 11 survivors (11264K)
 Metaspace       used 130085K, capacity 133661K, committed 134016K, reserved 1165312K
  class space    used 16137K, capacity 17414K, committed 17536K, reserved 1048576K
GC Heap History (20 events):
Event: 29.513 GC heap after
{Heap after GC invocations=65 (full 0):
 garbage-first heap   total 248832K, used 141240K [0x0000000080000000, 0x0000000100000000)
  region size 1024K, 2 young (2048K), 2 survivors (2048K)
 Metaspace       used 121621K, capacity 124842K, committed 124928K, reserved 1159168K
  class space    used 14953K, capacity 16094K, committed 16128K, reserved 1048576K
}
Event: 29.536 GC heap before
{Heap before GC invocations=65 (full 0):
 garbage-first heap   total 248832K, used 158648K [0x0000000080000000, 0x0000000100000000)
  region size 1024K, 21 young (21504K), 2 survivors (2048K)
 Metaspace       used 121687K, capacity 124906K, committed 125184K, reserved 1159168K
  class space    used 14960K, capacity 16094K, committed 16128K, reserved 1048576K
}
Event: 29.542 GC heap after
{Heap after GC invocations=66 (full 0):
 garbage-first heap   total 248832K, used 146441K [0x0000000080000000, 0x0000000100000000)
  region size 1024K, 7 young (7168K), 7 survivors (7168K)
 Metaspace       used 121687K, capacity 124906K, committed 125184K, reserved 1159168K
  class space    used 14960K, capacity 16094K, committed 16128K, reserved 1048576K
}
Event: 29.774 GC heap before
{Heap before GC invocations=66 (full 0):
 garbage-first heap   total 248832K, used 194569K [0x0000000080000000, 0x0000000100000000)
  region size 1024K, 53 young (54272K), 7 survivors (7168K)
 Metaspace       used 122672K, capacity 125908K, committed 126080K, reserved 1159168K
  class space    used 15096K, capacity 16242K, committed 16256K, reserved 1048576K
}
Event: 29.784 GC heap after
{Heap after GC invocations=67 (full 0):
 garbage-first heap   total 299008K, used 155688K [0x0000000080000000, 0x0000000100000000)
  region size 1024K, 7 young (7168K), 7 survivors (7168K)
 Metaspace       used 122672K, capacity 125908K, committed 126080K, reserved 1159168K
  class space    used 15096K, capacity 16242K, committed 16256K, reserved 1048576K
}
Event: 30.021 GC heap before
{Heap before GC invocations=68 (full 0):
 garbage-first heap   total 299008K, used 220200K [0x0000000080000000, 0x0000000100000000)
  region size 1024K, 71 young (72704K), 7 survivors (7168K)
 Metaspace       used 123060K, capacity 126333K, committed 126464K, reserved 1159168K
  class space    used 15136K, capacity 16298K, committed 16384K, reserved 1048576K
}
Event: 30.047 GC heap after
{Heap after GC invocations=69 (full 0):
 garbage-first heap   total 299008K, used 171008K [0x0000000080000000, 0x0000000100000000)
  region size 1024K, 9 young (9216K), 9 survivors (9216K)
 Metaspace       used 123060K, capacity 126333K, committed 126464K, reserved 1159168K
  class space    used 15136K, capacity 16298K, committed 16384K, reserved 1048576K
}
Event: 30.210 GC heap before
{Heap before GC invocations=69 (full 0):
 garbage-first heap   total 299008K, used 228352K [0x0000000080000000, 0x0000000100000000)
  region size 1024K, 65 young (66560K), 9 survivors (9216K)
 Metaspace       used 124274K, capacity 127562K, committed 127616K, reserved 1161216K
  class space    used 15319K, capacity 16495K, committed 16512K, reserved 1048576K
}
Event: 30.242 GC heap after
{Heap after GC invocations=70 (full 0):
 garbage-first heap   total 299008K, used 183019K [0x0000000080000000, 0x0000000100000000)
  region size 1024K, 9 young (9216K), 9 survivors (9216K)
 Metaspace       used 124274K, capacity 127562K, committed 127616K, reserved 1161216K
  class space    used 15319K, capacity 16495K, committed 16512K, reserved 1048576K
}
Event: 30.395 GC heap before
{Heap before GC invocations=70 (full 0):
 garbage-first heap   total 299008K, used 235243K [0x0000000080000000, 0x0000000100000000)
  region size 1024K, 60 young (61440K), 9 survivors (9216K)
 Metaspace       used 124917K, capacity 128193K, committed 128512K, reserved 1161216K
  class space    used 15381K, capacity 16550K, committed 16640K, reserved 1048576K
}
Event: 30.420 GC heap after
{Heap after GC invocations=71 (full 0):
 garbage-first heap   total 299008K, used 195346K [0x0000000080000000, 0x0000000100000000)
  region size 1024K, 8 young (8192K), 8 survivors (8192K)
 Metaspace       used 124917K, capacity 128193K, committed 128512K, reserved 1161216K
  class space    used 15381K, capacity 16550K, committed 16640K, reserved 1048576K
}
Event: 30.584 GC heap before
{Heap before GC invocations=71 (full 0):
 garbage-first heap   total 299008K, used 241426K [0x0000000080000000, 0x0000000100000000)
  region size 1024K, 53 young (54272K), 8 survivors (8192K)
 Metaspace       used 125143K, capacity 128444K, committed 128512K, reserved 1161216K
  class space    used 15413K, capacity 16584K, committed 16640K, reserved 1048576K
}
Event: 30.614 GC heap after
{Heap after GC invocations=72 (full 0):
 garbage-first heap   total 590848K, used 205098K [0x0000000080000000, 0x0000000100000000)
  region size 1024K, 7 young (7168K), 7 survivors (7168K)
 Metaspace       used 125143K, capacity 128444K, committed 128512K, reserved 1161216K
  class space    used 15413K, capacity 16584K, committed 16640K, reserved 1048576K
}
Event: 31.440 GC heap before
{Heap before GC invocations=73 (full 0):
 garbage-first heap   total 590848K, used 336170K [0x0000000080000000, 0x0000000100000000)
  region size 1024K, 135 young (138240K), 7 survivors (7168K)
 Metaspace       used 128336K, capacity 131816K, committed 131968K, reserved 1163264K
  class space    used 15966K, capacity 17197K, committed 17280K, reserved 1048576K
}
Event: 31.510 GC heap after
{Heap after GC invocations=74 (full 0):
 garbage-first heap   total 590848K, used 226801K [0x0000000080000000, 0x0000000100000000)
  region size 1024K, 17 young (17408K), 17 survivors (17408K)
 Metaspace       used 128336K, capacity 131816K, committed 131968K, reserved 1163264K
  class space    used 15966K, capacity 17197K, committed 17280K, reserved 1048576K
}
Event: 32.810 GC heap before
{Heap before GC invocations=74 (full 0):
 garbage-first heap   total 590848K, used 382449K [0x0000000080000000, 0x0000000100000000)
  region size 1024K, 169 young (173056K), 17 survivors (17408K)
 Metaspace       used 129785K, capacity 133315K, committed 133632K, reserved 1165312K
  class space    used 16083K, capacity 17340K, committed 17408K, reserved 1048576K
}
Event: 32.855 GC heap after
{Heap after GC invocations=75 (full 0):
 garbage-first heap   total 590848K, used 245724K [0x0000000080000000, 0x0000000100000000)
  region size 1024K, 18 young (18432K), 18 survivors (18432K)
 Metaspace       used 129785K, capacity 133315K, committed 133632K, reserved 1165312K
  class space    used 16083K, capacity 17340K, committed 17408K, reserved 1048576K
}
Event: 33.465 GC heap before
{Heap before GC invocations=75 (full 0):
 garbage-first heap   total 590848K, used 412636K [0x0000000080000000, 0x0000000100000000)
  region size 1024K, 181 young (185344K), 18 survivors (18432K)
 Metaspace       used 129950K, capacity 133498K, committed 133632K, reserved 1165312K
  class space    used 16107K, capacity 17359K, committed 17408K, reserved 1048576K
}
Event: 33.495 GC heap after
{Heap after GC invocations=76 (full 0):
 garbage-first heap   total 590848K, used 254115K [0x0000000080000000, 0x0000000100000000)
  region size 1024K, 9 young (9216K), 9 survivors (9216K)
 Metaspace       used 129950K, capacity 133498K, committed 133632K, reserved 1165312K
  class space    used 16107K, capacity 17359K, committed 17408K, reserved 1048576K
}
Event: 33.972 GC heap before
{Heap before GC invocations=76 (full 0):
 garbage-first heap   total 590848K, used 452771K [0x0000000080000000, 0x0000000100000000)
  region size 1024K, 204 young (208896K), 9 survivors (9216K)
 Metaspace       used 130085K, capacity 133661K, committed 134016K, reserved 1165312K
  class space    used 16137K, capacity 17414K, committed 17536K, reserved 1048576K
}

