# JRE version: OpenJDK Runtime Environment (11.0.10) (build 11.0.10+0-b96-7249189)
# Java VM: OpenJDK 64-Bit Server VM (11.0.10+0-b96-7249189, mixed mode, tiered, compressed oops, g1 gc, windows-amd64)
Heap:
 garbage-first heap   total 593920K, used 190464K [0x0000000080000000, 0x0000000100000000)
  region size 1024K, 7 young (7168K), 7 survivors (7168K)
 Metaspace       used 103235K, capacity 105776K, committed 106112K, reserved 1140736K
  class space    used 13471K, capacity 14420K, committed 14540K, reserved 1048576K
GC Heap History (20 events):
Event: 15.736 GC heap after
{Heap after GC invocations=30 (full 0):
 garbage-first heap   total 172032K, used 104089K [0x0000000080000000, 0x0000000100000000)
  region size 1024K, 7 young (7168K), 7 survivors (7168K)
 Metaspace       used 95548K, capacity 97813K, committed 98176K, reserved 1134592K
  class space    used 12326K, capacity 13136K, committed 13260K, reserved 1048576K
}
Event: 15.830 GC heap before
{Heap before GC invocations=30 (full 0):
 garbage-first heap   total 172032K, used 139929K [0x0000000080000000, 0x0000000100000000)
  region size 1024K, 41 young (41984K), 7 survivors (7168K)
 Metaspace       used 96203K, capacity 98408K, committed 98816K, reserved 1134592K
  class space    used 12411K, capacity 13206K, committed 13388K, reserved 1048576K
}
Event: 15.837 GC heap after
{Heap after GC invocations=31 (full 0):
 garbage-first heap   total 206848K, used 110061K [0x0000000080000000, 0x0000000100000000)
  region size 1024K, 6 young (6144K), 6 survivors (6144K)
 Metaspace       used 96203K, capacity 98408K, committed 98816K, reserved 1134592K
  class space    used 12411K, capacity 13206K, committed 13388K, reserved 1048576K
}
Event: 16.142 GC heap before
{Heap before GC invocations=32 (full 0):
 garbage-first heap   total 206848K, used 154093K [0x0000000080000000, 0x0000000100000000)
  region size 1024K, 50 young (51200K), 6 survivors (6144K)
 Metaspace       used 98660K, capacity 101166K, committed 101248K, reserved 1136640K
  class space    used 12806K, capacity 13703K, committed 13772K, reserved 1048576K
}
Event: 16.157 GC heap after
{Heap after GC invocations=33 (full 0):
 garbage-first heap   total 206848K, used 116729K [0x0000000080000000, 0x0000000100000000)
  region size 1024K, 7 young (7168K), 7 survivors (7168K)
 Metaspace       used 98660K, capacity 101166K, committed 101248K, reserved 1136640K
  class space    used 12806K, capacity 13703K, committed 13772K, reserved 1048576K
}
Event: 16.279 GC heap before
{Heap before GC invocations=33 (full 0):
 garbage-first heap   total 206848K, used 157689K [0x0000000080000000, 0x0000000100000000)
  region size 1024K, 48 young (49152K), 7 survivors (7168K)
 Metaspace       used 98976K, capacity 101501K, committed 101760K, reserved 1136640K
  class space    used 12850K, capacity 13751K, committed 13772K, reserved 1048576K
}
Event: 16.305 GC heap after
{Heap after GC invocations=34 (full 0):
 garbage-first heap   total 206848K, used 128122K [0x0000000080000000, 0x0000000100000000)
  region size 1024K, 6 young (6144K), 6 survivors (6144K)
 Metaspace       used 98976K, capacity 101501K, committed 101760K, reserved 1136640K
  class space    used 12850K, capacity 13751K, committed 13772K, reserved 1048576K
}
Event: 16.478 GC heap before
{Heap before GC invocations=34 (full 0):
 garbage-first heap   total 206848K, used 161914K [0x0000000080000000, 0x0000000100000000)
  region size 1024K, 40 young (40960K), 6 survivors (6144K)
 Metaspace       used 99684K, capacity 102227K, committed 102400K, reserved 1138688K
  class space    used 12949K, capacity 13861K, committed 13900K, reserved 1048576K
}
Event: 16.496 GC heap after
{Heap after GC invocations=35 (full 0):
 garbage-first heap   total 206848K, used 136149K [0x0000000080000000, 0x0000000100000000)
  region size 1024K, 5 young (5120K), 5 survivors (5120K)
 Metaspace       used 99684K, capacity 102227K, committed 102400K, reserved 1138688K
  class space    used 12949K, capacity 13861K, committed 13900K, reserved 1048576K
}
Event: 16.624 GC heap before
{Heap before GC invocations=36 (full 0):
 garbage-first heap   total 206848K, used 166869K [0x0000000080000000, 0x0000000100000000)
  region size 1024K, 35 young (35840K), 5 survivors (5120K)
 Metaspace       used 100143K, capacity 102626K, committed 103040K, reserved 1138688K
  class space    used 12999K, capacity 13887K, committed 14028K, reserved 1048576K
}
Event: 16.639 GC heap after
{Heap after GC invocations=37 (full 0):
 garbage-first heap   total 206848K, used 143360K [0x0000000080000000, 0x0000000100000000)
  region size 1024K, 5 young (5120K), 5 survivors (5120K)
 Metaspace       used 100143K, capacity 102626K, committed 103040K, reserved 1138688K
  class space    used 12999K, capacity 13887K, committed 14028K, reserved 1048576K
}
Event: 16.692 GC heap before
{Heap before GC invocations=37 (full 0):
 garbage-first heap   total 206848K, used 169984K [0x0000000080000000, 0x0000000100000000)
  region size 1024K, 31 young (31744K), 5 survivors (5120K)
 Metaspace       used 100488K, capacity 102938K, committed 103296K, reserved 1138688K
  class space    used 13037K, capacity 13927K, committed 14028K, reserved 1048576K
}
Event: 16.709 GC heap after
{Heap after GC invocations=38 (full 0):
 garbage-first heap   total 296960K, used 150362K [0x0000000080000000, 0x0000000100000000)
  region size 1024K, 4 young (4096K), 4 survivors (4096K)
 Metaspace       used 100488K, capacity 102938K, committed 103296K, reserved 1138688K
  class space    used 13037K, capacity 13927K, committed 14028K, reserved 1048576K
}
Event: 17.028 GC heap before
{Heap before GC invocations=38 (full 0):
 garbage-first heap   total 296960K, used 202586K [0x0000000080000000, 0x0000000100000000)
  region size 1024K, 55 young (56320K), 4 survivors (4096K)
 Metaspace       used 100986K, capacity 103392K, committed 103936K, reserved 1138688K
  class space    used 13072K, capacity 13987K, committed 14156K, reserved 1048576K
}
Event: 17.047 GC heap after
{Heap after GC invocations=39 (full 0):
 garbage-first heap   total 296960K, used 160941K [0x0000000080000000, 0x0000000100000000)
  region size 1024K, 7 young (7168K), 7 survivors (7168K)
 Metaspace       used 100986K, capacity 103392K, committed 103936K, reserved 1138688K
  class space    used 13072K, capacity 13987K, committed 14156K, reserved 1048576K
}
Event: 17.119 GC heap before
{Heap before GC invocations=40 (full 0):
 garbage-first heap   total 296960K, used 212141K [0x0000000080000000, 0x0000000100000000)
  region size 1024K, 57 young (58368K), 7 survivors (7168K)
 Metaspace       used 101622K, capacity 104083K, committed 104576K, reserved 1140736K
  class space    used 13198K, capacity 14108K, committed 14284K, reserved 1048576K
}
Event: 17.138 GC heap after
{Heap after GC invocations=41 (full 0):
 garbage-first heap   total 296960K, used 171340K [0x0000000080000000, 0x0000000100000000)
  region size 1024K, 8 young (8192K), 8 survivors (8192K)
 Metaspace       used 101622K, capacity 104083K, committed 104576K, reserved 1140736K
  class space    used 13198K, capacity 14108K, committed 14284K, reserved 1048576K
}
Event: 17.199 GC heap before
{Heap before GC invocations=41 (full 0):
 garbage-first heap   total 296960K, used 221516K [0x0000000080000000, 0x0000000100000000)
  region size 1024K, 57 young (58368K), 8 survivors (8192K)
 Metaspace       used 102132K, capacity 104592K, committed 104960K, reserved 1140736K
  class space    used 13297K, capacity 14237K, committed 14412K, reserved 1048576K
}
Event: 17.220 GC heap after
{Heap after GC invocations=42 (full 0):
 garbage-first heap   total 296960K, used 180827K [0x0000000080000000, 0x0000000100000000)
  region size 1024K, 8 young (8192K), 8 survivors (8192K)
 Metaspace       used 102132K, capacity 104592K, committed 104960K, reserved 1140736K
  class space    used 13297K, capacity 14237K, committed 14412K, reserved 1048576K
}
Event: 17.347 GC heap before
{Heap before GC invocations=42 (full 0):
 garbage-first heap   total 296960K, used 229979K [0x0000000080000000, 0x0000000100000000)
  region size 1024K, 56 young (57344K), 8 survivors (8192K)
 Metaspace       used 103235K, capacity 105776K, committed 106112K, reserved 1140736K
  class space    used 13471K, capacity 14420K, committed 14540K, reserved 1048576K
}

