# JRE version: OpenJDK Runtime Environment (11.0.10) (build 11.0.10+0-b96-7249189)
# Java VM: OpenJDK 64-Bit Server VM (11.0.10+0-b96-7249189, mixed mode, tiered, compressed oops, g1 gc, windows-amd64)
Heap:
 garbage-first heap   total 267264K, used 152354K [0x0000000080000000, 0x0000000100000000)
  region size 1024K, 1 young (1024K), 1 survivors (1024K)
 Metaspace       used 108295K, capacity 111270K, committed 112076K, reserved 1146880K
  class space    used 14232K, capacity 15317K, committed 15564K, reserved 1048576K
GC Heap History (20 events):
Event: 27.996 GC heap after
{Heap after GC invocations=37 (full 0):
 garbage-first heap   total 143360K, used 107128K [0x0000000080000000, 0x0000000100000000)
  region size 1024K, 3 young (3072K), 3 survivors (3072K)
 Metaspace       used 107356K, capacity 110283K, committed 111180K, reserved 1144832K
  class space    used 14083K, capacity 15163K, committed 15436K, reserved 1048576K
}
Event: 28.143 GC heap before
{Heap before GC invocations=37 (full 0):
 garbage-first heap   total 143360K, used 138872K [0x0000000080000000, 0x0000000100000000)
  region size 1024K, 18 young (18432K), 3 survivors (3072K)
 Metaspace       used 107427K, capacity 110389K, committed 111308K, reserved 1144832K
  class space    used 14090K, capacity 15198K, committed 15564K, reserved 1048576K
}
Event: 28.152 GC heap after
{Heap after GC invocations=38 (full 0):
 garbage-first heap   total 150528K, used 123372K [0x0000000080000000, 0x0000000100000000)
  region size 1024K, 3 young (3072K), 3 survivors (3072K)
 Metaspace       used 107427K, capacity 110389K, committed 111308K, reserved 1144832K
  class space    used 14090K, capacity 15198K, committed 15564K, reserved 1048576K
}
Event: 28.217 GC heap before
{Heap before GC invocations=39 (full 0):
 garbage-first heap   total 150528K, used 130540K [0x0000000080000000, 0x0000000100000000)
  region size 1024K, 9 young (9216K), 3 survivors (3072K)
 Metaspace       used 107471K, capacity 110454K, committed 111308K, reserved 1144832K
  class space    used 14090K, capacity 15198K, committed 15564K, reserved 1048576K
}
Event: 28.226 GC heap after
{Heap after GC invocations=40 (full 0):
 garbage-first heap   total 150528K, used 125802K [0x0000000080000000, 0x0000000100000000)
  region size 1024K, 2 young (2048K), 2 survivors (2048K)
 Metaspace       used 107471K, capacity 110454K, committed 111308K, reserved 1144832K
  class space    used 14090K, capacity 15198K, committed 15564K, reserved 1048576K
}
Event: 28.275 GC heap before
{Heap before GC invocations=40 (full 0):
 garbage-first heap   total 150528K, used 130922K [0x0000000080000000, 0x0000000100000000)
  region size 1024K, 7 young (7168K), 2 survivors (2048K)
 Metaspace       used 107472K, capacity 110454K, committed 111308K, reserved 1144832K
  class space    used 14090K, capacity 15198K, committed 15564K, reserved 1048576K
}
Event: 28.287 GC heap after
{Heap after GC invocations=41 (full 0):
 garbage-first heap   total 150528K, used 125485K [0x0000000080000000, 0x0000000100000000)
  region size 1024K, 1 young (1024K), 1 survivors (1024K)
 Metaspace       used 107472K, capacity 110454K, committed 111308K, reserved 1144832K
  class space    used 14090K, capacity 15198K, committed 15564K, reserved 1048576K
}
Event: 28.321 GC heap before
{Heap before GC invocations=41 (full 0):
 garbage-first heap   total 150528K, used 130605K [0x0000000080000000, 0x0000000100000000)
  region size 1024K, 7 young (7168K), 1 survivors (1024K)
 Metaspace       used 107472K, capacity 110454K, committed 111308K, reserved 1144832K
  class space    used 14090K, capacity 15198K, committed 15564K, reserved 1048576K
}
Event: 28.332 GC heap after
{Heap after GC invocations=42 (full 0):
 garbage-first heap   total 150528K, used 128240K [0x0000000080000000, 0x0000000100000000)
  region size 1024K, 1 young (1024K), 1 survivors (1024K)
 Metaspace       used 107472K, capacity 110454K, committed 111308K, reserved 1144832K
  class space    used 14090K, capacity 15198K, committed 15564K, reserved 1048576K
}
Event: 28.366 GC heap before
{Heap before GC invocations=42 (full 0):
 garbage-first heap   total 150528K, used 134384K [0x0000000080000000, 0x0000000100000000)
  region size 1024K, 7 young (7168K), 1 survivors (1024K)
 Metaspace       used 107472K, capacity 110454K, committed 111308K, reserved 1144832K
  class space    used 14090K, capacity 15198K, committed 15564K, reserved 1048576K
}
Event: 28.373 GC heap after
{Heap after GC invocations=43 (full 0):
 garbage-first heap   total 150528K, used 130623K [0x0000000080000000, 0x0000000100000000)
  region size 1024K, 1 young (1024K), 1 survivors (1024K)
 Metaspace       used 107472K, capacity 110454K, committed 111308K, reserved 1144832K
  class space    used 14090K, capacity 15198K, committed 15564K, reserved 1048576K
}
Event: 28.467 GC heap before
{Heap before GC invocations=43 (full 0):
 garbage-first heap   total 150528K, used 136767K [0x0000000080000000, 0x0000000100000000)
  region size 1024K, 7 young (7168K), 1 survivors (1024K)
 Metaspace       used 108092K, capacity 111066K, committed 111820K, reserved 1144832K
  class space    used 14232K, capacity 15317K, committed 15564K, reserved 1048576K
}
Event: 28.473 GC heap after
{Heap after GC invocations=44 (full 0):
 garbage-first heap   total 181248K, used 134144K [0x0000000080000000, 0x0000000100000000)
  region size 1024K, 1 young (1024K), 1 survivors (1024K)
 Metaspace       used 108092K, capacity 111066K, committed 111820K, reserved 1144832K
  class space    used 14232K, capacity 15317K, committed 15564K, reserved 1048576K
}
Event: 28.665 GC heap before
{Heap before GC invocations=45 (full 0):
 garbage-first heap   total 181248K, used 146432K [0x0000000080000000, 0x0000000100000000)
  region size 1024K, 14 young (14336K), 1 survivors (1024K)
 Metaspace       used 108243K, capacity 111201K, committed 111820K, reserved 1144832K
  class space    used 14232K, capacity 15317K, committed 15564K, reserved 1048576K
}
Event: 28.675 GC heap after
{Heap after GC invocations=46 (full 0):
 garbage-first heap   total 181248K, used 141424K [0x0000000080000000, 0x0000000100000000)
  region size 1024K, 2 young (2048K), 2 survivors (2048K)
 Metaspace       used 108243K, capacity 111201K, committed 111820K, reserved 1144832K
  class space    used 14232K, capacity 15317K, committed 15564K, reserved 1048576K
}
Event: 28.719 GC heap before
{Heap before GC invocations=46 (full 0):
 garbage-first heap   total 181248K, used 147568K [0x0000000080000000, 0x0000000100000000)
  region size 1024K, 8 young (8192K), 2 survivors (2048K)
 Metaspace       used 108266K, capacity 111204K, committed 111820K, reserved 1144832K
  class space    used 14232K, capacity 15317K, committed 15564K, reserved 1048576K
}
Event: 28.726 GC heap after
{Heap after GC invocations=47 (full 0):
 garbage-first heap   total 181248K, used 143997K [0x0000000080000000, 0x0000000100000000)
  region size 1024K, 1 young (1024K), 1 survivors (1024K)
 Metaspace       used 108266K, capacity 111204K, committed 111820K, reserved 1144832K
  class space    used 14232K, capacity 15317K, committed 15564K, reserved 1048576K
}
Event: 28.777 GC heap before
{Heap before GC invocations=47 (full 0):
 garbage-first heap   total 181248K, used 151165K [0x0000000080000000, 0x0000000100000000)
  region size 1024K, 9 young (9216K), 1 survivors (1024K)
 Metaspace       used 108271K, capacity 111204K, committed 111820K, reserved 1144832K
  class space    used 14232K, capacity 15317K, committed 15564K, reserved 1048576K
}
Event: 28.785 GC heap after
{Heap after GC invocations=48 (full 0):
 garbage-first heap   total 181248K, used 148987K [0x0000000080000000, 0x0000000100000000)
  region size 1024K, 2 young (2048K), 2 survivors (2048K)
 Metaspace       used 108271K, capacity 111204K, committed 111820K, reserved 1144832K
  class space    used 14232K, capacity 15317K, committed 15564K, reserved 1048576K
}
Event: 28.845 GC heap before
{Heap before GC invocations=48 (full 0):
 garbage-first heap   total 181248K, used 155131K [0x0000000080000000, 0x0000000100000000)
  region size 1024K, 8 young (8192K), 2 survivors (2048K)
 Metaspace       used 108295K, capacity 111270K, committed 112076K, reserved 1146880K
  class space    used 14232K, capacity 15317K, committed 15564K, reserved 1048576K
}

