# JRE version: OpenJDK Runtime Environment (11.0.10) (build 11.0.10+0-b96-7249189)
# Java VM: OpenJDK 64-Bit Server VM (11.0.10+0-b96-7249189, mixed mode, tiered, compressed oops, g1 gc, windows-amd64)
Heap:
 garbage-first heap   total 1053696K, used 276480K [0x0000000080000000, 0x0000000100000000)
  region size 1024K, 11 young (11264K), 11 survivors (11264K)
 Metaspace       used 159609K, capacity 164013K, committed 164224K, reserved 1191936K
  class space    used 20187K, capacity 21794K, committed 21888K, reserved 1048576K
GC Heap History (20 events):
Event: 106.795 GC heap after
{Heap after GC invocations=87 (full 0):
 garbage-first heap   total 248832K, used 185816K [0x0000000080000000, 0x0000000100000000)
  region size 1024K, 4 young (4096K), 4 survivors (4096K)
 Metaspace       used 154202K, capacity 158528K, committed 158720K, reserved 1187840K
  class space    used 19345K, capacity 20903K, committed 20992K, reserved 1048576K
}
Event: 106.910 GC heap before
{Heap before GC invocations=87 (full 0):
 garbage-first heap   total 248832K, used 207320K [0x0000000080000000, 0x0000000100000000)
  region size 1024K, 26 young (26624K), 4 survivors (4096K)
 Metaspace       used 154226K, capacity 158529K, committed 158720K, reserved 1187840K
  class space    used 19346K, capacity 20903K, committed 20992K, reserved 1048576K
}
Event: 106.922 GC heap after
{Heap after GC invocations=88 (full 0):
 garbage-first heap   total 248832K, used 192638K [0x0000000080000000, 0x0000000100000000)
  region size 1024K, 4 young (4096K), 4 survivors (4096K)
 Metaspace       used 154226K, capacity 158529K, committed 158720K, reserved 1187840K
  class space    used 19346K, capacity 20903K, committed 20992K, reserved 1048576K
}
Event: 106.991 GC heap before
{Heap before GC invocations=88 (full 0):
 garbage-first heap   total 248832K, used 209022K [0x0000000080000000, 0x0000000100000000)
  region size 1024K, 21 young (21504K), 4 survivors (4096K)
 Metaspace       used 154353K, capacity 158722K, committed 158976K, reserved 1187840K
  class space    used 19366K, capacity 20946K, committed 20992K, reserved 1048576K
}
Event: 107.002 GC heap after
{Heap after GC invocations=89 (full 0):
 garbage-first heap   total 248832K, used 198499K [0x0000000080000000, 0x0000000100000000)
  region size 1024K, 3 young (3072K), 3 survivors (3072K)
 Metaspace       used 154353K, capacity 158722K, committed 158976K, reserved 1187840K
  class space    used 19366K, capacity 20946K, committed 20992K, reserved 1048576K
}
Event: 107.073 GC heap before
{Heap before GC invocations=89 (full 0):
 garbage-first heap   total 248832K, used 212835K [0x0000000080000000, 0x0000000100000000)
  region size 1024K, 18 young (18432K), 3 survivors (3072K)
 Metaspace       used 154386K, capacity 158606K, committed 158976K, reserved 1187840K
  class space    used 19346K, capacity 20877K, committed 20992K, reserved 1048576K
}
Event: 107.086 GC heap after
{Heap after GC invocations=90 (full 0):
 garbage-first heap   total 248832K, used 202736K [0x0000000080000000, 0x0000000100000000)
  region size 1024K, 3 young (3072K), 3 survivors (3072K)
 Metaspace       used 154386K, capacity 158606K, committed 158976K, reserved 1187840K
  class space    used 19346K, capacity 20877K, committed 20992K, reserved 1048576K
}
Event: 107.114 GC heap before
{Heap before GC invocations=90 (full 0):
 garbage-first heap   total 248832K, used 212976K [0x0000000080000000, 0x0000000100000000)
  region size 1024K, 14 young (14336K), 3 survivors (3072K)
 Metaspace       used 154503K, capacity 158770K, committed 159232K, reserved 1187840K
  class space    used 19361K, capacity 20910K, committed 20992K, reserved 1048576K
}
Event: 107.124 GC heap after
{Heap after GC invocations=91 (full 0):
 garbage-first heap   total 248832K, used 205294K [0x0000000080000000, 0x0000000100000000)
  region size 1024K, 2 young (2048K), 2 survivors (2048K)
 Metaspace       used 154503K, capacity 158770K, committed 159232K, reserved 1187840K
  class space    used 19361K, capacity 20910K, committed 20992K, reserved 1048576K
}
Event: 107.150 GC heap before
{Heap before GC invocations=91 (full 0):
 garbage-first heap   total 248832K, used 214510K [0x0000000080000000, 0x0000000100000000)
  region size 1024K, 12 young (12288K), 2 survivors (2048K)
 Metaspace       used 154608K, capacity 158842K, committed 159232K, reserved 1187840K
  class space    used 19374K, capacity 20912K, committed 20992K, reserved 1048576K
}
Event: 107.159 GC heap after
{Heap after GC invocations=92 (full 0):
 garbage-first heap   total 248832K, used 208041K [0x0000000080000000, 0x0000000100000000)
  region size 1024K, 2 young (2048K), 2 survivors (2048K)
 Metaspace       used 154608K, capacity 158842K, committed 159232K, reserved 1187840K
  class space    used 19374K, capacity 20912K, committed 20992K, reserved 1048576K
}
Event: 107.187 GC heap before
{Heap before GC invocations=92 (full 0):
 garbage-first heap   total 248832K, used 218281K [0x0000000080000000, 0x0000000100000000)
  region size 1024K, 12 young (12288K), 2 survivors (2048K)
 Metaspace       used 154674K, capacity 158942K, committed 159360K, reserved 1187840K
  class space    used 19386K, capacity 20945K, committed 21120K, reserved 1048576K
}
Event: 107.201 GC heap after
{Heap after GC invocations=93 (full 0):
 garbage-first heap   total 433152K, used 211141K [0x0000000080000000, 0x0000000100000000)
  region size 1024K, 2 young (2048K), 2 survivors (2048K)
 Metaspace       used 154674K, capacity 158942K, committed 159360K, reserved 1187840K
  class space    used 19386K, capacity 20945K, committed 21120K, reserved 1048576K
}
Event: 107.503 GC heap before
{Heap before GC invocations=94 (full 0):
 garbage-first heap   total 433152K, used 305349K [0x0000000080000000, 0x0000000100000000)
  region size 1024K, 94 young (96256K), 2 survivors (2048K)
 Metaspace       used 156012K, capacity 160308K, committed 160512K, reserved 1187840K
  class space    used 19569K, capacity 21146K, committed 21248K, reserved 1048576K
}
Event: 107.531 GC heap after
{Heap after GC invocations=95 (full 0):
 garbage-first heap   total 433152K, used 230604K [0x0000000080000000, 0x0000000100000000)
  region size 1024K, 12 young (12288K), 12 survivors (12288K)
 Metaspace       used 156012K, capacity 160308K, committed 160512K, reserved 1187840K
  class space    used 19569K, capacity 21146K, committed 21248K, reserved 1048576K
}
Event: 107.714 GC heap before
{Heap before GC invocations=95 (full 0):
 garbage-first heap   total 433152K, used 318668K [0x0000000080000000, 0x0000000100000000)
  region size 1024K, 98 young (100352K), 12 survivors (12288K)
 Metaspace       used 157169K, capacity 161529K, committed 161664K, reserved 1189888K
  class space    used 19774K, capacity 21357K, committed 21376K, reserved 1048576K
}
Event: 107.762 GC heap after
{Heap after GC invocations=96 (full 0):
 garbage-first heap   total 433152K, used 246784K [0x0000000080000000, 0x0000000100000000)
  region size 1024K, 13 young (13312K), 13 survivors (13312K)
 Metaspace       used 157169K, capacity 161529K, committed 161664K, reserved 1189888K
  class space    used 19774K, capacity 21357K, committed 21376K, reserved 1048576K
}
Event: 108.011 GC heap before
{Heap before GC invocations=96 (full 0):
 garbage-first heap   total 433152K, used 330752K [0x0000000080000000, 0x0000000100000000)
  region size 1024K, 95 young (97280K), 13 survivors (13312K)
 Metaspace       used 157258K, capacity 161625K, committed 161792K, reserved 1189888K
  class space    used 19798K, capacity 21389K, committed 21504K, reserved 1048576K
}
Event: 108.044 GC heap after
{Heap after GC invocations=97 (full 0):
 garbage-first heap   total 433152K, used 263472K [0x0000000080000000, 0x0000000100000000)
  region size 1024K, 12 young (12288K), 12 survivors (12288K)
 Metaspace       used 157258K, capacity 161625K, committed 161792K, reserved 1189888K
  class space    used 19798K, capacity 21389K, committed 21504K, reserved 1048576K
}
Event: 108.547 GC heap before
{Heap before GC invocations=98 (full 0):
 garbage-first heap   total 433152K, used 339248K [0x0000000080000000, 0x0000000100000000)
  region size 1024K, 87 young (89088K), 12 survivors (12288K)
 Metaspace       used 159609K, capacity 164013K, committed 164224K, reserved 1191936K
  class space    used 20187K, capacity 21794K, committed 21888K, reserved 1048576K
}

