# JRE version: OpenJDK Runtime Environment (11.0.10) (build 11.0.10+0-b96-7249189)
# Java VM: OpenJDK 64-Bit Server VM (11.0.10+0-b96-7249189, mixed mode, tiered, compressed oops, g1 gc, windows-amd64)
Heap:
 garbage-first heap   total 143360K, used 81774K [0x0000000080000000, 0x0000000100000000)
  region size 1024K, 20 young (20480K), 4 survivors (4096K)
 Metaspace       used 80754K, capacity 82504K, committed 82892K, reserved 1120256K
  class space    used 10424K, capacity 11079K, committed 11212K, reserved 1048576K
GC Heap History (20 events):
Event: 10.703 GC heap before
{Heap before GC invocations=14 (full 0):
 garbage-first heap   total 98304K, used 77628K [0x0000000080000000, 0x0000000100000000)
  region size 1024K, 33 young (33792K), 5 survivors (5120K)
 Metaspace       used 54447K, capacity 55934K, committed 56140K, reserved 1097728K
  class space    used 6907K, capacity 7415K, committed 7500K, reserved 1048576K
}
Event: 10.708 GC heap after
{Heap after GC invocations=15 (full 0):
 garbage-first heap   total 98304K, used 50061K [0x0000000080000000, 0x0000000100000000)
  region size 1024K, 2 young (2048K), 2 survivors (2048K)
 Metaspace       used 54447K, capacity 55934K, committed 56140K, reserved 1097728K
  class space    used 6907K, capacity 7415K, committed 7500K, reserved 1048576K
}
Event: 11.319 GC heap before
{Heap before GC invocations=16 (full 0):
 garbage-first heap   total 98304K, used 78733K [0x0000000080000000, 0x0000000100000000)
  region size 1024K, 30 young (30720K), 2 survivors (2048K)
 Metaspace       used 58977K, capacity 60434K, committed 60492K, reserved 1101824K
  class space    used 7453K, capacity 7994K, committed 8012K, reserved 1048576K
}
Event: 11.322 GC heap after
{Heap after GC invocations=17 (full 0):
 garbage-first heap   total 98304K, used 51287K [0x0000000080000000, 0x0000000100000000)
  region size 1024K, 3 young (3072K), 3 survivors (3072K)
 Metaspace       used 58977K, capacity 60434K, committed 60492K, reserved 1101824K
  class space    used 7453K, capacity 7994K, committed 8012K, reserved 1048576K
}
Event: 11.796 GC heap before
{Heap before GC invocations=17 (full 0):
 garbage-first heap   total 98304K, used 78935K [0x0000000080000000, 0x0000000100000000)
  region size 1024K, 31 young (31744K), 3 survivors (3072K)
 Metaspace       used 61954K, capacity 63478K, committed 63692K, reserved 1103872K
  class space    used 7796K, capacity 8321K, committed 8396K, reserved 1048576K
}
Event: 11.805 GC heap after
{Heap after GC invocations=18 (full 0):
 garbage-first heap   total 98304K, used 54253K [0x0000000080000000, 0x0000000100000000)
  region size 1024K, 4 young (4096K), 4 survivors (4096K)
 Metaspace       used 61954K, capacity 63478K, committed 63692K, reserved 1103872K
  class space    used 7796K, capacity 8321K, committed 8396K, reserved 1048576K
}
Event: 12.109 GC heap before
{Heap before GC invocations=19 (full 0):
 garbage-first heap   total 98304K, used 70637K [0x0000000080000000, 0x0000000100000000)
  region size 1024K, 21 young (21504K), 4 survivors (4096K)
 Metaspace       used 63462K, capacity 65000K, committed 65228K, reserved 1105920K
  class space    used 7997K, capacity 8526K, committed 8652K, reserved 1048576K
}
Event: 12.117 GC heap after
{Heap after GC invocations=20 (full 0):
 garbage-first heap   total 98304K, used 56036K [0x0000000080000000, 0x0000000100000000)
  region size 1024K, 2 young (2048K), 2 survivors (2048K)
 Metaspace       used 63462K, capacity 65000K, committed 65228K, reserved 1105920K
  class space    used 7997K, capacity 8526K, committed 8652K, reserved 1048576K
}
Event: 12.635 GC heap before
{Heap before GC invocations=21 (full 0):
 garbage-first heap   total 98304K, used 77540K [0x0000000080000000, 0x0000000100000000)
  region size 1024K, 22 young (22528K), 2 survivors (2048K)
 Metaspace       used 65466K, capacity 66992K, committed 67276K, reserved 1107968K
  class space    used 8260K, capacity 8781K, committed 8908K, reserved 1048576K
}
Event: 12.640 GC heap after
{Heap after GC invocations=22 (full 0):
 garbage-first heap   total 118784K, used 56155K [0x0000000080000000, 0x0000000100000000)
  region size 1024K, 2 young (2048K), 2 survivors (2048K)
 Metaspace       used 65466K, capacity 66992K, committed 67276K, reserved 1107968K
  class space    used 8260K, capacity 8781K, committed 8908K, reserved 1048576K
}
Event: 13.106 GC heap before
{Heap before GC invocations=22 (full 0):
 garbage-first heap   total 118784K, used 85851K [0x0000000080000000, 0x0000000100000000)
  region size 1024K, 31 young (31744K), 2 survivors (2048K)
 Metaspace       used 66811K, capacity 68382K, committed 68684K, reserved 1110016K
  class space    used 8424K, capacity 8983K, committed 9036K, reserved 1048576K
}
Event: 13.115 GC heap after
{Heap after GC invocations=23 (full 0):
 garbage-first heap   total 118784K, used 58890K [0x0000000080000000, 0x0000000100000000)
  region size 1024K, 4 young (4096K), 4 survivors (4096K)
 Metaspace       used 66811K, capacity 68382K, committed 68684K, reserved 1110016K
  class space    used 8424K, capacity 8983K, committed 9036K, reserved 1048576K
}
Event: 13.658 GC heap before
{Heap before GC invocations=24 (full 0):
 garbage-first heap   total 118784K, used 88586K [0x0000000080000000, 0x0000000100000000)
  region size 1024K, 33 young (33792K), 4 survivors (4096K)
 Metaspace       used 69131K, capacity 70726K, committed 70988K, reserved 1112064K
  class space    used 8718K, capacity 9273K, committed 9292K, reserved 1048576K
}
Event: 13.664 GC heap after
{Heap after GC invocations=25 (full 0):
 garbage-first heap   total 118784K, used 61139K [0x0000000080000000, 0x0000000100000000)
  region size 1024K, 3 young (3072K), 3 survivors (3072K)
 Metaspace       used 69131K, capacity 70726K, committed 70988K, reserved 1112064K
  class space    used 8718K, capacity 9273K, committed 9292K, reserved 1048576K
}
Event: 14.242 GC heap before
{Heap before GC invocations=25 (full 0):
 garbage-first heap   total 118784K, used 89811K [0x0000000080000000, 0x0000000100000000)
  region size 1024K, 31 young (31744K), 3 survivors (3072K)
 Metaspace       used 72547K, capacity 74203K, committed 74444K, reserved 1114112K
  class space    used 9296K, capacity 9875K, committed 9932K, reserved 1048576K
}
Event: 14.249 GC heap after
{Heap after GC invocations=26 (full 0):
 garbage-first heap   total 118784K, used 62760K [0x0000000080000000, 0x0000000100000000)
  region size 1024K, 4 young (4096K), 4 survivors (4096K)
 Metaspace       used 72547K, capacity 74203K, committed 74444K, reserved 1114112K
  class space    used 9296K, capacity 9875K, committed 9932K, reserved 1048576K
}
Event: 15.005 GC heap before
{Heap before GC invocations=27 (full 0):
 garbage-first heap   total 118784K, used 92456K [0x0000000080000000, 0x0000000100000000)
  region size 1024K, 33 young (33792K), 4 survivors (4096K)
 Metaspace       used 76128K, capacity 77888K, committed 78028K, reserved 1116160K
  class space    used 9755K, capacity 10388K, committed 10444K, reserved 1048576K
}
Event: 15.011 GC heap after
{Heap after GC invocations=28 (full 0):
 garbage-first heap   total 118784K, used 64872K [0x0000000080000000, 0x0000000100000000)
  region size 1024K, 4 young (4096K), 4 survivors (4096K)
 Metaspace       used 76128K, capacity 77888K, committed 78028K, reserved 1116160K
  class space    used 9755K, capacity 10388K, committed 10444K, reserved 1048576K
}
Event: 15.532 GC heap before
{Heap before GC invocations=28 (full 0):
 garbage-first heap   total 118784K, used 94568K [0x0000000080000000, 0x0000000100000000)
  region size 1024K, 33 young (33792K), 4 survivors (4096K)
 Metaspace       used 79414K, capacity 81179K, committed 81356K, reserved 1120256K
  class space    used 10243K, capacity 10899K, committed 10956K, reserved 1048576K
}
Event: 15.545 GC heap after
{Heap after GC invocations=29 (full 0):
 garbage-first heap   total 143360K, used 66414K [0x0000000080000000, 0x0000000100000000)
  region size 1024K, 4 young (4096K), 4 survivors (4096K)
 Metaspace       used 79414K, capacity 81179K, committed 81356K, reserved 1120256K
  class space    used 10243K, capacity 10899K, committed 10956K, reserved 1048576K
}

